2023-08-03 13:25:46,592 INFO org.springframework.boot.StartupInfoLogger [main] Starting ShareItTests using Java 18.0.2 on DESKTOP-HBQA1DH with PID 6820 (started by Aser in C:\Users\Aser\dev\java-shareit\shareIt-gateway)
2023-08-03 13:25:46,593 INFO org.springframework.boot.SpringApplication [main] The following 1 profile is active: "test"
2023-08-03 13:25:46,598 INFO org.hibernate.validator.internal.util.Version [background-preinit] HV000001: Hibernate Validator 6.2.5.Final
2023-08-03 13:25:48,296 INFO org.springframework.boot.actuate.endpoint.web.EndpointLinksResolver [main] Exposing 1 endpoint(s) beneath base path '/actuator'
2023-08-03 13:25:48,342 INFO org.springframework.boot.StartupInfoLogger [main] Started ShareItTests in 2.023 seconds (JVM running for 3.209)
2023-08-03 13:26:02,620 INFO org.springframework.boot.StartupInfoLogger [main] Starting BookingControllerTest using Java 18.0.2 on DESKTOP-HBQA1DH with PID 14064 (started by Aser in C:\Users\Aser\dev\java-shareit\shareIt-gateway)
2023-08-03 13:26:02,621 INFO org.hibernate.validator.internal.util.Version [background-preinit] HV000001: Hibernate Validator 6.2.5.Final
2023-08-03 13:26:02,622 INFO org.springframework.boot.SpringApplication [main] The following 1 profile is active: "test"
2023-08-03 13:26:03,839 INFO org.springframework.mock.web.MockServletContext [main] Initializing Spring TestDispatcherServlet ''
2023-08-03 13:26:03,840 INFO org.springframework.web.servlet.FrameworkServlet [main] Initializing Servlet ''
2023-08-03 13:26:03,841 INFO org.springframework.web.servlet.FrameworkServlet [main] Completed initialization in 1 ms
2023-08-03 13:26:03,863 INFO org.springframework.boot.StartupInfoLogger [main] Started BookingControllerTest in 1.537 seconds (JVM running for 2.338)
2023-08-03 13:26:04,037 INFO ru.practicum.shareit.ErrorHandler [main] Validation failed for field: end. Error message: must be a future date
2023-08-03 13:26:04,039 INFO ru.practicum.shareit.ErrorHandler [main] Validation failed for field: validDateOrder. Error message: End date must be after start date and dates cannot be equal
2023-08-03 13:26:04,141 INFO ru.practicum.shareit.ErrorHandler [main] Validation failed for field: itemId. Error message: must not be null
2023-08-03 13:26:04,157 INFO ru.practicum.shareit.ErrorHandler [main] Validation failed for field: size. Error message: must be greater than 0
2023-08-03 13:26:04,173 INFO ru.practicum.shareit.ErrorHandler [main] Validation failed for field: userId. Error message: must be greater than 0
2023-08-03 13:26:04,184 INFO ru.practicum.shareit.ErrorHandler [main] Validation failed for field: validDateOrder. Error message: End date must be after start date and dates cannot be equal
2023-08-03 13:26:04,184 INFO ru.practicum.shareit.ErrorHandler [main] Validation failed for field: end. Error message: must not be null
2023-08-03 13:26:04,184 INFO ru.practicum.shareit.ErrorHandler [main] Validation failed for field: start. Error message: must not be null
2023-08-03 13:26:04,184 INFO ru.practicum.shareit.ErrorHandler [main] Validation failed for field: itemId. Error message: must not be null
2023-08-03 13:26:04,190 INFO ru.practicum.shareit.ErrorHandler [main] Validation failed for field: from. Error message: must be greater than or equal to 0
2023-08-03 13:26:04,197 INFO ru.practicum.shareit.ErrorHandler [main] Validation failed for field: start. Error message: must be a date in the present or in the future
2023-08-03 13:26:04,202 INFO ru.practicum.shareit.ErrorHandler [main] Malformed JSON Request: Required request body is missing: public org.springframework.http.ResponseEntity<java.lang.Object> ru.practicum.shareit.booking.BookingController.createBooking(java.lang.Long,ru.practicum.shareit.booking.dto.BookingDto)
2023-08-03 13:26:04,208 INFO ru.practicum.shareit.ErrorHandler [main] Validation failed for field: size. Error message: must be greater than 0
2023-08-03 13:26:04,213 INFO ru.practicum.shareit.ErrorHandler [main] Validation failed for field: from. Error message: must be greater than or equal to 0
2023-08-03 13:26:04,220 INFO ru.practicum.shareit.ErrorHandler [main] Method argument type mismatch: Failed to convert value of type 'java.lang.String' to required type 'java.lang.Long'; nested exception is java.lang.NumberFormatException: For input string: "1L"
2023-08-03 13:26:04,232 INFO ru.practicum.shareit.ErrorHandler [main] Validation failed for field: userId. Error message: must be greater than 0
2023-08-03 13:26:04,238 INFO ru.practicum.shareit.ErrorHandler [main] Bad booking state: Unknown state: alll
2023-08-03 13:26:04,245 INFO ru.practicum.shareit.booking.BookingController [main] Get booking with state ALL, userId=1, from=0, size=20
2023-08-03 13:26:04,256 INFO ru.practicum.shareit.ErrorHandler [main] Validation failed for field: bookingId. Error message: must be greater than 0
2023-08-03 13:26:04,262 INFO ru.practicum.shareit.ErrorHandler [main] Validation failed for field: userId. Error message: must be greater than 0
2023-08-03 13:26:04,268 INFO ru.practicum.shareit.booking.BookingController [main] Get booking with state ALL, userId=1, from=0, size=20
2023-08-03 13:26:04,275 INFO ru.practicum.shareit.ErrorHandler [main] Validation failed for field: userId. Error message: must be greater than 0
2023-08-03 13:26:04,280 INFO ru.practicum.shareit.ErrorHandler [main] Method argument type mismatch: Failed to convert value of type 'java.lang.String' to required type 'java.lang.Boolean'; nested exception is java.lang.IllegalArgumentException: Invalid boolean value [null]
2023-08-03 13:26:04,286 INFO ru.practicum.shareit.booking.BookingController [main] Get booking with state ALL, userId=1, from=0, size=20
2023-08-03 13:42:32,516 INFO org.hibernate.validator.internal.util.Version [background-preinit] HV000001: Hibernate Validator 6.2.5.Final
2023-08-03 13:42:32,519 INFO org.springframework.boot.StartupInfoLogger [main] Starting BookingControllerTest using Java 18.0.2 on DESKTOP-HBQA1DH with PID 6152 (started by Aser in C:\Users\Aser\dev\java-shareit\shareIt-gateway)
2023-08-03 13:42:32,520 INFO org.springframework.boot.SpringApplication [main] The following 1 profile is active: "test"
2023-08-03 13:42:33,810 INFO org.springframework.mock.web.MockServletContext [main] Initializing Spring TestDispatcherServlet ''
2023-08-03 13:42:33,811 INFO org.springframework.web.servlet.FrameworkServlet [main] Initializing Servlet ''
2023-08-03 13:42:33,812 INFO org.springframework.web.servlet.FrameworkServlet [main] Completed initialization in 1 ms
2023-08-03 13:42:33,840 INFO org.springframework.boot.StartupInfoLogger [main] Started BookingControllerTest in 1.656 seconds (JVM running for 2.754)
2023-08-03 13:42:34,029 INFO ru.practicum.shareit.ErrorHandler [main] Validation failed for field: end. Error message: must be a future date
2023-08-03 13:42:34,030 INFO ru.practicum.shareit.ErrorHandler [main] Validation failed for field: validDateOrder. Error message: End date must be after start date and dates cannot be equal
2023-08-03 13:42:34,131 INFO ru.practicum.shareit.ErrorHandler [main] Validation failed for field: itemId. Error message: must not be null
2023-08-03 13:42:34,143 INFO ru.practicum.shareit.ErrorHandler [main] Validation failed for field: size. Error message: must be greater than 0
2023-08-03 13:42:34,161 INFO ru.practicum.shareit.ErrorHandler [main] Validation failed for field: userId. Error message: must be greater than 0
2023-08-03 13:42:34,171 INFO ru.practicum.shareit.ErrorHandler [main] Validation failed for field: validDateOrder. Error message: End date must be after start date and dates cannot be equal
2023-08-03 13:42:34,171 INFO ru.practicum.shareit.ErrorHandler [main] Validation failed for field: end. Error message: must not be null
2023-08-03 13:42:34,171 INFO ru.practicum.shareit.ErrorHandler [main] Validation failed for field: start. Error message: must not be null
2023-08-03 13:42:34,171 INFO ru.practicum.shareit.ErrorHandler [main] Validation failed for field: itemId. Error message: must not be null
2023-08-03 13:42:34,178 INFO ru.practicum.shareit.ErrorHandler [main] Validation failed for field: from. Error message: must be greater than or equal to 0
2023-08-03 13:42:34,185 INFO ru.practicum.shareit.ErrorHandler [main] Validation failed for field: start. Error message: must be a date in the present or in the future
2023-08-03 13:42:34,193 INFO ru.practicum.shareit.ErrorHandler [main] Malformed JSON Request: Required request body is missing: public org.springframework.http.ResponseEntity<java.lang.Object> ru.practicum.shareit.booking.BookingController.createBooking(java.lang.Long,ru.practicum.shareit.booking.dto.BookingDto)
2023-08-03 13:42:34,199 INFO ru.practicum.shareit.ErrorHandler [main] Validation failed for field: size. Error message: must be greater than 0
2023-08-03 13:42:34,205 INFO ru.practicum.shareit.ErrorHandler [main] Validation failed for field: from. Error message: must be greater than or equal to 0
2023-08-03 13:42:34,210 INFO ru.practicum.shareit.ErrorHandler [main] Method argument type mismatch: Failed to convert value of type 'java.lang.String' to required type 'java.lang.Long'; nested exception is java.lang.NumberFormatException: For input string: "1L"
2023-08-03 13:42:34,222 INFO ru.practicum.shareit.ErrorHandler [main] Validation failed for field: userId. Error message: must be greater than 0
2023-08-03 13:42:34,228 INFO ru.practicum.shareit.ErrorHandler [main] Bad booking state: Unknown state: alll
2023-08-03 13:42:34,235 INFO ru.practicum.shareit.booking.BookingController [main] Get booking with state ALL, userId=1, from=0, size=20
2023-08-03 13:42:34,243 INFO ru.practicum.shareit.ErrorHandler [main] Validation failed for field: bookingId. Error message: must be greater than 0
2023-08-03 13:42:34,251 INFO ru.practicum.shareit.ErrorHandler [main] Validation failed for field: userId. Error message: must be greater than 0
2023-08-03 13:42:34,259 INFO ru.practicum.shareit.booking.BookingController [main] Get booking with state ALL, userId=1, from=0, size=20
2023-08-03 13:42:34,268 INFO ru.practicum.shareit.ErrorHandler [main] Validation failed for field: userId. Error message: must be greater than 0
2023-08-03 13:42:34,276 INFO ru.practicum.shareit.ErrorHandler [main] Method argument type mismatch: Failed to convert value of type 'java.lang.String' to required type 'java.lang.Boolean'; nested exception is java.lang.IllegalArgumentException: Invalid boolean value [null]
2023-08-03 13:42:34,283 INFO ru.practicum.shareit.booking.BookingController [main] Get booking with state ALL, userId=1, from=0, size=20
2023-08-03 13:42:34,294 INFO org.springframework.test.context.support.AbstractTestContextBootstrapper [main] Neither @ContextConfiguration nor @ContextHierarchy found for test class [ru.practicum.shareit.booking.dto.BookingDtoJsonTest], using SpringBootContextLoader
2023-08-03 13:42:34,295 INFO org.springframework.test.context.support.AbstractContextLoader [main] Could not detect default resource locations for test class [ru.practicum.shareit.booking.dto.BookingDtoJsonTest]: no resource found for suffixes {-context.xml, Context.groovy}.
2023-08-03 13:42:34,296 INFO org.springframework.test.context.support.AnnotationConfigContextLoaderUtils [main] Could not detect default configuration classes for test class [ru.practicum.shareit.booking.dto.BookingDtoJsonTest]: BookingDtoJsonTest does not declare any static, non-private, non-final, nested classes annotated with @Configuration.
2023-08-03 13:42:34,316 INFO org.springframework.boot.test.context.SpringBootTestContextBootstrapper [main] Found @SpringBootConfiguration ru.practicum.shareit.ShareItGateway for test class ru.practicum.shareit.booking.dto.BookingDtoJsonTest
2023-08-03 13:42:34,317 INFO org.springframework.test.context.support.AbstractTestContextBootstrapper [main] Loaded default TestExecutionListener class names from location [META-INF/spring.factories]: [org.springframework.boot.test.mock.mockito.MockitoTestExecutionListener, org.springframework.boot.test.mock.mockito.ResetMocksTestExecutionListener, org.springframework.boot.test.autoconfigure.restdocs.RestDocsTestExecutionListener, org.springframework.boot.test.autoconfigure.web.client.MockRestServiceServerResetTestExecutionListener, org.springframework.boot.test.autoconfigure.web.servlet.MockMvcPrintOnlyOnFailureTestExecutionListener, org.springframework.boot.test.autoconfigure.web.servlet.WebDriverTestExecutionListener, org.springframework.boot.test.autoconfigure.webservices.client.MockWebServiceServerTestExecutionListener, org.springframework.test.context.web.ServletTestExecutionListener, org.springframework.test.context.support.DirtiesContextBeforeModesTestExecutionListener, org.springframework.test.context.event.ApplicationEventsTestExecutionListener, org.springframework.test.context.support.DependencyInjectionTestExecutionListener, org.springframework.test.context.support.DirtiesContextTestExecutionListener, org.springframework.test.context.transaction.TransactionalTestExecutionListener, org.springframework.test.context.jdbc.SqlScriptsTestExecutionListener, org.springframework.test.context.event.EventPublishingTestExecutionListener]
2023-08-03 13:42:34,319 INFO org.springframework.test.context.support.AbstractTestContextBootstrapper [main] Using TestExecutionListeners: [org.springframework.test.context.web.ServletTestExecutionListener@1f26b992, org.springframework.test.context.support.DirtiesContextBeforeModesTestExecutionListener@2f60cbf2, org.springframework.test.context.event.ApplicationEventsTestExecutionListener@631bc9f4, org.springframework.boot.test.mock.mockito.MockitoTestExecutionListener@642c72cf, org.springframework.boot.test.autoconfigure.SpringBootDependencyInjectionTestExecutionListener@4e6cbdf1, org.springframework.test.context.support.DirtiesContextTestExecutionListener@67fac095, org.springframework.test.context.event.EventPublishingTestExecutionListener@5a13f1f7, org.springframework.boot.test.mock.mockito.ResetMocksTestExecutionListener@5dae5a70, org.springframework.boot.test.autoconfigure.restdocs.RestDocsTestExecutionListener@7686f701, org.springframework.boot.test.autoconfigure.web.client.MockRestServiceServerResetTestExecutionListener@47c96f2c, org.springframework.boot.test.autoconfigure.web.servlet.MockMvcPrintOnlyOnFailureTestExecutionListener@210a26b, org.springframework.boot.test.autoconfigure.web.servlet.WebDriverTestExecutionListener@2dc21583, org.springframework.boot.test.autoconfigure.webservices.client.MockWebServiceServerTestExecutionListener@6cbdd1c5]
2023-08-03 13:42:34,358 INFO org.springframework.boot.StartupInfoLogger [main] Starting BookingDtoJsonTest using Java 18.0.2 on DESKTOP-HBQA1DH with PID 6152 (started by Aser in C:\Users\Aser\dev\java-shareit\shareIt-gateway)
2023-08-03 13:42:34,358 INFO org.springframework.boot.SpringApplication [main] The following 1 profile is active: "test"
2023-08-03 13:42:34,454 INFO org.springframework.boot.StartupInfoLogger [main] Started BookingDtoJsonTest in 0.13 seconds (JVM running for 3.369)
2023-08-03 13:42:34,528 INFO org.springframework.test.context.support.AbstractTestContextBootstrapper [main] Neither @ContextConfiguration nor @ContextHierarchy found for test class [ru.practicum.shareit.item.dto.CommentDtoJsonTest], using SpringBootContextLoader
2023-08-03 13:42:34,529 INFO org.springframework.test.context.support.AbstractContextLoader [main] Could not detect default resource locations for test class [ru.practicum.shareit.item.dto.CommentDtoJsonTest]: no resource found for suffixes {-context.xml, Context.groovy}.
2023-08-03 13:42:34,529 INFO org.springframework.test.context.support.AnnotationConfigContextLoaderUtils [main] Could not detect default configuration classes for test class [ru.practicum.shareit.item.dto.CommentDtoJsonTest]: CommentDtoJsonTest does not declare any static, non-private, non-final, nested classes annotated with @Configuration.
2023-08-03 13:42:34,547 INFO org.springframework.boot.test.context.SpringBootTestContextBootstrapper [main] Found @SpringBootConfiguration ru.practicum.shareit.ShareItGateway for test class ru.practicum.shareit.item.dto.CommentDtoJsonTest
2023-08-03 13:42:34,548 INFO org.springframework.test.context.support.AbstractTestContextBootstrapper [main] Loaded default TestExecutionListener class names from location [META-INF/spring.factories]: [org.springframework.boot.test.mock.mockito.MockitoTestExecutionListener, org.springframework.boot.test.mock.mockito.ResetMocksTestExecutionListener, org.springframework.boot.test.autoconfigure.restdocs.RestDocsTestExecutionListener, org.springframework.boot.test.autoconfigure.web.client.MockRestServiceServerResetTestExecutionListener, org.springframework.boot.test.autoconfigure.web.servlet.MockMvcPrintOnlyOnFailureTestExecutionListener, org.springframework.boot.test.autoconfigure.web.servlet.WebDriverTestExecutionListener, org.springframework.boot.test.autoconfigure.webservices.client.MockWebServiceServerTestExecutionListener, org.springframework.test.context.web.ServletTestExecutionListener, org.springframework.test.context.support.DirtiesContextBeforeModesTestExecutionListener, org.springframework.test.context.event.ApplicationEventsTestExecutionListener, org.springframework.test.context.support.DependencyInjectionTestExecutionListener, org.springframework.test.context.support.DirtiesContextTestExecutionListener, org.springframework.test.context.transaction.TransactionalTestExecutionListener, org.springframework.test.context.jdbc.SqlScriptsTestExecutionListener, org.springframework.test.context.event.EventPublishingTestExecutionListener]
2023-08-03 13:42:34,550 INFO org.springframework.test.context.support.AbstractTestContextBootstrapper [main] Using TestExecutionListeners: [org.springframework.test.context.web.ServletTestExecutionListener@20faaf77, org.springframework.test.context.support.DirtiesContextBeforeModesTestExecutionListener@7440265c, org.springframework.test.context.event.ApplicationEventsTestExecutionListener@1d8be7b9, org.springframework.boot.test.mock.mockito.MockitoTestExecutionListener@48277712, org.springframework.boot.test.autoconfigure.SpringBootDependencyInjectionTestExecutionListener@3d53e876, org.springframework.test.context.support.DirtiesContextTestExecutionListener@48d44b46, org.springframework.test.context.event.EventPublishingTestExecutionListener@aa0dbca, org.springframework.boot.test.mock.mockito.ResetMocksTestExecutionListener@794cb26b, org.springframework.boot.test.autoconfigure.restdocs.RestDocsTestExecutionListener@5b7ee56c, org.springframework.boot.test.autoconfigure.web.client.MockRestServiceServerResetTestExecutionListener@311a0b3e, org.springframework.boot.test.autoconfigure.web.servlet.MockMvcPrintOnlyOnFailureTestExecutionListener@3de8f85c, org.springframework.boot.test.autoconfigure.web.servlet.WebDriverTestExecutionListener@21abda60, org.springframework.boot.test.autoconfigure.webservices.client.MockWebServiceServerTestExecutionListener@dd20ebc]
2023-08-03 13:42:34,560 INFO org.springframework.test.context.support.AbstractTestContextBootstrapper [main] Neither @ContextConfiguration nor @ContextHierarchy found for test class [ru.practicum.shareit.item.dto.ItemDtoJsonTest], using SpringBootContextLoader
2023-08-03 13:42:34,561 INFO org.springframework.test.context.support.AbstractContextLoader [main] Could not detect default resource locations for test class [ru.practicum.shareit.item.dto.ItemDtoJsonTest]: no resource found for suffixes {-context.xml, Context.groovy}.
2023-08-03 13:42:34,561 INFO org.springframework.test.context.support.AnnotationConfigContextLoaderUtils [main] Could not detect default configuration classes for test class [ru.practicum.shareit.item.dto.ItemDtoJsonTest]: ItemDtoJsonTest does not declare any static, non-private, non-final, nested classes annotated with @Configuration.
2023-08-03 13:42:34,565 INFO org.springframework.boot.test.context.SpringBootTestContextBootstrapper [main] Found @SpringBootConfiguration ru.practicum.shareit.ShareItGateway for test class ru.practicum.shareit.item.dto.ItemDtoJsonTest
2023-08-03 13:42:34,565 INFO org.springframework.test.context.support.AbstractTestContextBootstrapper [main] Loaded default TestExecutionListener class names from location [META-INF/spring.factories]: [org.springframework.boot.test.mock.mockito.MockitoTestExecutionListener, org.springframework.boot.test.mock.mockito.ResetMocksTestExecutionListener, org.springframework.boot.test.autoconfigure.restdocs.RestDocsTestExecutionListener, org.springframework.boot.test.autoconfigure.web.client.MockRestServiceServerResetTestExecutionListener, org.springframework.boot.test.autoconfigure.web.servlet.MockMvcPrintOnlyOnFailureTestExecutionListener, org.springframework.boot.test.autoconfigure.web.servlet.WebDriverTestExecutionListener, org.springframework.boot.test.autoconfigure.webservices.client.MockWebServiceServerTestExecutionListener, org.springframework.test.context.web.ServletTestExecutionListener, org.springframework.test.context.support.DirtiesContextBeforeModesTestExecutionListener, org.springframework.test.context.event.ApplicationEventsTestExecutionListener, org.springframework.test.context.support.DependencyInjectionTestExecutionListener, org.springframework.test.context.support.DirtiesContextTestExecutionListener, org.springframework.test.context.transaction.TransactionalTestExecutionListener, org.springframework.test.context.jdbc.SqlScriptsTestExecutionListener, org.springframework.test.context.event.EventPublishingTestExecutionListener]
2023-08-03 13:42:34,567 INFO org.springframework.test.context.support.AbstractTestContextBootstrapper [main] Using TestExecutionListeners: [org.springframework.test.context.web.ServletTestExecutionListener@78bad03b, org.springframework.test.context.support.DirtiesContextBeforeModesTestExecutionListener@26101efc, org.springframework.test.context.event.ApplicationEventsTestExecutionListener@4e2109fe, org.springframework.boot.test.mock.mockito.MockitoTestExecutionListener@18dac12f, org.springframework.boot.test.autoconfigure.SpringBootDependencyInjectionTestExecutionListener@36cfe107, org.springframework.test.context.support.DirtiesContextTestExecutionListener@100eeedc, org.springframework.test.context.event.EventPublishingTestExecutionListener@56266bda, org.springframework.boot.test.mock.mockito.ResetMocksTestExecutionListener@18bb1b88, org.springframework.boot.test.autoconfigure.restdocs.RestDocsTestExecutionListener@51b51641, org.springframework.boot.test.autoconfigure.web.client.MockRestServiceServerResetTestExecutionListener@362a6aa5, org.springframework.boot.test.autoconfigure.web.servlet.MockMvcPrintOnlyOnFailureTestExecutionListener@53b7bf01, org.springframework.boot.test.autoconfigure.web.servlet.WebDriverTestExecutionListener@139089a4, org.springframework.boot.test.autoconfigure.webservices.client.MockWebServiceServerTestExecutionListener@6a6e9289]
2023-08-03 13:42:34,583 INFO org.springframework.test.context.support.AbstractTestContextBootstrapper [main] Neither @ContextConfiguration nor @ContextHierarchy found for test class [ru.practicum.shareit.item.dto.ShortItemDtoJsonTest], using SpringBootContextLoader
2023-08-03 13:42:34,584 INFO org.springframework.test.context.support.AbstractContextLoader [main] Could not detect default resource locations for test class [ru.practicum.shareit.item.dto.ShortItemDtoJsonTest]: no resource found for suffixes {-context.xml, Context.groovy}.
2023-08-03 13:42:34,584 INFO org.springframework.test.context.support.AnnotationConfigContextLoaderUtils [main] Could not detect default configuration classes for test class [ru.practicum.shareit.item.dto.ShortItemDtoJsonTest]: ShortItemDtoJsonTest does not declare any static, non-private, non-final, nested classes annotated with @Configuration.
2023-08-03 13:42:34,588 INFO org.springframework.boot.test.context.SpringBootTestContextBootstrapper [main] Found @SpringBootConfiguration ru.practicum.shareit.ShareItGateway for test class ru.practicum.shareit.item.dto.ShortItemDtoJsonTest
2023-08-03 13:42:34,588 INFO org.springframework.test.context.support.AbstractTestContextBootstrapper [main] Loaded default TestExecutionListener class names from location [META-INF/spring.factories]: [org.springframework.boot.test.mock.mockito.MockitoTestExecutionListener, org.springframework.boot.test.mock.mockito.ResetMocksTestExecutionListener, org.springframework.boot.test.autoconfigure.restdocs.RestDocsTestExecutionListener, org.springframework.boot.test.autoconfigure.web.client.MockRestServiceServerResetTestExecutionListener, org.springframework.boot.test.autoconfigure.web.servlet.MockMvcPrintOnlyOnFailureTestExecutionListener, org.springframework.boot.test.autoconfigure.web.servlet.WebDriverTestExecutionListener, org.springframework.boot.test.autoconfigure.webservices.client.MockWebServiceServerTestExecutionListener, org.springframework.test.context.web.ServletTestExecutionListener, org.springframework.test.context.support.DirtiesContextBeforeModesTestExecutionListener, org.springframework.test.context.event.ApplicationEventsTestExecutionListener, org.springframework.test.context.support.DependencyInjectionTestExecutionListener, org.springframework.test.context.support.DirtiesContextTestExecutionListener, org.springframework.test.context.transaction.TransactionalTestExecutionListener, org.springframework.test.context.jdbc.SqlScriptsTestExecutionListener, org.springframework.test.context.event.EventPublishingTestExecutionListener]
2023-08-03 13:42:34,589 INFO org.springframework.test.context.support.AbstractTestContextBootstrapper [main] Using TestExecutionListeners: [org.springframework.test.context.web.ServletTestExecutionListener@6de84336, org.springframework.test.context.support.DirtiesContextBeforeModesTestExecutionListener@627bcd7e, org.springframework.test.context.event.ApplicationEventsTestExecutionListener@70543cae, org.springframework.boot.test.mock.mockito.MockitoTestExecutionListener@350567f1, org.springframework.boot.test.autoconfigure.SpringBootDependencyInjectionTestExecutionListener@1a5b7394, org.springframework.test.context.support.DirtiesContextTestExecutionListener@26f75d9c, org.springframework.test.context.event.EventPublishingTestExecutionListener@7717b4a0, org.springframework.boot.test.mock.mockito.ResetMocksTestExecutionListener@69b37f5c, org.springframework.boot.test.autoconfigure.restdocs.RestDocsTestExecutionListener@28b5662d, org.springframework.boot.test.autoconfigure.web.client.MockRestServiceServerResetTestExecutionListener@34b2d51a, org.springframework.boot.test.autoconfigure.web.servlet.MockMvcPrintOnlyOnFailureTestExecutionListener@7e4ac598, org.springframework.boot.test.autoconfigure.web.servlet.WebDriverTestExecutionListener@cf10c92, org.springframework.boot.test.autoconfigure.webservices.client.MockWebServiceServerTestExecutionListener@f76872f]
2023-08-03 13:42:34,605 INFO org.springframework.test.context.support.AbstractTestContextBootstrapper [main] Neither @ContextConfiguration nor @ContextHierarchy found for test class [ru.practicum.shareit.item.ItemControllerTest], using SpringBootContextLoader
2023-08-03 13:42:34,606 INFO org.springframework.test.context.support.AbstractContextLoader [main] Could not detect default resource locations for test class [ru.practicum.shareit.item.ItemControllerTest]: no resource found for suffixes {-context.xml, Context.groovy}.
2023-08-03 13:42:34,607 INFO org.springframework.test.context.support.AnnotationConfigContextLoaderUtils [main] Could not detect default configuration classes for test class [ru.practicum.shareit.item.ItemControllerTest]: ItemControllerTest does not declare any static, non-private, non-final, nested classes annotated with @Configuration.
2023-08-03 13:42:34,616 INFO org.springframework.boot.test.context.SpringBootTestContextBootstrapper [main] Found @SpringBootConfiguration ru.practicum.shareit.ShareItGateway for test class ru.practicum.shareit.item.ItemControllerTest
2023-08-03 13:42:34,617 INFO org.springframework.test.context.support.AbstractTestContextBootstrapper [main] Loaded default TestExecutionListener class names from location [META-INF/spring.factories]: [org.springframework.boot.test.mock.mockito.MockitoTestExecutionListener, org.springframework.boot.test.mock.mockito.ResetMocksTestExecutionListener, org.springframework.boot.test.autoconfigure.restdocs.RestDocsTestExecutionListener, org.springframework.boot.test.autoconfigure.web.client.MockRestServiceServerResetTestExecutionListener, org.springframework.boot.test.autoconfigure.web.servlet.MockMvcPrintOnlyOnFailureTestExecutionListener, org.springframework.boot.test.autoconfigure.web.servlet.WebDriverTestExecutionListener, org.springframework.boot.test.autoconfigure.webservices.client.MockWebServiceServerTestExecutionListener, org.springframework.test.context.web.ServletTestExecutionListener, org.springframework.test.context.support.DirtiesContextBeforeModesTestExecutionListener, org.springframework.test.context.event.ApplicationEventsTestExecutionListener, org.springframework.test.context.support.DependencyInjectionTestExecutionListener, org.springframework.test.context.support.DirtiesContextTestExecutionListener, org.springframework.test.context.transaction.TransactionalTestExecutionListener, org.springframework.test.context.jdbc.SqlScriptsTestExecutionListener, org.springframework.test.context.event.EventPublishingTestExecutionListener]
2023-08-03 13:42:34,618 INFO org.springframework.test.context.support.AbstractTestContextBootstrapper [main] Using TestExecutionListeners: [org.springframework.test.context.web.ServletTestExecutionListener@38fb151a, org.springframework.test.context.support.DirtiesContextBeforeModesTestExecutionListener@152e7703, org.springframework.test.context.event.ApplicationEventsTestExecutionListener@1b60d324, org.springframework.boot.test.mock.mockito.MockitoTestExecutionListener@182e4365, org.springframework.boot.test.autoconfigure.SpringBootDependencyInjectionTestExecutionListener@789dd6bf, org.springframework.test.context.support.DirtiesContextTestExecutionListener@1e6d30c0, org.springframework.test.context.event.EventPublishingTestExecutionListener@38929da, org.springframework.boot.test.mock.mockito.ResetMocksTestExecutionListener@69d667a5, org.springframework.boot.test.autoconfigure.restdocs.RestDocsTestExecutionListener@7fe87c0e, org.springframework.boot.test.autoconfigure.web.client.MockRestServiceServerResetTestExecutionListener@8f4b803, org.springframework.boot.test.autoconfigure.web.servlet.MockMvcPrintOnlyOnFailureTestExecutionListener@42f9873e, org.springframework.boot.test.autoconfigure.web.servlet.WebDriverTestExecutionListener@18483b8b, org.springframework.boot.test.autoconfigure.webservices.client.MockWebServiceServerTestExecutionListener@24fc2c80]
2023-08-03 13:42:34,637 INFO org.springframework.boot.StartupInfoLogger [main] Starting ItemControllerTest using Java 18.0.2 on DESKTOP-HBQA1DH with PID 6152 (started by Aser in C:\Users\Aser\dev\java-shareit\shareIt-gateway)
2023-08-03 13:42:34,637 INFO org.springframework.boot.SpringApplication [main] The following 1 profile is active: "test"
2023-08-03 13:42:34,968 INFO org.springframework.mock.web.MockServletContext [main] Initializing Spring TestDispatcherServlet ''
2023-08-03 13:42:34,968 INFO org.springframework.web.servlet.FrameworkServlet [main] Initializing Servlet ''
2023-08-03 13:42:34,969 INFO org.springframework.web.servlet.FrameworkServlet [main] Completed initialization in 1 ms
2023-08-03 13:42:34,977 INFO org.springframework.boot.StartupInfoLogger [main] Started ItemControllerTest in 0.356 seconds (JVM running for 3.891)
2023-08-03 13:42:34,984 INFO ru.practicum.shareit.ErrorHandler [main] Method argument type mismatch: Failed to convert value of type 'java.lang.String' to required type 'java.lang.Long'; nested exception is java.lang.NumberFormatException: For input string: "1L"
2023-08-03 13:42:35,008 INFO ru.practicum.shareit.item.ItemController [main] Request on add ItemDto(id=0, name=Drel, description=Дрель ударная, available=true, requestId=null), user id: 1
2023-08-03 13:42:35,020 INFO ru.practicum.shareit.ErrorHandler [main] Validation failed for field: size. Error message: must be greater than 0
2023-08-03 13:42:35,026 INFO ru.practicum.shareit.ErrorHandler [main] Validation failed for field: size. Error message: must be greater than 0
2023-08-03 13:42:35,036 INFO ru.practicum.shareit.item.ItemController [main] Request on add comment super puper, item id: 1, user id: 1
2023-08-03 13:42:35,042 INFO ru.practicum.shareit.ErrorHandler [main] Validation failed for field: userId. Error message: must be greater than 0
2023-08-03 13:42:35,047 INFO ru.practicum.shareit.item.ItemController [main] Request on get all for user id: 1
2023-08-03 13:42:35,052 INFO ru.practicum.shareit.ErrorHandler [main] Validation failed for field: userId. Error message: must be greater than 0
2023-08-03 13:42:35,058 INFO ru.practicum.shareit.ErrorHandler [main] Missing request header: Required request header 'X-Sharer-User-Id' for method parameter type Long is not present
2023-08-03 13:42:35,062 INFO ru.practicum.shareit.ErrorHandler [main] Malformed JSON Request: Required request body is missing: public org.springframework.http.ResponseEntity<java.lang.Object> ru.practicum.shareit.item.ItemController.add(java.lang.Long,ru.practicum.shareit.item.dto.ItemDto)
2023-08-03 13:42:35,068 INFO ru.practicum.shareit.ErrorHandler [main] Validation failed for field: name. Error message: Name can't blank
2023-08-03 13:42:35,072 INFO ru.practicum.shareit.ErrorHandler [main] Malformed JSON Request: Required request body is missing: public org.springframework.http.ResponseEntity<java.lang.Object> ru.practicum.shareit.item.ItemController.edit(java.lang.Long,java.lang.Long,ru.practicum.shareit.item.dto.ItemDto)
2023-08-03 13:42:35,077 INFO ru.practicum.shareit.ErrorHandler [main] Validation failed for field: text. Error message: must not be blank
2023-08-03 13:42:35,081 INFO ru.practicum.shareit.ErrorHandler [main] Validation failed for field: from. Error message: must be greater than or equal to 0
2023-08-03 13:42:35,086 INFO ru.practicum.shareit.ErrorHandler [main] Validation failed for field: itemId. Error message: must be greater than 0
2023-08-03 13:42:35,090 INFO ru.practicum.shareit.item.ItemController [main] Request on edit item id: 1, ItemDto(id=0, name=Drel, description=Дрель ударная, available=true, requestId=null), user id: 1
2023-08-03 13:42:35,095 INFO ru.practicum.shareit.item.ItemController [main] Request from user ID: 1 on get item. ID: 1
2023-08-03 13:42:35,100 INFO ru.practicum.shareit.ErrorHandler [main] Validation failed for field: from. Error message: must be greater than or equal to 0
2023-08-03 13:42:35,105 INFO ru.practicum.shareit.ErrorHandler [main] Validation failed for field: text. Error message: must not be blank
2023-08-03 13:42:35,109 INFO ru.practicum.shareit.item.ItemController [main] Request on search text:  
2023-08-03 13:42:35,114 INFO ru.practicum.shareit.ErrorHandler [main] Validation failed for field: text. Error message: must not be blank
2023-08-03 13:42:35,118 INFO ru.practicum.shareit.ErrorHandler [main] Validation failed for field: available. Error message: Available should be specified
2023-08-03 13:42:35,122 INFO ru.practicum.shareit.ErrorHandler [main] Validation failed for field: userId. Error message: must be greater than 0
2023-08-03 13:42:35,126 INFO ru.practicum.shareit.item.ItemController [main] Request on search text: search
2023-08-03 13:42:35,129 INFO ru.practicum.shareit.ErrorHandler [main] Method argument type mismatch: Failed to convert value of type 'java.lang.String' to required type 'java.lang.Long'; nested exception is java.lang.NumberFormatException: For input string: "1L"
2023-08-03 13:42:35,133 INFO ru.practicum.shareit.ErrorHandler [main] Validation failed for field: available. Error message: Available should be specified
2023-08-03 13:42:35,133 INFO ru.practicum.shareit.ErrorHandler [main] Validation failed for field: description. Error message: Description can't blank
2023-08-03 13:42:35,137 INFO ru.practicum.shareit.ErrorHandler [main] Validation failed for field: userId. Error message: must be greater than 0
2023-08-03 13:42:35,141 INFO ru.practicum.shareit.ErrorHandler [main] Validation failed for field: description. Error message: Description can't blank
2023-08-03 13:42:35,144 INFO org.springframework.test.context.support.AbstractTestContextBootstrapper [main] Neither @ContextConfiguration nor @ContextHierarchy found for test class [ru.practicum.shareit.request.dto.RequestDtoJsonTest], using SpringBootContextLoader
2023-08-03 13:42:35,144 INFO org.springframework.test.context.support.AbstractContextLoader [main] Could not detect default resource locations for test class [ru.practicum.shareit.request.dto.RequestDtoJsonTest]: no resource found for suffixes {-context.xml, Context.groovy}.
2023-08-03 13:42:35,145 INFO org.springframework.test.context.support.AnnotationConfigContextLoaderUtils [main] Could not detect default configuration classes for test class [ru.practicum.shareit.request.dto.RequestDtoJsonTest]: RequestDtoJsonTest does not declare any static, non-private, non-final, nested classes annotated with @Configuration.
2023-08-03 13:42:35,153 INFO org.springframework.boot.test.context.SpringBootTestContextBootstrapper [main] Found @SpringBootConfiguration ru.practicum.shareit.ShareItGateway for test class ru.practicum.shareit.request.dto.RequestDtoJsonTest
2023-08-03 13:42:35,154 INFO org.springframework.test.context.support.AbstractTestContextBootstrapper [main] Loaded default TestExecutionListener class names from location [META-INF/spring.factories]: [org.springframework.boot.test.mock.mockito.MockitoTestExecutionListener, org.springframework.boot.test.mock.mockito.ResetMocksTestExecutionListener, org.springframework.boot.test.autoconfigure.restdocs.RestDocsTestExecutionListener, org.springframework.boot.test.autoconfigure.web.client.MockRestServiceServerResetTestExecutionListener, org.springframework.boot.test.autoconfigure.web.servlet.MockMvcPrintOnlyOnFailureTestExecutionListener, org.springframework.boot.test.autoconfigure.web.servlet.WebDriverTestExecutionListener, org.springframework.boot.test.autoconfigure.webservices.client.MockWebServiceServerTestExecutionListener, org.springframework.test.context.web.ServletTestExecutionListener, org.springframework.test.context.support.DirtiesContextBeforeModesTestExecutionListener, org.springframework.test.context.event.ApplicationEventsTestExecutionListener, org.springframework.test.context.support.DependencyInjectionTestExecutionListener, org.springframework.test.context.support.DirtiesContextTestExecutionListener, org.springframework.test.context.transaction.TransactionalTestExecutionListener, org.springframework.test.context.jdbc.SqlScriptsTestExecutionListener, org.springframework.test.context.event.EventPublishingTestExecutionListener]
2023-08-03 13:42:35,155 INFO org.springframework.test.context.support.AbstractTestContextBootstrapper [main] Using TestExecutionListeners: [org.springframework.test.context.web.ServletTestExecutionListener@351ede23, org.springframework.test.context.support.DirtiesContextBeforeModesTestExecutionListener@5604b85, org.springframework.test.context.event.ApplicationEventsTestExecutionListener@5df7a065, org.springframework.boot.test.mock.mockito.MockitoTestExecutionListener@3f45dfec, org.springframework.boot.test.autoconfigure.SpringBootDependencyInjectionTestExecutionListener@7c69e1e1, org.springframework.test.context.support.DirtiesContextTestExecutionListener@7b52b18a, org.springframework.test.context.event.EventPublishingTestExecutionListener@1bc6c20d, org.springframework.boot.test.mock.mockito.ResetMocksTestExecutionListener@aedc426, org.springframework.boot.test.autoconfigure.restdocs.RestDocsTestExecutionListener@39b85a73, org.springframework.boot.test.autoconfigure.web.client.MockRestServiceServerResetTestExecutionListener@5788722f, org.springframework.boot.test.autoconfigure.web.servlet.MockMvcPrintOnlyOnFailureTestExecutionListener@7a730479, org.springframework.boot.test.autoconfigure.web.servlet.WebDriverTestExecutionListener@1e5b33e5, org.springframework.boot.test.autoconfigure.webservices.client.MockWebServiceServerTestExecutionListener@654b899f]
2023-08-03 13:42:35,174 INFO org.springframework.test.context.support.AbstractTestContextBootstrapper [main] Neither @ContextConfiguration nor @ContextHierarchy found for test class [ru.practicum.shareit.request.RequestControllerTest], using SpringBootContextLoader
2023-08-03 13:42:35,175 INFO org.springframework.test.context.support.AbstractContextLoader [main] Could not detect default resource locations for test class [ru.practicum.shareit.request.RequestControllerTest]: no resource found for suffixes {-context.xml, Context.groovy}.
2023-08-03 13:42:35,175 INFO org.springframework.test.context.support.AnnotationConfigContextLoaderUtils [main] Could not detect default configuration classes for test class [ru.practicum.shareit.request.RequestControllerTest]: RequestControllerTest does not declare any static, non-private, non-final, nested classes annotated with @Configuration.
2023-08-03 13:42:35,186 INFO org.springframework.boot.test.context.SpringBootTestContextBootstrapper [main] Found @SpringBootConfiguration ru.practicum.shareit.ShareItGateway for test class ru.practicum.shareit.request.RequestControllerTest
2023-08-03 13:42:35,187 INFO org.springframework.test.context.support.AbstractTestContextBootstrapper [main] Loaded default TestExecutionListener class names from location [META-INF/spring.factories]: [org.springframework.boot.test.mock.mockito.MockitoTestExecutionListener, org.springframework.boot.test.mock.mockito.ResetMocksTestExecutionListener, org.springframework.boot.test.autoconfigure.restdocs.RestDocsTestExecutionListener, org.springframework.boot.test.autoconfigure.web.client.MockRestServiceServerResetTestExecutionListener, org.springframework.boot.test.autoconfigure.web.servlet.MockMvcPrintOnlyOnFailureTestExecutionListener, org.springframework.boot.test.autoconfigure.web.servlet.WebDriverTestExecutionListener, org.springframework.boot.test.autoconfigure.webservices.client.MockWebServiceServerTestExecutionListener, org.springframework.test.context.web.ServletTestExecutionListener, org.springframework.test.context.support.DirtiesContextBeforeModesTestExecutionListener, org.springframework.test.context.event.ApplicationEventsTestExecutionListener, org.springframework.test.context.support.DependencyInjectionTestExecutionListener, org.springframework.test.context.support.DirtiesContextTestExecutionListener, org.springframework.test.context.transaction.TransactionalTestExecutionListener, org.springframework.test.context.jdbc.SqlScriptsTestExecutionListener, org.springframework.test.context.event.EventPublishingTestExecutionListener]
2023-08-03 13:42:35,189 INFO org.springframework.test.context.support.AbstractTestContextBootstrapper [main] Using TestExecutionListeners: [org.springframework.test.context.web.ServletTestExecutionListener@b788dc2, org.springframework.test.context.support.DirtiesContextBeforeModesTestExecutionListener@58ec8271, org.springframework.test.context.event.ApplicationEventsTestExecutionListener@a44effb, org.springframework.boot.test.mock.mockito.MockitoTestExecutionListener@3ee258, org.springframework.boot.test.autoconfigure.SpringBootDependencyInjectionTestExecutionListener@4f676900, org.springframework.test.context.support.DirtiesContextTestExecutionListener@73a49597, org.springframework.test.context.event.EventPublishingTestExecutionListener@5eb2972f, org.springframework.boot.test.mock.mockito.ResetMocksTestExecutionListener@29699283, org.springframework.boot.test.autoconfigure.restdocs.RestDocsTestExecutionListener@5d32c1c7, org.springframework.boot.test.autoconfigure.web.client.MockRestServiceServerResetTestExecutionListener@a6dffdb, org.springframework.boot.test.autoconfigure.web.servlet.MockMvcPrintOnlyOnFailureTestExecutionListener@40ac0a56, org.springframework.boot.test.autoconfigure.web.servlet.WebDriverTestExecutionListener@25b4754a, org.springframework.boot.test.autoconfigure.webservices.client.MockWebServiceServerTestExecutionListener@6ec3a4c2]
2023-08-03 13:42:35,213 INFO org.springframework.boot.StartupInfoLogger [main] Starting RequestControllerTest using Java 18.0.2 on DESKTOP-HBQA1DH with PID 6152 (started by Aser in C:\Users\Aser\dev\java-shareit\shareIt-gateway)
2023-08-03 13:42:35,213 INFO org.springframework.boot.SpringApplication [main] The following 1 profile is active: "test"
2023-08-03 13:42:35,571 INFO org.springframework.mock.web.MockServletContext [main] Initializing Spring TestDispatcherServlet ''
2023-08-03 13:42:35,571 INFO org.springframework.web.servlet.FrameworkServlet [main] Initializing Servlet ''
2023-08-03 13:42:35,572 INFO org.springframework.web.servlet.FrameworkServlet [main] Completed initialization in 0 ms
2023-08-03 13:42:35,585 INFO org.springframework.boot.StartupInfoLogger [main] Started RequestControllerTest in 0.393 seconds (JVM running for 4.5)
2023-08-03 13:42:35,602 INFO ru.practicum.shareit.ErrorHandler [main] Validation failed for field: userId. Error message: must be greater than 0
2023-08-03 13:42:35,609 INFO ru.practicum.shareit.ErrorHandler [main] Validation failed for field: requestId. Error message: must be greater than 0
2023-08-03 13:42:35,613 INFO ru.practicum.shareit.ErrorHandler [main] Method argument type mismatch: Failed to convert value of type 'java.lang.String' to required type 'java.lang.Long'; nested exception is java.lang.NumberFormatException: For input string: "1L"
2023-08-03 13:42:35,622 INFO ru.practicum.shareit.request.RequestController [main] Request on get all requests
2023-08-03 13:42:35,626 INFO ru.practicum.shareit.ErrorHandler [main] Validation failed for field: size. Error message: must be greater than 0
2023-08-03 13:42:35,632 INFO ru.practicum.shareit.ErrorHandler [main] Validation failed for field: description. Error message: Description can't blank
2023-08-03 13:42:35,636 INFO ru.practicum.shareit.ErrorHandler [main] Validation failed for field: from. Error message: must be greater than or equal to 0
2023-08-03 13:42:35,640 INFO ru.practicum.shareit.ErrorHandler [main] Validation failed for field: description. Error message: Description can't blank
2023-08-03 13:42:35,644 INFO ru.practicum.shareit.ErrorHandler [main] Validation failed for field: size. Error message: must be greater than 0
2023-08-03 13:42:35,648 INFO ru.practicum.shareit.ErrorHandler [main] Validation failed for field: userId. Error message: must be greater than 0
2023-08-03 13:42:35,652 INFO ru.practicum.shareit.request.RequestController [main] Request from user ID: 1 on get request. ID: 1
2023-08-03 13:42:35,657 INFO ru.practicum.shareit.request.RequestController [main] Request on get all requests from user id: 1
2023-08-03 13:42:35,660 INFO ru.practicum.shareit.request.RequestController [main] Add request on item RequestDto(id=0, description=I need to test, created=null, items=null), user id: 1
2023-08-03 13:42:35,666 INFO ru.practicum.shareit.ErrorHandler [main] Validation failed for field: userId. Error message: must be greater than 0
2023-08-03 13:42:35,671 INFO ru.practicum.shareit.ErrorHandler [main] Validation failed for field: userId. Error message: must be greater than 0
2023-08-03 13:42:35,674 INFO ru.practicum.shareit.ErrorHandler [main] Validation failed for field: from. Error message: must be greater than or equal to 0
2023-08-03 13:42:35,677 INFO ru.practicum.shareit.ErrorHandler [main] Malformed JSON Request: Required request body is missing: public org.springframework.http.ResponseEntity<java.lang.Object> ru.practicum.shareit.request.RequestController.add(java.lang.Long,ru.practicum.shareit.request.dto.RequestDto)
2023-08-03 13:42:35,680 INFO org.springframework.test.context.support.AbstractTestContextBootstrapper [main] Neither @ContextConfiguration nor @ContextHierarchy found for test class [ru.practicum.shareit.ShareItTests], using SpringBootContextLoader
2023-08-03 13:42:35,681 INFO org.springframework.test.context.support.AbstractContextLoader [main] Could not detect default resource locations for test class [ru.practicum.shareit.ShareItTests]: no resource found for suffixes {-context.xml, Context.groovy}.
2023-08-03 13:42:35,681 INFO org.springframework.test.context.support.AnnotationConfigContextLoaderUtils [main] Could not detect default configuration classes for test class [ru.practicum.shareit.ShareItTests]: ShareItTests does not declare any static, non-private, non-final, nested classes annotated with @Configuration.
2023-08-03 13:42:35,685 INFO org.springframework.boot.test.context.SpringBootTestContextBootstrapper [main] Found @SpringBootConfiguration ru.practicum.shareit.ShareItGateway for test class ru.practicum.shareit.ShareItTests
2023-08-03 13:42:35,688 INFO org.springframework.test.context.support.AbstractTestContextBootstrapper [main] Loaded default TestExecutionListener class names from location [META-INF/spring.factories]: [org.springframework.boot.test.mock.mockito.MockitoTestExecutionListener, org.springframework.boot.test.mock.mockito.ResetMocksTestExecutionListener, org.springframework.boot.test.autoconfigure.restdocs.RestDocsTestExecutionListener, org.springframework.boot.test.autoconfigure.web.client.MockRestServiceServerResetTestExecutionListener, org.springframework.boot.test.autoconfigure.web.servlet.MockMvcPrintOnlyOnFailureTestExecutionListener, org.springframework.boot.test.autoconfigure.web.servlet.WebDriverTestExecutionListener, org.springframework.boot.test.autoconfigure.webservices.client.MockWebServiceServerTestExecutionListener, org.springframework.test.context.web.ServletTestExecutionListener, org.springframework.test.context.support.DirtiesContextBeforeModesTestExecutionListener, org.springframework.test.context.event.ApplicationEventsTestExecutionListener, org.springframework.test.context.support.DependencyInjectionTestExecutionListener, org.springframework.test.context.support.DirtiesContextTestExecutionListener, org.springframework.test.context.transaction.TransactionalTestExecutionListener, org.springframework.test.context.jdbc.SqlScriptsTestExecutionListener, org.springframework.test.context.event.EventPublishingTestExecutionListener]
2023-08-03 13:42:35,689 INFO org.springframework.test.context.support.AbstractTestContextBootstrapper [main] Using TestExecutionListeners: [org.springframework.test.context.web.ServletTestExecutionListener@76220ef1, org.springframework.test.context.support.DirtiesContextBeforeModesTestExecutionListener@65ad2b42, org.springframework.test.context.event.ApplicationEventsTestExecutionListener@294ebe11, org.springframework.boot.test.mock.mockito.MockitoTestExecutionListener@4e51eda7, org.springframework.boot.test.autoconfigure.SpringBootDependencyInjectionTestExecutionListener@2862271a, org.springframework.test.context.support.DirtiesContextTestExecutionListener@2419fe6f, org.springframework.test.context.event.EventPublishingTestExecutionListener@78fb72cb, org.springframework.boot.test.mock.mockito.ResetMocksTestExecutionListener@398694a6, org.springframework.boot.test.autoconfigure.restdocs.RestDocsTestExecutionListener@653e7b, org.springframework.boot.test.autoconfigure.web.client.MockRestServiceServerResetTestExecutionListener@6b64429e, org.springframework.boot.test.autoconfigure.web.servlet.MockMvcPrintOnlyOnFailureTestExecutionListener@48aa0813, org.springframework.boot.test.autoconfigure.web.servlet.WebDriverTestExecutionListener@45849604, org.springframework.boot.test.autoconfigure.webservices.client.MockWebServiceServerTestExecutionListener@6cbbfe29]
2023-08-03 13:42:35,705 INFO org.springframework.boot.StartupInfoLogger [main] Starting ShareItTests using Java 18.0.2 on DESKTOP-HBQA1DH with PID 6152 (started by Aser in C:\Users\Aser\dev\java-shareit\shareIt-gateway)
2023-08-03 13:42:35,705 INFO org.springframework.boot.SpringApplication [main] The following 1 profile is active: "test"
2023-08-03 13:42:36,729 INFO org.springframework.boot.actuate.endpoint.web.EndpointLinksResolver [main] Exposing 1 endpoint(s) beneath base path '/actuator'
2023-08-03 13:42:36,771 INFO org.springframework.boot.StartupInfoLogger [main] Started ShareItTests in 1.081 seconds (JVM running for 5.686)
2023-08-03 13:42:36,809 INFO org.springframework.test.context.support.AbstractTestContextBootstrapper [main] Neither @ContextConfiguration nor @ContextHierarchy found for test class [ru.practicum.shareit.user.dto.UserDtoJsonTest], using SpringBootContextLoader
2023-08-03 13:42:36,810 INFO org.springframework.test.context.support.AbstractContextLoader [main] Could not detect default resource locations for test class [ru.practicum.shareit.user.dto.UserDtoJsonTest]: no resource found for suffixes {-context.xml, Context.groovy}.
2023-08-03 13:42:36,810 INFO org.springframework.test.context.support.AnnotationConfigContextLoaderUtils [main] Could not detect default configuration classes for test class [ru.practicum.shareit.user.dto.UserDtoJsonTest]: UserDtoJsonTest does not declare any static, non-private, non-final, nested classes annotated with @Configuration.
2023-08-03 13:42:36,818 INFO org.springframework.boot.test.context.SpringBootTestContextBootstrapper [main] Found @SpringBootConfiguration ru.practicum.shareit.ShareItGateway for test class ru.practicum.shareit.user.dto.UserDtoJsonTest
2023-08-03 13:42:36,819 INFO org.springframework.test.context.support.AbstractTestContextBootstrapper [main] Loaded default TestExecutionListener class names from location [META-INF/spring.factories]: [org.springframework.boot.test.mock.mockito.MockitoTestExecutionListener, org.springframework.boot.test.mock.mockito.ResetMocksTestExecutionListener, org.springframework.boot.test.autoconfigure.restdocs.RestDocsTestExecutionListener, org.springframework.boot.test.autoconfigure.web.client.MockRestServiceServerResetTestExecutionListener, org.springframework.boot.test.autoconfigure.web.servlet.MockMvcPrintOnlyOnFailureTestExecutionListener, org.springframework.boot.test.autoconfigure.web.servlet.WebDriverTestExecutionListener, org.springframework.boot.test.autoconfigure.webservices.client.MockWebServiceServerTestExecutionListener, org.springframework.test.context.web.ServletTestExecutionListener, org.springframework.test.context.support.DirtiesContextBeforeModesTestExecutionListener, org.springframework.test.context.event.ApplicationEventsTestExecutionListener, org.springframework.test.context.support.DependencyInjectionTestExecutionListener, org.springframework.test.context.support.DirtiesContextTestExecutionListener, org.springframework.test.context.transaction.TransactionalTestExecutionListener, org.springframework.test.context.jdbc.SqlScriptsTestExecutionListener, org.springframework.test.context.event.EventPublishingTestExecutionListener]
2023-08-03 13:42:36,820 INFO org.springframework.test.context.support.AbstractTestContextBootstrapper [main] Using TestExecutionListeners: [org.springframework.test.context.web.ServletTestExecutionListener@1fab0394, org.springframework.test.context.support.DirtiesContextBeforeModesTestExecutionListener@28e24663, org.springframework.test.context.event.ApplicationEventsTestExecutionListener@2ee5c08d, org.springframework.boot.test.mock.mockito.MockitoTestExecutionListener@f996445, org.springframework.boot.test.autoconfigure.SpringBootDependencyInjectionTestExecutionListener@48697181, org.springframework.test.context.support.DirtiesContextTestExecutionListener@7282f7b1, org.springframework.test.context.event.EventPublishingTestExecutionListener@7263b0c4, org.springframework.boot.test.mock.mockito.ResetMocksTestExecutionListener@361c4981, org.springframework.boot.test.autoconfigure.restdocs.RestDocsTestExecutionListener@35fac3ba, org.springframework.boot.test.autoconfigure.web.client.MockRestServiceServerResetTestExecutionListener@50a095cb, org.springframework.boot.test.autoconfigure.web.servlet.MockMvcPrintOnlyOnFailureTestExecutionListener@3f2afa8b, org.springframework.boot.test.autoconfigure.web.servlet.WebDriverTestExecutionListener@6b2efcae, org.springframework.boot.test.autoconfigure.webservices.client.MockWebServiceServerTestExecutionListener@8aa1562]
2023-08-03 13:42:36,828 INFO org.springframework.test.context.support.AbstractTestContextBootstrapper [main] Neither @ContextConfiguration nor @ContextHierarchy found for test class [ru.practicum.shareit.user.UserControllerTest], using SpringBootContextLoader
2023-08-03 13:42:36,829 INFO org.springframework.test.context.support.AbstractContextLoader [main] Could not detect default resource locations for test class [ru.practicum.shareit.user.UserControllerTest]: no resource found for suffixes {-context.xml, Context.groovy}.
2023-08-03 13:42:36,829 INFO org.springframework.test.context.support.AnnotationConfigContextLoaderUtils [main] Could not detect default configuration classes for test class [ru.practicum.shareit.user.UserControllerTest]: UserControllerTest does not declare any static, non-private, non-final, nested classes annotated with @Configuration.
2023-08-03 13:42:36,836 INFO org.springframework.boot.test.context.SpringBootTestContextBootstrapper [main] Found @SpringBootConfiguration ru.practicum.shareit.ShareItGateway for test class ru.practicum.shareit.user.UserControllerTest
2023-08-03 13:42:36,836 INFO org.springframework.test.context.support.AbstractTestContextBootstrapper [main] Loaded default TestExecutionListener class names from location [META-INF/spring.factories]: [org.springframework.boot.test.mock.mockito.MockitoTestExecutionListener, org.springframework.boot.test.mock.mockito.ResetMocksTestExecutionListener, org.springframework.boot.test.autoconfigure.restdocs.RestDocsTestExecutionListener, org.springframework.boot.test.autoconfigure.web.client.MockRestServiceServerResetTestExecutionListener, org.springframework.boot.test.autoconfigure.web.servlet.MockMvcPrintOnlyOnFailureTestExecutionListener, org.springframework.boot.test.autoconfigure.web.servlet.WebDriverTestExecutionListener, org.springframework.boot.test.autoconfigure.webservices.client.MockWebServiceServerTestExecutionListener, org.springframework.test.context.web.ServletTestExecutionListener, org.springframework.test.context.support.DirtiesContextBeforeModesTestExecutionListener, org.springframework.test.context.event.ApplicationEventsTestExecutionListener, org.springframework.test.context.support.DependencyInjectionTestExecutionListener, org.springframework.test.context.support.DirtiesContextTestExecutionListener, org.springframework.test.context.transaction.TransactionalTestExecutionListener, org.springframework.test.context.jdbc.SqlScriptsTestExecutionListener, org.springframework.test.context.event.EventPublishingTestExecutionListener]
2023-08-03 13:42:36,837 INFO org.springframework.test.context.support.AbstractTestContextBootstrapper [main] Using TestExecutionListeners: [org.springframework.test.context.web.ServletTestExecutionListener@336e17be, org.springframework.test.context.support.DirtiesContextBeforeModesTestExecutionListener@3897f9ae, org.springframework.test.context.event.ApplicationEventsTestExecutionListener@6c767288, org.springframework.boot.test.mock.mockito.MockitoTestExecutionListener@510e6b93, org.springframework.boot.test.autoconfigure.SpringBootDependencyInjectionTestExecutionListener@129e45eb, org.springframework.test.context.support.DirtiesContextTestExecutionListener@15c3849f, org.springframework.test.context.event.EventPublishingTestExecutionListener@4a7e469d, org.springframework.boot.test.mock.mockito.ResetMocksTestExecutionListener@688efeb2, org.springframework.boot.test.autoconfigure.restdocs.RestDocsTestExecutionListener@85f5f55, org.springframework.boot.test.autoconfigure.web.client.MockRestServiceServerResetTestExecutionListener@131c5bd, org.springframework.boot.test.autoconfigure.web.servlet.MockMvcPrintOnlyOnFailureTestExecutionListener@394331a8, org.springframework.boot.test.autoconfigure.web.servlet.WebDriverTestExecutionListener@2627335c, org.springframework.boot.test.autoconfigure.webservices.client.MockWebServiceServerTestExecutionListener@5470753a]
2023-08-03 13:42:36,852 INFO org.springframework.boot.StartupInfoLogger [main] Starting UserControllerTest using Java 18.0.2 on DESKTOP-HBQA1DH with PID 6152 (started by Aser in C:\Users\Aser\dev\java-shareit\shareIt-gateway)
2023-08-03 13:42:36,853 INFO org.springframework.boot.SpringApplication [main] The following 1 profile is active: "test"
2023-08-03 13:42:37,160 INFO org.springframework.mock.web.MockServletContext [main] Initializing Spring TestDispatcherServlet ''
2023-08-03 13:42:37,161 INFO org.springframework.web.servlet.FrameworkServlet [main] Initializing Servlet ''
2023-08-03 13:42:37,161 INFO org.springframework.web.servlet.FrameworkServlet [main] Completed initialization in 0 ms
2023-08-03 13:42:37,167 INFO org.springframework.boot.StartupInfoLogger [main] Started UserControllerTest in 0.329 seconds (JVM running for 6.082)
2023-08-03 13:42:37,173 INFO ru.practicum.shareit.ErrorHandler [main] Malformed JSON Request: Required request body is missing: public org.springframework.http.ResponseEntity<java.lang.Object> ru.practicum.shareit.user.UserController.update(ru.practicum.shareit.user.dto.UserDto,java.lang.Long)
2023-08-03 13:42:37,178 INFO ru.practicum.shareit.ErrorHandler [main] Method argument type mismatch: Failed to convert value of type 'java.lang.String' to required type 'java.lang.Long'; nested exception is java.lang.NumberFormatException: For input string: "0L"
2023-08-03 13:42:37,200 INFO ru.practicum.shareit.ErrorHandler [main] Malformed JSON Request: Required request body is missing: public org.springframework.http.ResponseEntity<java.lang.Object> ru.practicum.shareit.user.UserController.update(ru.practicum.shareit.user.dto.UserDto,java.lang.Long)
2023-08-03 13:42:37,206 INFO ru.practicum.shareit.ErrorHandler [main] Validation failed for field: email. Error message: Email can not be null
2023-08-03 13:42:37,211 INFO ru.practicum.shareit.user.UserController [main] Request to delete with id: 1
2023-08-03 13:42:37,214 INFO ru.practicum.shareit.ErrorHandler [main] Validation failed for field: id. Error message: ID should be positive
2023-08-03 13:42:37,218 INFO ru.practicum.shareit.ErrorHandler [main] Validation failed for field: email. Error message: Email can not be null
2023-08-03 13:42:37,222 INFO ru.practicum.shareit.ErrorHandler [main] Malformed JSON Request: Required request body is missing: public org.springframework.http.ResponseEntity<java.lang.Object> ru.practicum.shareit.user.UserController.create(ru.practicum.shareit.user.dto.UserDto)
2023-08-03 13:42:37,227 INFO ru.practicum.shareit.user.UserController [main] Has been updated: null
2023-08-03 13:42:37,231 INFO ru.practicum.shareit.user.UserController [main] Request to get user with ID: 1
2023-08-03 13:42:37,234 INFO ru.practicum.shareit.ErrorHandler [main] Validation failed for field: id. Error message: ID should be positive
2023-08-03 13:42:37,238 INFO ru.practicum.shareit.ErrorHandler [main] Method argument type mismatch: Failed to convert value of type 'java.lang.String' to required type 'java.lang.Long'; nested exception is java.lang.NumberFormatException: For input string: "1L"
2023-08-03 13:42:37,242 INFO ru.practicum.shareit.ErrorHandler [main] Method argument type mismatch: Failed to convert value of type 'java.lang.String' to required type 'java.lang.Long'; nested exception is java.lang.NumberFormatException: For input string: "1L"
2023-08-03 13:42:37,245 INFO ru.practicum.shareit.user.UserController [main] Request on get all
2023-08-03 13:42:37,250 INFO ru.practicum.shareit.ErrorHandler [main] Validation failed for field: email. Error message: Email is wrong
2023-08-03 15:05:44,555 INFO org.hibernate.validator.internal.util.Version [background-preinit] HV000001: Hibernate Validator 6.2.5.Final
2023-08-03 15:05:44,558 INFO org.springframework.boot.StartupInfoLogger [main] Starting BookingControllerTest using Java 18.0.2 on DESKTOP-HBQA1DH with PID 12600 (started by Aser in C:\Users\Aser\dev\java-shareit\shareIt-gateway)
2023-08-03 15:05:44,559 INFO org.springframework.boot.SpringApplication [main] The following 1 profile is active: "test"
2023-08-03 15:05:45,819 INFO org.springframework.mock.web.MockServletContext [main] Initializing Spring TestDispatcherServlet ''
2023-08-03 15:05:45,820 INFO org.springframework.web.servlet.FrameworkServlet [main] Initializing Servlet ''
2023-08-03 15:05:45,821 INFO org.springframework.web.servlet.FrameworkServlet [main] Completed initialization in 1 ms
2023-08-03 15:05:45,843 INFO org.springframework.boot.StartupInfoLogger [main] Started BookingControllerTest in 1.604 seconds (JVM running for 2.53)
2023-08-03 15:05:46,026 INFO ru.practicum.shareit.ErrorHandler [main] Validation failed for field: validDateOrder. Error message: End date must be after start date and dates cannot be equal
2023-08-03 15:05:46,027 INFO ru.practicum.shareit.ErrorHandler [main] Validation failed for field: end. Error message: must be a future date
2023-08-03 15:05:46,126 INFO ru.practicum.shareit.ErrorHandler [main] Validation failed for field: itemId. Error message: must not be null
2023-08-03 15:05:46,141 INFO ru.practicum.shareit.ErrorHandler [main] Validation failed for field: size. Error message: must be greater than 0
2023-08-03 15:05:46,160 INFO ru.practicum.shareit.ErrorHandler [main] Validation failed for field: userId. Error message: must be greater than 0
2023-08-03 15:05:46,173 INFO ru.practicum.shareit.ErrorHandler [main] Validation failed for field: start. Error message: must not be null
2023-08-03 15:05:46,173 INFO ru.practicum.shareit.ErrorHandler [main] Validation failed for field: validDateOrder. Error message: End date must be after start date and dates cannot be equal
2023-08-03 15:05:46,173 INFO ru.practicum.shareit.ErrorHandler [main] Validation failed for field: itemId. Error message: must not be null
2023-08-03 15:05:46,173 INFO ru.practicum.shareit.ErrorHandler [main] Validation failed for field: end. Error message: must not be null
2023-08-03 15:05:46,181 INFO ru.practicum.shareit.ErrorHandler [main] Validation failed for field: from. Error message: must be greater than or equal to 0
2023-08-03 15:05:46,188 INFO ru.practicum.shareit.ErrorHandler [main] Validation failed for field: start. Error message: must be a date in the present or in the future
2023-08-03 15:05:46,194 INFO ru.practicum.shareit.ErrorHandler [main] Malformed JSON Request: Required request body is missing: public org.springframework.http.ResponseEntity<java.lang.Object> ru.practicum.shareit.booking.BookingController.createBooking(java.lang.Long,ru.practicum.shareit.booking.dto.BookingDto)
2023-08-03 15:05:46,202 INFO ru.practicum.shareit.ErrorHandler [main] Validation failed for field: size. Error message: must be greater than 0
2023-08-03 15:05:46,210 INFO ru.practicum.shareit.ErrorHandler [main] Validation failed for field: from. Error message: must be greater than or equal to 0
2023-08-03 15:05:46,218 INFO ru.practicum.shareit.ErrorHandler [main] Method argument type mismatch: Failed to convert value of type 'java.lang.String' to required type 'java.lang.Long'; nested exception is java.lang.NumberFormatException: For input string: "1L"
2023-08-03 15:05:46,234 INFO ru.practicum.shareit.ErrorHandler [main] Validation failed for field: userId. Error message: must be greater than 0
2023-08-03 15:05:46,242 INFO ru.practicum.shareit.ErrorHandler [main] Bad booking state: Неизвестное состояние: alll
2023-08-03 15:05:46,258 INFO ru.practicum.shareit.booking.BookingController [main] Get booking with state ALL, userId=1, from=0, size=20
2023-08-03 15:05:46,266 INFO ru.practicum.shareit.ErrorHandler [main] Validation failed for field: bookingId. Error message: must be greater than 0
2023-08-03 15:05:46,273 INFO ru.practicum.shareit.ErrorHandler [main] Validation failed for field: userId. Error message: must be greater than 0
2023-08-03 15:05:46,280 INFO ru.practicum.shareit.booking.BookingController [main] Get booking with state ALL, userId=1, from=0, size=20
2023-08-03 15:05:46,289 INFO ru.practicum.shareit.ErrorHandler [main] Validation failed for field: userId. Error message: must be greater than 0
2023-08-03 15:05:46,296 INFO ru.practicum.shareit.ErrorHandler [main] Method argument type mismatch: Failed to convert value of type 'java.lang.String' to required type 'java.lang.Boolean'; nested exception is java.lang.IllegalArgumentException: Invalid boolean value [null]
2023-08-03 15:05:46,302 INFO ru.practicum.shareit.booking.BookingController [main] Get booking with state ALL, userId=1, from=0, size=20
2023-08-03 15:06:15,228 INFO org.hibernate.validator.internal.util.Version [background-preinit] HV000001: Hibernate Validator 6.2.5.Final
2023-08-03 15:06:15,231 INFO org.springframework.boot.StartupInfoLogger [main] Starting BookingControllerTest using Java 18.0.2 on DESKTOP-HBQA1DH with PID 13064 (started by Aser in C:\Users\Aser\dev\java-shareit\shareIt-gateway)
2023-08-03 15:06:15,232 INFO org.springframework.boot.SpringApplication [main] The following 1 profile is active: "test"
2023-08-03 15:06:16,477 INFO org.springframework.mock.web.MockServletContext [main] Initializing Spring TestDispatcherServlet ''
2023-08-03 15:06:16,477 INFO org.springframework.web.servlet.FrameworkServlet [main] Initializing Servlet ''
2023-08-03 15:06:16,478 INFO org.springframework.web.servlet.FrameworkServlet [main] Completed initialization in 0 ms
2023-08-03 15:06:16,500 INFO org.springframework.boot.StartupInfoLogger [main] Started BookingControllerTest in 1.6 seconds (JVM running for 2.431)
2023-08-03 15:06:16,620 INFO ru.practicum.shareit.ErrorHandler [main] Bad booking state: Неизвестное состояние: alll
2023-08-03 15:15:31,996 INFO org.springframework.boot.StartupInfoLogger [main] Starting BookingControllerTest using Java 18.0.2 on DESKTOP-HBQA1DH with PID 16068 (started by Aser in C:\Users\Aser\dev\java-shareit\shareIt-gateway)
2023-08-03 15:15:31,998 INFO org.hibernate.validator.internal.util.Version [background-preinit] HV000001: Hibernate Validator 6.2.5.Final
2023-08-03 15:15:31,998 INFO org.springframework.boot.SpringApplication [main] The following 1 profile is active: "test"
2023-08-03 15:15:33,340 INFO org.springframework.mock.web.MockServletContext [main] Initializing Spring TestDispatcherServlet ''
2023-08-03 15:15:33,340 INFO org.springframework.web.servlet.FrameworkServlet [main] Initializing Servlet ''
2023-08-03 15:15:33,341 INFO org.springframework.web.servlet.FrameworkServlet [main] Completed initialization in 0 ms
2023-08-03 15:15:33,364 INFO org.springframework.boot.StartupInfoLogger [main] Started BookingControllerTest in 1.694 seconds (JVM running for 2.583)
2023-08-03 15:15:33,545 INFO ru.practicum.shareit.ErrorHandler [main] Validation failed for field: end. Error message: must be a future date
2023-08-03 15:15:33,547 INFO ru.practicum.shareit.ErrorHandler [main] Validation failed for field: validDateOrder. Error message: End date must be after start date and dates cannot be equal
2023-08-03 15:15:33,643 INFO ru.practicum.shareit.ErrorHandler [main] Validation failed for field: itemId. Error message: must not be null
2023-08-03 15:15:33,657 INFO ru.practicum.shareit.ErrorHandler [main] Validation failed for field: size. Error message: must be greater than 0
2023-08-03 15:15:33,674 INFO ru.practicum.shareit.ErrorHandler [main] Validation failed for field: userId. Error message: must be greater than 0
2023-08-03 15:15:33,685 INFO ru.practicum.shareit.ErrorHandler [main] Validation failed for field: validDateOrder. Error message: End date must be after start date and dates cannot be equal
2023-08-03 15:15:33,685 INFO ru.practicum.shareit.ErrorHandler [main] Validation failed for field: end. Error message: must not be null
2023-08-03 15:15:33,686 INFO ru.practicum.shareit.ErrorHandler [main] Validation failed for field: start. Error message: must not be null
2023-08-03 15:15:33,686 INFO ru.practicum.shareit.ErrorHandler [main] Validation failed for field: itemId. Error message: must not be null
2023-08-03 15:15:33,694 INFO ru.practicum.shareit.ErrorHandler [main] Validation failed for field: from. Error message: must be greater than or equal to 0
2023-08-03 15:15:33,702 INFO ru.practicum.shareit.ErrorHandler [main] Validation failed for field: start. Error message: must be a date in the present or in the future
2023-08-03 15:15:33,709 INFO ru.practicum.shareit.ErrorHandler [main] Malformed JSON Request: Required request body is missing: public org.springframework.http.ResponseEntity<java.lang.Object> ru.practicum.shareit.booking.BookingController.createBooking(java.lang.Long,ru.practicum.shareit.booking.dto.BookingDto)
2023-08-03 15:15:33,717 INFO ru.practicum.shareit.ErrorHandler [main] Validation failed for field: size. Error message: must be greater than 0
2023-08-03 15:15:33,726 INFO ru.practicum.shareit.ErrorHandler [main] Validation failed for field: from. Error message: must be greater than or equal to 0
2023-08-03 15:15:33,732 INFO ru.practicum.shareit.ErrorHandler [main] Method argument type mismatch: Failed to convert value of type 'java.lang.String' to required type 'java.lang.Long'; nested exception is java.lang.NumberFormatException: For input string: "1L"
2023-08-03 15:15:33,747 INFO ru.practicum.shareit.ErrorHandler [main] Validation failed for field: userId. Error message: must be greater than 0
2023-08-03 15:15:33,754 INFO ru.practicum.shareit.ErrorHandler [main] Bad booking state: Неизвестное состояние: alll
2023-08-03 15:15:33,759 INFO ru.practicum.shareit.booking.BookingController [main] Get booking with state ALL, userId=1, from=0, size=20
2023-08-03 15:15:33,766 INFO ru.practicum.shareit.ErrorHandler [main] Validation failed for field: bookingId. Error message: must be greater than 0
2023-08-03 15:15:33,775 INFO ru.practicum.shareit.ErrorHandler [main] Validation failed for field: userId. Error message: must be greater than 0
2023-08-03 15:15:33,781 INFO ru.practicum.shareit.booking.BookingController [main] Get booking with state ALL, userId=1, from=0, size=20
2023-08-03 15:15:33,788 INFO ru.practicum.shareit.ErrorHandler [main] Validation failed for field: userId. Error message: must be greater than 0
2023-08-03 15:15:33,795 INFO ru.practicum.shareit.ErrorHandler [main] Method argument type mismatch: Failed to convert value of type 'java.lang.String' to required type 'java.lang.Boolean'; nested exception is java.lang.IllegalArgumentException: Invalid boolean value [null]
2023-08-03 15:15:33,802 INFO ru.practicum.shareit.booking.BookingController [main] Get booking with state ALL, userId=1, from=0, size=20
2023-08-03 15:15:40,450 INFO org.hibernate.validator.internal.util.Version [background-preinit] HV000001: Hibernate Validator 6.2.5.Final
2023-08-03 15:15:40,451 INFO org.springframework.boot.StartupInfoLogger [main] Starting ItemControllerTest using Java 18.0.2 on DESKTOP-HBQA1DH with PID 15588 (started by Aser in C:\Users\Aser\dev\java-shareit\shareIt-gateway)
2023-08-03 15:15:40,452 INFO org.springframework.boot.SpringApplication [main] The following 1 profile is active: "test"
2023-08-03 15:15:41,681 INFO org.springframework.mock.web.MockServletContext [main] Initializing Spring TestDispatcherServlet ''
2023-08-03 15:15:41,682 INFO org.springframework.web.servlet.FrameworkServlet [main] Initializing Servlet ''
2023-08-03 15:15:41,683 INFO org.springframework.web.servlet.FrameworkServlet [main] Completed initialization in 1 ms
2023-08-03 15:15:41,705 INFO org.springframework.boot.StartupInfoLogger [main] Started ItemControllerTest in 1.572 seconds (JVM running for 2.39)
2023-08-03 15:15:41,801 INFO ru.practicum.shareit.ErrorHandler [main] Method argument type mismatch: Failed to convert value of type 'java.lang.String' to required type 'java.lang.Long'; nested exception is java.lang.NumberFormatException: For input string: "1L"
2023-08-03 15:15:41,919 INFO ru.practicum.shareit.item.ItemController [main] Request on add ItemDto(id=0, name=Drel, description=Дрель ударная, available=true, requestId=null), user id: 1
2023-08-03 15:15:41,951 INFO ru.practicum.shareit.ErrorHandler [main] Validation failed for field: size. Error message: must be greater than 0
2023-08-03 15:15:41,964 INFO ru.practicum.shareit.ErrorHandler [main] Validation failed for field: size. Error message: must be greater than 0
2023-08-03 15:15:41,980 INFO ru.practicum.shareit.item.ItemController [main] Request on add comment super puper, item id: 1, user id: 1
2023-08-03 15:15:41,989 INFO ru.practicum.shareit.ErrorHandler [main] Validation failed for field: userId. Error message: must be greater than 0
2023-08-03 15:15:41,996 INFO ru.practicum.shareit.item.ItemController [main] Request on get all for user id: 1
2023-08-03 15:15:42,003 INFO ru.practicum.shareit.ErrorHandler [main] Validation failed for field: userId. Error message: must be greater than 0
2023-08-03 15:15:42,010 INFO ru.practicum.shareit.ErrorHandler [main] Missing request header: Required request header 'X-Sharer-User-Id' for method parameter type Long is not present
2023-08-03 15:15:42,017 INFO ru.practicum.shareit.ErrorHandler [main] Malformed JSON Request: Required request body is missing: public org.springframework.http.ResponseEntity<java.lang.Object> ru.practicum.shareit.item.ItemController.add(java.lang.Long,ru.practicum.shareit.item.dto.ItemDto)
2023-08-03 15:15:42,025 INFO ru.practicum.shareit.ErrorHandler [main] Validation failed for field: name. Error message: Name can't blank
2023-08-03 15:15:42,031 INFO ru.practicum.shareit.ErrorHandler [main] Malformed JSON Request: Required request body is missing: public org.springframework.http.ResponseEntity<java.lang.Object> ru.practicum.shareit.item.ItemController.edit(java.lang.Long,java.lang.Long,ru.practicum.shareit.item.dto.ItemDto)
2023-08-03 15:15:42,039 INFO ru.practicum.shareit.ErrorHandler [main] Validation failed for field: text. Error message: must not be blank
2023-08-03 15:15:42,045 INFO ru.practicum.shareit.ErrorHandler [main] Validation failed for field: from. Error message: must be greater than or equal to 0
2023-08-03 15:15:42,058 INFO ru.practicum.shareit.ErrorHandler [main] Validation failed for field: itemId. Error message: must be greater than 0
2023-08-03 15:15:42,065 INFO ru.practicum.shareit.item.ItemController [main] Request on edit item id: 1, ItemDto(id=0, name=Drel, description=Дрель ударная, available=true, requestId=null), user id: 1
2023-08-03 15:15:42,072 INFO ru.practicum.shareit.item.ItemController [main] Request from user ID: 1 on get item. ID: 1
2023-08-03 15:15:42,078 INFO ru.practicum.shareit.ErrorHandler [main] Validation failed for field: from. Error message: must be greater than or equal to 0
2023-08-03 15:15:42,085 INFO ru.practicum.shareit.ErrorHandler [main] Validation failed for field: text. Error message: must not be blank
2023-08-03 15:15:42,092 INFO ru.practicum.shareit.item.ItemController [main] Request on search text:  
2023-08-03 15:15:42,101 INFO ru.practicum.shareit.ErrorHandler [main] Validation failed for field: text. Error message: must not be blank
2023-08-03 15:15:42,109 INFO ru.practicum.shareit.ErrorHandler [main] Validation failed for field: available. Error message: Available should be specified
2023-08-03 15:15:42,117 INFO ru.practicum.shareit.ErrorHandler [main] Validation failed for field: userId. Error message: must be greater than 0
2023-08-03 15:15:42,123 INFO ru.practicum.shareit.item.ItemController [main] Request on search text: search
2023-08-03 15:15:42,132 INFO ru.practicum.shareit.ErrorHandler [main] Method argument type mismatch: Failed to convert value of type 'java.lang.String' to required type 'java.lang.Long'; nested exception is java.lang.NumberFormatException: For input string: "1L"
2023-08-03 15:15:42,140 INFO ru.practicum.shareit.ErrorHandler [main] Validation failed for field: description. Error message: Description can't blank
2023-08-03 15:15:42,141 INFO ru.practicum.shareit.ErrorHandler [main] Validation failed for field: available. Error message: Available should be specified
2023-08-03 15:15:42,150 INFO ru.practicum.shareit.ErrorHandler [main] Validation failed for field: userId. Error message: must be greater than 0
2023-08-03 15:15:42,159 INFO ru.practicum.shareit.ErrorHandler [main] Validation failed for field: description. Error message: Description can't blank
2023-08-03 15:15:48,509 INFO org.hibernate.validator.internal.util.Version [background-preinit] HV000001: Hibernate Validator 6.2.5.Final
2023-08-03 15:15:48,511 INFO org.springframework.boot.StartupInfoLogger [main] Starting RequestControllerTest using Java 18.0.2 on DESKTOP-HBQA1DH with PID 6620 (started by Aser in C:\Users\Aser\dev\java-shareit\shareIt-gateway)
2023-08-03 15:15:48,512 INFO org.springframework.boot.SpringApplication [main] The following 1 profile is active: "test"
2023-08-03 15:15:49,749 INFO org.springframework.mock.web.MockServletContext [main] Initializing Spring TestDispatcherServlet ''
2023-08-03 15:15:49,750 INFO org.springframework.web.servlet.FrameworkServlet [main] Initializing Servlet ''
2023-08-03 15:15:49,750 INFO org.springframework.web.servlet.FrameworkServlet [main] Completed initialization in 0 ms
2023-08-03 15:15:49,773 INFO org.springframework.boot.StartupInfoLogger [main] Started RequestControllerTest in 1.565 seconds (JVM running for 2.377)
2023-08-03 15:15:49,943 INFO ru.practicum.shareit.ErrorHandler [main] Validation failed for field: userId. Error message: must be greater than 0
2023-08-03 15:15:50,000 INFO ru.practicum.shareit.ErrorHandler [main] Validation failed for field: requestId. Error message: must be greater than 0
2023-08-03 15:15:50,007 INFO ru.practicum.shareit.ErrorHandler [main] Method argument type mismatch: Failed to convert value of type 'java.lang.String' to required type 'java.lang.Long'; nested exception is java.lang.NumberFormatException: For input string: "1L"
2023-08-03 15:15:50,033 INFO ru.practicum.shareit.request.RequestController [main] Request on get all requests
2023-08-03 15:15:50,050 INFO ru.practicum.shareit.ErrorHandler [main] Validation failed for field: size. Error message: must be greater than 0
2023-08-03 15:15:50,066 INFO ru.practicum.shareit.ErrorHandler [main] Validation failed for field: description. Error message: Description can't blank
2023-08-03 15:15:50,072 INFO ru.practicum.shareit.ErrorHandler [main] Validation failed for field: from. Error message: must be greater than or equal to 0
2023-08-03 15:15:50,078 INFO ru.practicum.shareit.ErrorHandler [main] Validation failed for field: description. Error message: Description can't blank
2023-08-03 15:15:50,086 INFO ru.practicum.shareit.ErrorHandler [main] Validation failed for field: size. Error message: must be greater than 0
2023-08-03 15:15:50,094 INFO ru.practicum.shareit.ErrorHandler [main] Validation failed for field: userId. Error message: must be greater than 0
2023-08-03 15:15:50,101 INFO ru.practicum.shareit.request.RequestController [main] Request from user ID: 1 on get request. ID: 1
2023-08-03 15:15:50,108 INFO ru.practicum.shareit.request.RequestController [main] Request on get all requests from user id: 1
2023-08-03 15:15:50,116 INFO ru.practicum.shareit.request.RequestController [main] Add request on item RequestDto(id=0, description=I need to test, created=null, items=null), user id: 1
2023-08-03 15:15:50,127 INFO ru.practicum.shareit.ErrorHandler [main] Validation failed for field: userId. Error message: must be greater than 0
2023-08-03 15:15:50,134 INFO ru.practicum.shareit.ErrorHandler [main] Validation failed for field: userId. Error message: must be greater than 0
2023-08-03 15:15:50,140 INFO ru.practicum.shareit.ErrorHandler [main] Validation failed for field: from. Error message: must be greater than or equal to 0
2023-08-03 15:15:50,145 INFO ru.practicum.shareit.ErrorHandler [main] Malformed JSON Request: Required request body is missing: public org.springframework.http.ResponseEntity<java.lang.Object> ru.practicum.shareit.request.RequestController.add(java.lang.Long,ru.practicum.shareit.request.dto.RequestDto)
2023-08-03 15:15:56,114 INFO org.springframework.boot.StartupInfoLogger [main] Starting ShareItTests using Java 18.0.2 on DESKTOP-HBQA1DH with PID 15440 (started by Aser in C:\Users\Aser\dev\java-shareit\shareIt-gateway)
2023-08-03 15:15:56,115 INFO org.springframework.boot.SpringApplication [main] The following 1 profile is active: "test"
2023-08-03 15:15:56,121 INFO org.hibernate.validator.internal.util.Version [background-preinit] HV000001: Hibernate Validator 6.2.5.Final
2023-08-03 15:15:57,877 INFO org.springframework.boot.actuate.endpoint.web.EndpointLinksResolver [main] Exposing 1 endpoint(s) beneath base path '/actuator'
2023-08-03 15:15:57,926 INFO org.springframework.boot.StartupInfoLogger [main] Started ShareItTests in 2.107 seconds (JVM running for 2.923)
2023-08-03 15:16:03,124 INFO org.hibernate.validator.internal.util.Version [background-preinit] HV000001: Hibernate Validator 6.2.5.Final
2023-08-03 15:16:03,127 INFO org.springframework.boot.StartupInfoLogger [main] Starting UserControllerTest using Java 18.0.2 on DESKTOP-HBQA1DH with PID 6580 (started by Aser in C:\Users\Aser\dev\java-shareit\shareIt-gateway)
2023-08-03 15:16:03,128 INFO org.springframework.boot.SpringApplication [main] The following 1 profile is active: "test"
2023-08-03 15:16:04,378 INFO org.springframework.mock.web.MockServletContext [main] Initializing Spring TestDispatcherServlet ''
2023-08-03 15:16:04,379 INFO org.springframework.web.servlet.FrameworkServlet [main] Initializing Servlet ''
2023-08-03 15:16:04,380 INFO org.springframework.web.servlet.FrameworkServlet [main] Completed initialization in 1 ms
2023-08-03 15:16:04,409 INFO org.springframework.boot.StartupInfoLogger [main] Started UserControllerTest in 1.602 seconds (JVM running for 2.402)
2023-08-03 15:16:04,509 INFO ru.practicum.shareit.ErrorHandler [main] Malformed JSON Request: Required request body is missing: public org.springframework.http.ResponseEntity<java.lang.Object> ru.practicum.shareit.user.UserController.update(ru.practicum.shareit.user.dto.UserDto,java.lang.Long)
2023-08-03 15:16:04,568 INFO ru.practicum.shareit.ErrorHandler [main] Method argument type mismatch: Failed to convert value of type 'java.lang.String' to required type 'java.lang.Long'; nested exception is java.lang.NumberFormatException: For input string: "0L"
2023-08-03 15:16:04,642 INFO ru.practicum.shareit.ErrorHandler [main] Malformed JSON Request: Required request body is missing: public org.springframework.http.ResponseEntity<java.lang.Object> ru.practicum.shareit.user.UserController.update(ru.practicum.shareit.user.dto.UserDto,java.lang.Long)
2023-08-03 15:16:04,656 INFO ru.practicum.shareit.ErrorHandler [main] Validation failed for field: email. Error message: Email can not be null
2023-08-03 15:16:04,668 INFO ru.practicum.shareit.user.UserController [main] Request to delete with id: 1
2023-08-03 15:16:04,674 INFO ru.practicum.shareit.ErrorHandler [main] Validation failed for field: id. Error message: ID should be positive
2023-08-03 15:16:04,681 INFO ru.practicum.shareit.ErrorHandler [main] Validation failed for field: email. Error message: Email can not be null
2023-08-03 15:16:04,687 INFO ru.practicum.shareit.ErrorHandler [main] Malformed JSON Request: Required request body is missing: public org.springframework.http.ResponseEntity<java.lang.Object> ru.practicum.shareit.user.UserController.create(ru.practicum.shareit.user.dto.UserDto)
2023-08-03 15:16:04,698 INFO ru.practicum.shareit.user.UserController [main] Has been updated: null
2023-08-03 15:16:04,705 INFO ru.practicum.shareit.user.UserController [main] Request to get user with ID: 1
2023-08-03 15:16:04,712 INFO ru.practicum.shareit.ErrorHandler [main] Validation failed for field: id. Error message: ID should be positive
2023-08-03 15:16:04,718 INFO ru.practicum.shareit.ErrorHandler [main] Method argument type mismatch: Failed to convert value of type 'java.lang.String' to required type 'java.lang.Long'; nested exception is java.lang.NumberFormatException: For input string: "1L"
2023-08-03 15:16:04,725 INFO ru.practicum.shareit.ErrorHandler [main] Method argument type mismatch: Failed to convert value of type 'java.lang.String' to required type 'java.lang.Long'; nested exception is java.lang.NumberFormatException: For input string: "1L"
2023-08-03 15:16:04,730 INFO ru.practicum.shareit.user.UserController [main] Request on get all
2023-08-03 15:16:04,737 INFO ru.practicum.shareit.ErrorHandler [main] Validation failed for field: email. Error message: Email is wrong
2023-08-03 19:59:04,692 INFO org.springframework.boot.StartupInfoLogger [main] Starting BookingControllerTest using Java 18.0.2 on DESKTOP-HBQA1DH with PID 3728 (started by Aser in C:\Users\Aser\dev\java-shareit\shareIt-gateway)
2023-08-03 19:59:04,694 INFO org.hibernate.validator.internal.util.Version [background-preinit] HV000001: Hibernate Validator 6.2.5.Final
2023-08-03 19:59:04,694 INFO org.springframework.boot.SpringApplication [main] The following 1 profile is active: "test"
2023-08-03 19:59:05,964 INFO org.springframework.mock.web.MockServletContext [main] Initializing Spring TestDispatcherServlet ''
2023-08-03 19:59:05,965 INFO org.springframework.web.servlet.FrameworkServlet [main] Initializing Servlet ''
2023-08-03 19:59:05,966 INFO org.springframework.web.servlet.FrameworkServlet [main] Completed initialization in 1 ms
2023-08-03 19:59:05,991 INFO org.springframework.boot.StartupInfoLogger [main] Started BookingControllerTest in 1.625 seconds (JVM running for 2.41)
2023-08-03 19:59:06,194 INFO ru.practicum.shareit.ErrorHandler [main] Validation failed for field: end. Error message: must be a future date
2023-08-03 19:59:06,197 INFO ru.practicum.shareit.ErrorHandler [main] Validation failed for field: validDateOrder. Error message: End date must be after start date and dates cannot be equal
2023-08-03 19:59:06,289 INFO ru.practicum.shareit.ErrorHandler [main] Validation failed for field: itemId. Error message: must not be null
2023-08-03 19:59:06,303 INFO ru.practicum.shareit.ErrorHandler [main] Validation failed for field: size. Error message: must be greater than 0
2023-08-03 19:59:06,319 INFO ru.practicum.shareit.ErrorHandler [main] Validation failed for field: userId. Error message: must be greater than 0
2023-08-03 19:59:06,330 INFO ru.practicum.shareit.ErrorHandler [main] Validation failed for field: end. Error message: must not be null
2023-08-03 19:59:06,330 INFO ru.practicum.shareit.ErrorHandler [main] Validation failed for field: itemId. Error message: must not be null
2023-08-03 19:59:06,331 INFO ru.practicum.shareit.ErrorHandler [main] Validation failed for field: validDateOrder. Error message: End date must be after start date and dates cannot be equal
2023-08-03 19:59:06,331 INFO ru.practicum.shareit.ErrorHandler [main] Validation failed for field: start. Error message: must not be null
2023-08-03 19:59:06,339 INFO ru.practicum.shareit.ErrorHandler [main] Validation failed for field: from. Error message: must be greater than or equal to 0
2023-08-03 19:59:06,346 INFO ru.practicum.shareit.ErrorHandler [main] Validation failed for field: start. Error message: must be a date in the present or in the future
2023-08-03 19:59:06,352 INFO ru.practicum.shareit.ErrorHandler [main] Malformed JSON Request: Required request body is missing: public org.springframework.http.ResponseEntity<java.lang.Object> ru.practicum.shareit.booking.BookingController.createBooking(java.lang.Long,ru.practicum.shareit.booking.dto.BookingDto)
2023-08-03 19:59:06,358 INFO ru.practicum.shareit.ErrorHandler [main] Validation failed for field: size. Error message: must be greater than 0
2023-08-03 19:59:06,365 INFO ru.practicum.shareit.ErrorHandler [main] Validation failed for field: from. Error message: must be greater than or equal to 0
2023-08-03 19:59:06,370 INFO ru.practicum.shareit.ErrorHandler [main] Method argument type mismatch: Failed to convert value of type 'java.lang.String' to required type 'java.lang.Long'; nested exception is java.lang.NumberFormatException: For input string: "1L"
2023-08-03 19:59:06,383 INFO ru.practicum.shareit.ErrorHandler [main] Validation failed for field: userId. Error message: must be greater than 0
2023-08-03 19:59:06,391 INFO ru.practicum.shareit.ErrorHandler [main] Bad booking state: Неизвестное состояние: alll
2023-08-03 19:59:06,399 INFO ru.practicum.shareit.booking.BookingController [main] Get booking with state ALL, userId=1, from=0, size=20
2023-08-03 19:59:06,408 INFO ru.practicum.shareit.ErrorHandler [main] Validation failed for field: bookingId. Error message: must be greater than 0
2023-08-03 19:59:06,416 INFO ru.practicum.shareit.ErrorHandler [main] Validation failed for field: userId. Error message: must be greater than 0
2023-08-03 19:59:06,424 INFO ru.practicum.shareit.booking.BookingController [main] Get booking with state ALL, userId=1, from=0, size=20
2023-08-03 19:59:06,431 INFO ru.practicum.shareit.ErrorHandler [main] Validation failed for field: userId. Error message: must be greater than 0
2023-08-03 19:59:06,439 INFO ru.practicum.shareit.ErrorHandler [main] Method argument type mismatch: Failed to convert value of type 'java.lang.String' to required type 'java.lang.Boolean'; nested exception is java.lang.IllegalArgumentException: Invalid boolean value [null]
2023-08-03 19:59:06,447 INFO ru.practicum.shareit.booking.BookingController [main] Get booking with state ALL, userId=1, from=0, size=20
2023-08-03 19:59:06,457 INFO org.springframework.test.context.support.AbstractTestContextBootstrapper [main] Neither @ContextConfiguration nor @ContextHierarchy found for test class [ru.practicum.shareit.booking.dto.BookingDtoJsonTest], using SpringBootContextLoader
2023-08-03 19:59:06,458 INFO org.springframework.test.context.support.AbstractContextLoader [main] Could not detect default resource locations for test class [ru.practicum.shareit.booking.dto.BookingDtoJsonTest]: no resource found for suffixes {-context.xml, Context.groovy}.
2023-08-03 19:59:06,459 INFO org.springframework.test.context.support.AnnotationConfigContextLoaderUtils [main] Could not detect default configuration classes for test class [ru.practicum.shareit.booking.dto.BookingDtoJsonTest]: BookingDtoJsonTest does not declare any static, non-private, non-final, nested classes annotated with @Configuration.
2023-08-03 19:59:06,496 INFO org.springframework.boot.test.context.SpringBootTestContextBootstrapper [main] Found @SpringBootConfiguration ru.practicum.shareit.ShareItGateway for test class ru.practicum.shareit.booking.dto.BookingDtoJsonTest
2023-08-03 19:59:06,497 INFO org.springframework.test.context.support.AbstractTestContextBootstrapper [main] Loaded default TestExecutionListener class names from location [META-INF/spring.factories]: [org.springframework.boot.test.mock.mockito.MockitoTestExecutionListener, org.springframework.boot.test.mock.mockito.ResetMocksTestExecutionListener, org.springframework.boot.test.autoconfigure.restdocs.RestDocsTestExecutionListener, org.springframework.boot.test.autoconfigure.web.client.MockRestServiceServerResetTestExecutionListener, org.springframework.boot.test.autoconfigure.web.servlet.MockMvcPrintOnlyOnFailureTestExecutionListener, org.springframework.boot.test.autoconfigure.web.servlet.WebDriverTestExecutionListener, org.springframework.boot.test.autoconfigure.webservices.client.MockWebServiceServerTestExecutionListener, org.springframework.test.context.web.ServletTestExecutionListener, org.springframework.test.context.support.DirtiesContextBeforeModesTestExecutionListener, org.springframework.test.context.event.ApplicationEventsTestExecutionListener, org.springframework.test.context.support.DependencyInjectionTestExecutionListener, org.springframework.test.context.support.DirtiesContextTestExecutionListener, org.springframework.test.context.transaction.TransactionalTestExecutionListener, org.springframework.test.context.jdbc.SqlScriptsTestExecutionListener, org.springframework.test.context.event.EventPublishingTestExecutionListener]
2023-08-03 19:59:06,498 INFO org.springframework.test.context.support.AbstractTestContextBootstrapper [main] Using TestExecutionListeners: [org.springframework.test.context.web.ServletTestExecutionListener@631bc9f4, org.springframework.test.context.support.DirtiesContextBeforeModesTestExecutionListener@642c72cf, org.springframework.test.context.event.ApplicationEventsTestExecutionListener@4e6cbdf1, org.springframework.boot.test.mock.mockito.MockitoTestExecutionListener@67fac095, org.springframework.boot.test.autoconfigure.SpringBootDependencyInjectionTestExecutionListener@5a13f1f7, org.springframework.test.context.support.DirtiesContextTestExecutionListener@5dae5a70, org.springframework.test.context.event.EventPublishingTestExecutionListener@7686f701, org.springframework.boot.test.mock.mockito.ResetMocksTestExecutionListener@47c96f2c, org.springframework.boot.test.autoconfigure.restdocs.RestDocsTestExecutionListener@210a26b, org.springframework.boot.test.autoconfigure.web.client.MockRestServiceServerResetTestExecutionListener@2dc21583, org.springframework.boot.test.autoconfigure.web.servlet.MockMvcPrintOnlyOnFailureTestExecutionListener@6cbdd1c5, org.springframework.boot.test.autoconfigure.web.servlet.WebDriverTestExecutionListener@60816371, org.springframework.boot.test.autoconfigure.webservices.client.MockWebServiceServerTestExecutionListener@678586f0]
2023-08-03 19:59:06,532 INFO org.springframework.boot.StartupInfoLogger [main] Starting BookingDtoJsonTest using Java 18.0.2 on DESKTOP-HBQA1DH with PID 3728 (started by Aser in C:\Users\Aser\dev\java-shareit\shareIt-gateway)
2023-08-03 19:59:06,532 INFO org.springframework.boot.SpringApplication [main] The following 1 profile is active: "test"
2023-08-03 19:59:06,626 INFO org.springframework.boot.StartupInfoLogger [main] Started BookingDtoJsonTest in 0.12 seconds (JVM running for 3.046)
2023-08-03 19:59:06,712 INFO org.springframework.test.context.support.AbstractTestContextBootstrapper [main] Neither @ContextConfiguration nor @ContextHierarchy found for test class [ru.practicum.shareit.item.dto.CommentDtoJsonTest], using SpringBootContextLoader
2023-08-03 19:59:06,713 INFO org.springframework.test.context.support.AbstractContextLoader [main] Could not detect default resource locations for test class [ru.practicum.shareit.item.dto.CommentDtoJsonTest]: no resource found for suffixes {-context.xml, Context.groovy}.
2023-08-03 19:59:06,714 INFO org.springframework.test.context.support.AnnotationConfigContextLoaderUtils [main] Could not detect default configuration classes for test class [ru.practicum.shareit.item.dto.CommentDtoJsonTest]: CommentDtoJsonTest does not declare any static, non-private, non-final, nested classes annotated with @Configuration.
2023-08-03 19:59:06,727 INFO org.springframework.boot.test.context.SpringBootTestContextBootstrapper [main] Found @SpringBootConfiguration ru.practicum.shareit.ShareItGateway for test class ru.practicum.shareit.item.dto.CommentDtoJsonTest
2023-08-03 19:59:06,727 INFO org.springframework.test.context.support.AbstractTestContextBootstrapper [main] Loaded default TestExecutionListener class names from location [META-INF/spring.factories]: [org.springframework.boot.test.mock.mockito.MockitoTestExecutionListener, org.springframework.boot.test.mock.mockito.ResetMocksTestExecutionListener, org.springframework.boot.test.autoconfigure.restdocs.RestDocsTestExecutionListener, org.springframework.boot.test.autoconfigure.web.client.MockRestServiceServerResetTestExecutionListener, org.springframework.boot.test.autoconfigure.web.servlet.MockMvcPrintOnlyOnFailureTestExecutionListener, org.springframework.boot.test.autoconfigure.web.servlet.WebDriverTestExecutionListener, org.springframework.boot.test.autoconfigure.webservices.client.MockWebServiceServerTestExecutionListener, org.springframework.test.context.web.ServletTestExecutionListener, org.springframework.test.context.support.DirtiesContextBeforeModesTestExecutionListener, org.springframework.test.context.event.ApplicationEventsTestExecutionListener, org.springframework.test.context.support.DependencyInjectionTestExecutionListener, org.springframework.test.context.support.DirtiesContextTestExecutionListener, org.springframework.test.context.transaction.TransactionalTestExecutionListener, org.springframework.test.context.jdbc.SqlScriptsTestExecutionListener, org.springframework.test.context.event.EventPublishingTestExecutionListener]
2023-08-03 19:59:06,729 INFO org.springframework.test.context.support.AbstractTestContextBootstrapper [main] Using TestExecutionListeners: [org.springframework.test.context.web.ServletTestExecutionListener@1d8be7b9, org.springframework.test.context.support.DirtiesContextBeforeModesTestExecutionListener@48277712, org.springframework.test.context.event.ApplicationEventsTestExecutionListener@3d53e876, org.springframework.boot.test.mock.mockito.MockitoTestExecutionListener@48d44b46, org.springframework.boot.test.autoconfigure.SpringBootDependencyInjectionTestExecutionListener@aa0dbca, org.springframework.test.context.support.DirtiesContextTestExecutionListener@794cb26b, org.springframework.test.context.event.EventPublishingTestExecutionListener@5b7ee56c, org.springframework.boot.test.mock.mockito.ResetMocksTestExecutionListener@311a0b3e, org.springframework.boot.test.autoconfigure.restdocs.RestDocsTestExecutionListener@3de8f85c, org.springframework.boot.test.autoconfigure.web.client.MockRestServiceServerResetTestExecutionListener@21abda60, org.springframework.boot.test.autoconfigure.web.servlet.MockMvcPrintOnlyOnFailureTestExecutionListener@dd20ebc, org.springframework.boot.test.autoconfigure.web.servlet.WebDriverTestExecutionListener@6c70b7c3, org.springframework.boot.test.autoconfigure.webservices.client.MockWebServiceServerTestExecutionListener@16a09809]
2023-08-03 19:59:06,741 INFO org.springframework.test.context.support.AbstractTestContextBootstrapper [main] Neither @ContextConfiguration nor @ContextHierarchy found for test class [ru.practicum.shareit.item.dto.ItemDtoJsonTest], using SpringBootContextLoader
2023-08-03 19:59:06,741 INFO org.springframework.test.context.support.AbstractContextLoader [main] Could not detect default resource locations for test class [ru.practicum.shareit.item.dto.ItemDtoJsonTest]: no resource found for suffixes {-context.xml, Context.groovy}.
2023-08-03 19:59:06,742 INFO org.springframework.test.context.support.AnnotationConfigContextLoaderUtils [main] Could not detect default configuration classes for test class [ru.practicum.shareit.item.dto.ItemDtoJsonTest]: ItemDtoJsonTest does not declare any static, non-private, non-final, nested classes annotated with @Configuration.
2023-08-03 19:59:06,746 INFO org.springframework.boot.test.context.SpringBootTestContextBootstrapper [main] Found @SpringBootConfiguration ru.practicum.shareit.ShareItGateway for test class ru.practicum.shareit.item.dto.ItemDtoJsonTest
2023-08-03 19:59:06,746 INFO org.springframework.test.context.support.AbstractTestContextBootstrapper [main] Loaded default TestExecutionListener class names from location [META-INF/spring.factories]: [org.springframework.boot.test.mock.mockito.MockitoTestExecutionListener, org.springframework.boot.test.mock.mockito.ResetMocksTestExecutionListener, org.springframework.boot.test.autoconfigure.restdocs.RestDocsTestExecutionListener, org.springframework.boot.test.autoconfigure.web.client.MockRestServiceServerResetTestExecutionListener, org.springframework.boot.test.autoconfigure.web.servlet.MockMvcPrintOnlyOnFailureTestExecutionListener, org.springframework.boot.test.autoconfigure.web.servlet.WebDriverTestExecutionListener, org.springframework.boot.test.autoconfigure.webservices.client.MockWebServiceServerTestExecutionListener, org.springframework.test.context.web.ServletTestExecutionListener, org.springframework.test.context.support.DirtiesContextBeforeModesTestExecutionListener, org.springframework.test.context.event.ApplicationEventsTestExecutionListener, org.springframework.test.context.support.DependencyInjectionTestExecutionListener, org.springframework.test.context.support.DirtiesContextTestExecutionListener, org.springframework.test.context.transaction.TransactionalTestExecutionListener, org.springframework.test.context.jdbc.SqlScriptsTestExecutionListener, org.springframework.test.context.event.EventPublishingTestExecutionListener]
2023-08-03 19:59:06,747 INFO org.springframework.test.context.support.AbstractTestContextBootstrapper [main] Using TestExecutionListeners: [org.springframework.test.context.web.ServletTestExecutionListener@4e2109fe, org.springframework.test.context.support.DirtiesContextBeforeModesTestExecutionListener@18dac12f, org.springframework.test.context.event.ApplicationEventsTestExecutionListener@36cfe107, org.springframework.boot.test.mock.mockito.MockitoTestExecutionListener@100eeedc, org.springframework.boot.test.autoconfigure.SpringBootDependencyInjectionTestExecutionListener@56266bda, org.springframework.test.context.support.DirtiesContextTestExecutionListener@18bb1b88, org.springframework.test.context.event.EventPublishingTestExecutionListener@51b51641, org.springframework.boot.test.mock.mockito.ResetMocksTestExecutionListener@362a6aa5, org.springframework.boot.test.autoconfigure.restdocs.RestDocsTestExecutionListener@53b7bf01, org.springframework.boot.test.autoconfigure.web.client.MockRestServiceServerResetTestExecutionListener@139089a4, org.springframework.boot.test.autoconfigure.web.servlet.MockMvcPrintOnlyOnFailureTestExecutionListener@6a6e9289, org.springframework.boot.test.autoconfigure.web.servlet.WebDriverTestExecutionListener@ff4b223, org.springframework.boot.test.autoconfigure.webservices.client.MockWebServiceServerTestExecutionListener@61554b6b]
2023-08-03 19:59:06,768 INFO org.springframework.test.context.support.AbstractTestContextBootstrapper [main] Neither @ContextConfiguration nor @ContextHierarchy found for test class [ru.practicum.shareit.item.dto.ShortItemDtoJsonTest], using SpringBootContextLoader
2023-08-03 19:59:06,768 INFO org.springframework.test.context.support.AbstractContextLoader [main] Could not detect default resource locations for test class [ru.practicum.shareit.item.dto.ShortItemDtoJsonTest]: no resource found for suffixes {-context.xml, Context.groovy}.
2023-08-03 19:59:06,769 INFO org.springframework.test.context.support.AnnotationConfigContextLoaderUtils [main] Could not detect default configuration classes for test class [ru.practicum.shareit.item.dto.ShortItemDtoJsonTest]: ShortItemDtoJsonTest does not declare any static, non-private, non-final, nested classes annotated with @Configuration.
2023-08-03 19:59:06,772 INFO org.springframework.boot.test.context.SpringBootTestContextBootstrapper [main] Found @SpringBootConfiguration ru.practicum.shareit.ShareItGateway for test class ru.practicum.shareit.item.dto.ShortItemDtoJsonTest
2023-08-03 19:59:06,774 INFO org.springframework.test.context.support.AbstractTestContextBootstrapper [main] Loaded default TestExecutionListener class names from location [META-INF/spring.factories]: [org.springframework.boot.test.mock.mockito.MockitoTestExecutionListener, org.springframework.boot.test.mock.mockito.ResetMocksTestExecutionListener, org.springframework.boot.test.autoconfigure.restdocs.RestDocsTestExecutionListener, org.springframework.boot.test.autoconfigure.web.client.MockRestServiceServerResetTestExecutionListener, org.springframework.boot.test.autoconfigure.web.servlet.MockMvcPrintOnlyOnFailureTestExecutionListener, org.springframework.boot.test.autoconfigure.web.servlet.WebDriverTestExecutionListener, org.springframework.boot.test.autoconfigure.webservices.client.MockWebServiceServerTestExecutionListener, org.springframework.test.context.web.ServletTestExecutionListener, org.springframework.test.context.support.DirtiesContextBeforeModesTestExecutionListener, org.springframework.test.context.event.ApplicationEventsTestExecutionListener, org.springframework.test.context.support.DependencyInjectionTestExecutionListener, org.springframework.test.context.support.DirtiesContextTestExecutionListener, org.springframework.test.context.transaction.TransactionalTestExecutionListener, org.springframework.test.context.jdbc.SqlScriptsTestExecutionListener, org.springframework.test.context.event.EventPublishingTestExecutionListener]
2023-08-03 19:59:06,775 INFO org.springframework.test.context.support.AbstractTestContextBootstrapper [main] Using TestExecutionListeners: [org.springframework.test.context.web.ServletTestExecutionListener@627bcd7e, org.springframework.test.context.support.DirtiesContextBeforeModesTestExecutionListener@70543cae, org.springframework.test.context.event.ApplicationEventsTestExecutionListener@350567f1, org.springframework.boot.test.mock.mockito.MockitoTestExecutionListener@1a5b7394, org.springframework.boot.test.autoconfigure.SpringBootDependencyInjectionTestExecutionListener@26f75d9c, org.springframework.test.context.support.DirtiesContextTestExecutionListener@7717b4a0, org.springframework.test.context.event.EventPublishingTestExecutionListener@69b37f5c, org.springframework.boot.test.mock.mockito.ResetMocksTestExecutionListener@28b5662d, org.springframework.boot.test.autoconfigure.restdocs.RestDocsTestExecutionListener@34b2d51a, org.springframework.boot.test.autoconfigure.web.client.MockRestServiceServerResetTestExecutionListener@7e4ac598, org.springframework.boot.test.autoconfigure.web.servlet.MockMvcPrintOnlyOnFailureTestExecutionListener@cf10c92, org.springframework.boot.test.autoconfigure.web.servlet.WebDriverTestExecutionListener@f76872f, org.springframework.boot.test.autoconfigure.webservices.client.MockWebServiceServerTestExecutionListener@2d4e99de]
2023-08-03 19:59:06,791 INFO org.springframework.test.context.support.AbstractTestContextBootstrapper [main] Neither @ContextConfiguration nor @ContextHierarchy found for test class [ru.practicum.shareit.item.ItemControllerTest], using SpringBootContextLoader
2023-08-03 19:59:06,791 INFO org.springframework.test.context.support.AbstractContextLoader [main] Could not detect default resource locations for test class [ru.practicum.shareit.item.ItemControllerTest]: no resource found for suffixes {-context.xml, Context.groovy}.
2023-08-03 19:59:06,792 INFO org.springframework.test.context.support.AnnotationConfigContextLoaderUtils [main] Could not detect default configuration classes for test class [ru.practicum.shareit.item.ItemControllerTest]: ItemControllerTest does not declare any static, non-private, non-final, nested classes annotated with @Configuration.
2023-08-03 19:59:06,801 INFO org.springframework.boot.test.context.SpringBootTestContextBootstrapper [main] Found @SpringBootConfiguration ru.practicum.shareit.ShareItGateway for test class ru.practicum.shareit.item.ItemControllerTest
2023-08-03 19:59:06,802 INFO org.springframework.test.context.support.AbstractTestContextBootstrapper [main] Loaded default TestExecutionListener class names from location [META-INF/spring.factories]: [org.springframework.boot.test.mock.mockito.MockitoTestExecutionListener, org.springframework.boot.test.mock.mockito.ResetMocksTestExecutionListener, org.springframework.boot.test.autoconfigure.restdocs.RestDocsTestExecutionListener, org.springframework.boot.test.autoconfigure.web.client.MockRestServiceServerResetTestExecutionListener, org.springframework.boot.test.autoconfigure.web.servlet.MockMvcPrintOnlyOnFailureTestExecutionListener, org.springframework.boot.test.autoconfigure.web.servlet.WebDriverTestExecutionListener, org.springframework.boot.test.autoconfigure.webservices.client.MockWebServiceServerTestExecutionListener, org.springframework.test.context.web.ServletTestExecutionListener, org.springframework.test.context.support.DirtiesContextBeforeModesTestExecutionListener, org.springframework.test.context.event.ApplicationEventsTestExecutionListener, org.springframework.test.context.support.DependencyInjectionTestExecutionListener, org.springframework.test.context.support.DirtiesContextTestExecutionListener, org.springframework.test.context.transaction.TransactionalTestExecutionListener, org.springframework.test.context.jdbc.SqlScriptsTestExecutionListener, org.springframework.test.context.event.EventPublishingTestExecutionListener]
2023-08-03 19:59:06,803 INFO org.springframework.test.context.support.AbstractTestContextBootstrapper [main] Using TestExecutionListeners: [org.springframework.test.context.web.ServletTestExecutionListener@152e7703, org.springframework.test.context.support.DirtiesContextBeforeModesTestExecutionListener@1b60d324, org.springframework.test.context.event.ApplicationEventsTestExecutionListener@182e4365, org.springframework.boot.test.mock.mockito.MockitoTestExecutionListener@789dd6bf, org.springframework.boot.test.autoconfigure.SpringBootDependencyInjectionTestExecutionListener@1e6d30c0, org.springframework.test.context.support.DirtiesContextTestExecutionListener@38929da, org.springframework.test.context.event.EventPublishingTestExecutionListener@69d667a5, org.springframework.boot.test.mock.mockito.ResetMocksTestExecutionListener@7fe87c0e, org.springframework.boot.test.autoconfigure.restdocs.RestDocsTestExecutionListener@8f4b803, org.springframework.boot.test.autoconfigure.web.client.MockRestServiceServerResetTestExecutionListener@42f9873e, org.springframework.boot.test.autoconfigure.web.servlet.MockMvcPrintOnlyOnFailureTestExecutionListener@18483b8b, org.springframework.boot.test.autoconfigure.web.servlet.WebDriverTestExecutionListener@24fc2c80, org.springframework.boot.test.autoconfigure.webservices.client.MockWebServiceServerTestExecutionListener@965bcbc]
2023-08-03 19:59:06,822 INFO org.springframework.boot.StartupInfoLogger [main] Starting ItemControllerTest using Java 18.0.2 on DESKTOP-HBQA1DH with PID 3728 (started by Aser in C:\Users\Aser\dev\java-shareit\shareIt-gateway)
2023-08-03 19:59:06,823 INFO org.springframework.boot.SpringApplication [main] The following 1 profile is active: "test"
2023-08-03 19:59:07,201 INFO org.springframework.mock.web.MockServletContext [main] Initializing Spring TestDispatcherServlet ''
2023-08-03 19:59:07,201 INFO org.springframework.web.servlet.FrameworkServlet [main] Initializing Servlet ''
2023-08-03 19:59:07,203 INFO org.springframework.web.servlet.FrameworkServlet [main] Completed initialization in 2 ms
2023-08-03 19:59:07,212 INFO org.springframework.boot.StartupInfoLogger [main] Started ItemControllerTest in 0.407 seconds (JVM running for 3.631)
2023-08-03 19:59:07,221 INFO ru.practicum.shareit.ErrorHandler [main] Method argument type mismatch: Failed to convert value of type 'java.lang.String' to required type 'java.lang.Long'; nested exception is java.lang.NumberFormatException: For input string: "1L"
2023-08-03 19:59:07,255 INFO ru.practicum.shareit.item.ItemController [main] Request on add ItemDto(id=0, name=Drel, description=Дрель ударная, available=true, requestId=null), user id: 1
2023-08-03 19:59:07,273 INFO ru.practicum.shareit.ErrorHandler [main] Validation failed for field: size. Error message: must be greater than 0
2023-08-03 19:59:07,281 INFO ru.practicum.shareit.ErrorHandler [main] Validation failed for field: size. Error message: must be greater than 0
2023-08-03 19:59:07,296 INFO ru.practicum.shareit.item.ItemController [main] Request on add comment super puper, item id: 1, user id: 1
2023-08-03 19:59:07,304 INFO ru.practicum.shareit.ErrorHandler [main] Validation failed for field: userId. Error message: must be greater than 0
2023-08-03 19:59:07,310 INFO ru.practicum.shareit.item.ItemController [main] Request on get all for user id: 1
2023-08-03 19:59:07,317 INFO ru.practicum.shareit.ErrorHandler [main] Validation failed for field: userId. Error message: must be greater than 0
2023-08-03 19:59:07,322 INFO ru.practicum.shareit.ErrorHandler [main] Missing request header: Required request header 'X-Sharer-User-Id' for method parameter type Long is not present
2023-08-03 19:59:07,327 INFO ru.practicum.shareit.ErrorHandler [main] Malformed JSON Request: Required request body is missing: public org.springframework.http.ResponseEntity<java.lang.Object> ru.practicum.shareit.item.ItemController.add(java.lang.Long,ru.practicum.shareit.item.dto.ItemDto)
2023-08-03 19:59:07,332 INFO ru.practicum.shareit.ErrorHandler [main] Validation failed for field: name. Error message: Name can't blank
2023-08-03 19:59:07,337 INFO ru.practicum.shareit.ErrorHandler [main] Malformed JSON Request: Required request body is missing: public org.springframework.http.ResponseEntity<java.lang.Object> ru.practicum.shareit.item.ItemController.edit(java.lang.Long,java.lang.Long,ru.practicum.shareit.item.dto.ItemDto)
2023-08-03 19:59:07,344 INFO ru.practicum.shareit.ErrorHandler [main] Validation failed for field: text. Error message: must not be blank
2023-08-03 19:59:07,350 INFO ru.practicum.shareit.ErrorHandler [main] Validation failed for field: from. Error message: must be greater than or equal to 0
2023-08-03 19:59:07,356 INFO ru.practicum.shareit.ErrorHandler [main] Validation failed for field: itemId. Error message: must be greater than 0
2023-08-03 19:59:07,361 INFO ru.practicum.shareit.item.ItemController [main] Request on edit item id: 1, ItemDto(id=0, name=Drel, description=Дрель ударная, available=true, requestId=null), user id: 1
2023-08-03 19:59:07,365 INFO ru.practicum.shareit.item.ItemController [main] Request from user ID: 1 on get item. ID: 1
2023-08-03 19:59:07,370 INFO ru.practicum.shareit.ErrorHandler [main] Validation failed for field: from. Error message: must be greater than or equal to 0
2023-08-03 19:59:07,374 INFO ru.practicum.shareit.ErrorHandler [main] Validation failed for field: text. Error message: must not be blank
2023-08-03 19:59:07,378 INFO ru.practicum.shareit.item.ItemController [main] Request on search text:  
2023-08-03 19:59:07,384 INFO ru.practicum.shareit.ErrorHandler [main] Validation failed for field: text. Error message: must not be blank
2023-08-03 19:59:07,389 INFO ru.practicum.shareit.ErrorHandler [main] Validation failed for field: available. Error message: Available should be specified
2023-08-03 19:59:07,393 INFO ru.practicum.shareit.ErrorHandler [main] Validation failed for field: userId. Error message: must be greater than 0
2023-08-03 19:59:07,397 INFO ru.practicum.shareit.item.ItemController [main] Request on search text: search
2023-08-03 19:59:07,402 INFO ru.practicum.shareit.ErrorHandler [main] Method argument type mismatch: Failed to convert value of type 'java.lang.String' to required type 'java.lang.Long'; nested exception is java.lang.NumberFormatException: For input string: "1L"
2023-08-03 19:59:07,408 INFO ru.practicum.shareit.ErrorHandler [main] Validation failed for field: description. Error message: Description can't blank
2023-08-03 19:59:07,409 INFO ru.practicum.shareit.ErrorHandler [main] Validation failed for field: available. Error message: Available should be specified
2023-08-03 19:59:07,416 INFO ru.practicum.shareit.ErrorHandler [main] Validation failed for field: userId. Error message: must be greater than 0
2023-08-03 19:59:07,421 INFO ru.practicum.shareit.ErrorHandler [main] Validation failed for field: description. Error message: Description can't blank
2023-08-03 19:59:07,426 INFO org.springframework.test.context.support.AbstractTestContextBootstrapper [main] Neither @ContextConfiguration nor @ContextHierarchy found for test class [ru.practicum.shareit.request.dto.RequestDtoJsonTest], using SpringBootContextLoader
2023-08-03 19:59:07,426 INFO org.springframework.test.context.support.AbstractContextLoader [main] Could not detect default resource locations for test class [ru.practicum.shareit.request.dto.RequestDtoJsonTest]: no resource found for suffixes {-context.xml, Context.groovy}.
2023-08-03 19:59:07,427 INFO org.springframework.test.context.support.AnnotationConfigContextLoaderUtils [main] Could not detect default configuration classes for test class [ru.practicum.shareit.request.dto.RequestDtoJsonTest]: RequestDtoJsonTest does not declare any static, non-private, non-final, nested classes annotated with @Configuration.
2023-08-03 19:59:07,437 INFO org.springframework.boot.test.context.SpringBootTestContextBootstrapper [main] Found @SpringBootConfiguration ru.practicum.shareit.ShareItGateway for test class ru.practicum.shareit.request.dto.RequestDtoJsonTest
2023-08-03 19:59:07,438 INFO org.springframework.test.context.support.AbstractTestContextBootstrapper [main] Loaded default TestExecutionListener class names from location [META-INF/spring.factories]: [org.springframework.boot.test.mock.mockito.MockitoTestExecutionListener, org.springframework.boot.test.mock.mockito.ResetMocksTestExecutionListener, org.springframework.boot.test.autoconfigure.restdocs.RestDocsTestExecutionListener, org.springframework.boot.test.autoconfigure.web.client.MockRestServiceServerResetTestExecutionListener, org.springframework.boot.test.autoconfigure.web.servlet.MockMvcPrintOnlyOnFailureTestExecutionListener, org.springframework.boot.test.autoconfigure.web.servlet.WebDriverTestExecutionListener, org.springframework.boot.test.autoconfigure.webservices.client.MockWebServiceServerTestExecutionListener, org.springframework.test.context.web.ServletTestExecutionListener, org.springframework.test.context.support.DirtiesContextBeforeModesTestExecutionListener, org.springframework.test.context.event.ApplicationEventsTestExecutionListener, org.springframework.test.context.support.DependencyInjectionTestExecutionListener, org.springframework.test.context.support.DirtiesContextTestExecutionListener, org.springframework.test.context.transaction.TransactionalTestExecutionListener, org.springframework.test.context.jdbc.SqlScriptsTestExecutionListener, org.springframework.test.context.event.EventPublishingTestExecutionListener]
2023-08-03 19:59:07,439 INFO org.springframework.test.context.support.AbstractTestContextBootstrapper [main] Using TestExecutionListeners: [org.springframework.test.context.web.ServletTestExecutionListener@7c69e1e1, org.springframework.test.context.support.DirtiesContextBeforeModesTestExecutionListener@7b52b18a, org.springframework.test.context.event.ApplicationEventsTestExecutionListener@1bc6c20d, org.springframework.boot.test.mock.mockito.MockitoTestExecutionListener@aedc426, org.springframework.boot.test.autoconfigure.SpringBootDependencyInjectionTestExecutionListener@39b85a73, org.springframework.test.context.support.DirtiesContextTestExecutionListener@5788722f, org.springframework.test.context.event.EventPublishingTestExecutionListener@7a730479, org.springframework.boot.test.mock.mockito.ResetMocksTestExecutionListener@1e5b33e5, org.springframework.boot.test.autoconfigure.restdocs.RestDocsTestExecutionListener@654b899f, org.springframework.boot.test.autoconfigure.web.client.MockRestServiceServerResetTestExecutionListener@71468613, org.springframework.boot.test.autoconfigure.web.servlet.MockMvcPrintOnlyOnFailureTestExecutionListener@13f4048e, org.springframework.boot.test.autoconfigure.web.servlet.WebDriverTestExecutionListener@5477d90e, org.springframework.boot.test.autoconfigure.webservices.client.MockWebServiceServerTestExecutionListener@6dc9a56e]
2023-08-03 19:59:07,472 INFO org.springframework.test.context.support.AbstractTestContextBootstrapper [main] Neither @ContextConfiguration nor @ContextHierarchy found for test class [ru.practicum.shareit.request.RequestControllerTest], using SpringBootContextLoader
2023-08-03 19:59:07,473 INFO org.springframework.test.context.support.AbstractContextLoader [main] Could not detect default resource locations for test class [ru.practicum.shareit.request.RequestControllerTest]: no resource found for suffixes {-context.xml, Context.groovy}.
2023-08-03 19:59:07,473 INFO org.springframework.test.context.support.AnnotationConfigContextLoaderUtils [main] Could not detect default configuration classes for test class [ru.practicum.shareit.request.RequestControllerTest]: RequestControllerTest does not declare any static, non-private, non-final, nested classes annotated with @Configuration.
2023-08-03 19:59:07,484 INFO org.springframework.boot.test.context.SpringBootTestContextBootstrapper [main] Found @SpringBootConfiguration ru.practicum.shareit.ShareItGateway for test class ru.practicum.shareit.request.RequestControllerTest
2023-08-03 19:59:07,485 INFO org.springframework.test.context.support.AbstractTestContextBootstrapper [main] Loaded default TestExecutionListener class names from location [META-INF/spring.factories]: [org.springframework.boot.test.mock.mockito.MockitoTestExecutionListener, org.springframework.boot.test.mock.mockito.ResetMocksTestExecutionListener, org.springframework.boot.test.autoconfigure.restdocs.RestDocsTestExecutionListener, org.springframework.boot.test.autoconfigure.web.client.MockRestServiceServerResetTestExecutionListener, org.springframework.boot.test.autoconfigure.web.servlet.MockMvcPrintOnlyOnFailureTestExecutionListener, org.springframework.boot.test.autoconfigure.web.servlet.WebDriverTestExecutionListener, org.springframework.boot.test.autoconfigure.webservices.client.MockWebServiceServerTestExecutionListener, org.springframework.test.context.web.ServletTestExecutionListener, org.springframework.test.context.support.DirtiesContextBeforeModesTestExecutionListener, org.springframework.test.context.event.ApplicationEventsTestExecutionListener, org.springframework.test.context.support.DependencyInjectionTestExecutionListener, org.springframework.test.context.support.DirtiesContextTestExecutionListener, org.springframework.test.context.transaction.TransactionalTestExecutionListener, org.springframework.test.context.jdbc.SqlScriptsTestExecutionListener, org.springframework.test.context.event.EventPublishingTestExecutionListener]
2023-08-03 19:59:07,486 INFO org.springframework.test.context.support.AbstractTestContextBootstrapper [main] Using TestExecutionListeners: [org.springframework.test.context.web.ServletTestExecutionListener@4f676900, org.springframework.test.context.support.DirtiesContextBeforeModesTestExecutionListener@73a49597, org.springframework.test.context.event.ApplicationEventsTestExecutionListener@5eb2972f, org.springframework.boot.test.mock.mockito.MockitoTestExecutionListener@29699283, org.springframework.boot.test.autoconfigure.SpringBootDependencyInjectionTestExecutionListener@5d32c1c7, org.springframework.test.context.support.DirtiesContextTestExecutionListener@a6dffdb, org.springframework.test.context.event.EventPublishingTestExecutionListener@40ac0a56, org.springframework.boot.test.mock.mockito.ResetMocksTestExecutionListener@25b4754a, org.springframework.boot.test.autoconfigure.restdocs.RestDocsTestExecutionListener@6ec3a4c2, org.springframework.boot.test.autoconfigure.web.client.MockRestServiceServerResetTestExecutionListener@bb50de6, org.springframework.boot.test.autoconfigure.web.servlet.MockMvcPrintOnlyOnFailureTestExecutionListener@2b6b487c, org.springframework.boot.test.autoconfigure.web.servlet.WebDriverTestExecutionListener@2d73767e, org.springframework.boot.test.autoconfigure.webservices.client.MockWebServiceServerTestExecutionListener@5e6522a6]
2023-08-03 19:59:07,510 INFO org.springframework.boot.StartupInfoLogger [main] Starting RequestControllerTest using Java 18.0.2 on DESKTOP-HBQA1DH with PID 3728 (started by Aser in C:\Users\Aser\dev\java-shareit\shareIt-gateway)
2023-08-03 19:59:07,510 INFO org.springframework.boot.SpringApplication [main] The following 1 profile is active: "test"
2023-08-03 19:59:07,850 INFO org.springframework.mock.web.MockServletContext [main] Initializing Spring TestDispatcherServlet ''
2023-08-03 19:59:07,850 INFO org.springframework.web.servlet.FrameworkServlet [main] Initializing Servlet ''
2023-08-03 19:59:07,851 INFO org.springframework.web.servlet.FrameworkServlet [main] Completed initialization in 0 ms
2023-08-03 19:59:07,861 INFO org.springframework.boot.StartupInfoLogger [main] Started RequestControllerTest in 0.372 seconds (JVM running for 4.28)
2023-08-03 19:59:07,879 INFO ru.practicum.shareit.ErrorHandler [main] Validation failed for field: userId. Error message: must be greater than 0
2023-08-03 19:59:07,885 INFO ru.practicum.shareit.ErrorHandler [main] Validation failed for field: requestId. Error message: must be greater than 0
2023-08-03 19:59:07,890 INFO ru.practicum.shareit.ErrorHandler [main] Method argument type mismatch: Failed to convert value of type 'java.lang.String' to required type 'java.lang.Long'; nested exception is java.lang.NumberFormatException: For input string: "1L"
2023-08-03 19:59:07,900 INFO ru.practicum.shareit.request.RequestController [main] Request on get all requests
2023-08-03 19:59:07,905 INFO ru.practicum.shareit.ErrorHandler [main] Validation failed for field: size. Error message: must be greater than 0
2023-08-03 19:59:07,911 INFO ru.practicum.shareit.ErrorHandler [main] Validation failed for field: description. Error message: Description can't blank
2023-08-03 19:59:07,915 INFO ru.practicum.shareit.ErrorHandler [main] Validation failed for field: from. Error message: must be greater than or equal to 0
2023-08-03 19:59:07,919 INFO ru.practicum.shareit.ErrorHandler [main] Validation failed for field: description. Error message: Description can't blank
2023-08-03 19:59:07,924 INFO ru.practicum.shareit.ErrorHandler [main] Validation failed for field: size. Error message: must be greater than 0
2023-08-03 19:59:07,929 INFO ru.practicum.shareit.ErrorHandler [main] Validation failed for field: userId. Error message: must be greater than 0
2023-08-03 19:59:07,932 INFO ru.practicum.shareit.request.RequestController [main] Request from user ID: 1 on get request. ID: 1
2023-08-03 19:59:07,937 INFO ru.practicum.shareit.request.RequestController [main] Request on get all requests from user id: 1
2023-08-03 19:59:07,940 INFO ru.practicum.shareit.request.RequestController [main] Add request on item RequestDto(id=0, description=I need to test, created=null, items=null), user id: 1
2023-08-03 19:59:07,946 INFO ru.practicum.shareit.ErrorHandler [main] Validation failed for field: userId. Error message: must be greater than 0
2023-08-03 19:59:07,950 INFO ru.practicum.shareit.ErrorHandler [main] Validation failed for field: userId. Error message: must be greater than 0
2023-08-03 19:59:07,957 INFO ru.practicum.shareit.ErrorHandler [main] Validation failed for field: from. Error message: must be greater than or equal to 0
2023-08-03 19:59:07,961 INFO ru.practicum.shareit.ErrorHandler [main] Malformed JSON Request: Required request body is missing: public org.springframework.http.ResponseEntity<java.lang.Object> ru.practicum.shareit.request.RequestController.add(java.lang.Long,ru.practicum.shareit.request.dto.RequestDto)
2023-08-03 19:59:07,963 INFO org.springframework.test.context.support.AbstractTestContextBootstrapper [main] Neither @ContextConfiguration nor @ContextHierarchy found for test class [ru.practicum.shareit.ShareItTests], using SpringBootContextLoader
2023-08-03 19:59:07,964 INFO org.springframework.test.context.support.AbstractContextLoader [main] Could not detect default resource locations for test class [ru.practicum.shareit.ShareItTests]: no resource found for suffixes {-context.xml, Context.groovy}.
2023-08-03 19:59:07,964 INFO org.springframework.test.context.support.AnnotationConfigContextLoaderUtils [main] Could not detect default configuration classes for test class [ru.practicum.shareit.ShareItTests]: ShareItTests does not declare any static, non-private, non-final, nested classes annotated with @Configuration.
2023-08-03 19:59:07,967 INFO org.springframework.boot.test.context.SpringBootTestContextBootstrapper [main] Found @SpringBootConfiguration ru.practicum.shareit.ShareItGateway for test class ru.practicum.shareit.ShareItTests
2023-08-03 19:59:07,970 INFO org.springframework.test.context.support.AbstractTestContextBootstrapper [main] Loaded default TestExecutionListener class names from location [META-INF/spring.factories]: [org.springframework.boot.test.mock.mockito.MockitoTestExecutionListener, org.springframework.boot.test.mock.mockito.ResetMocksTestExecutionListener, org.springframework.boot.test.autoconfigure.restdocs.RestDocsTestExecutionListener, org.springframework.boot.test.autoconfigure.web.client.MockRestServiceServerResetTestExecutionListener, org.springframework.boot.test.autoconfigure.web.servlet.MockMvcPrintOnlyOnFailureTestExecutionListener, org.springframework.boot.test.autoconfigure.web.servlet.WebDriverTestExecutionListener, org.springframework.boot.test.autoconfigure.webservices.client.MockWebServiceServerTestExecutionListener, org.springframework.test.context.web.ServletTestExecutionListener, org.springframework.test.context.support.DirtiesContextBeforeModesTestExecutionListener, org.springframework.test.context.event.ApplicationEventsTestExecutionListener, org.springframework.test.context.support.DependencyInjectionTestExecutionListener, org.springframework.test.context.support.DirtiesContextTestExecutionListener, org.springframework.test.context.transaction.TransactionalTestExecutionListener, org.springframework.test.context.jdbc.SqlScriptsTestExecutionListener, org.springframework.test.context.event.EventPublishingTestExecutionListener]
2023-08-03 19:59:07,970 INFO org.springframework.test.context.support.AbstractTestContextBootstrapper [main] Using TestExecutionListeners: [org.springframework.test.context.web.ServletTestExecutionListener@4e51eda7, org.springframework.test.context.support.DirtiesContextBeforeModesTestExecutionListener@2862271a, org.springframework.test.context.event.ApplicationEventsTestExecutionListener@2419fe6f, org.springframework.boot.test.mock.mockito.MockitoTestExecutionListener@78fb72cb, org.springframework.boot.test.autoconfigure.SpringBootDependencyInjectionTestExecutionListener@398694a6, org.springframework.test.context.support.DirtiesContextTestExecutionListener@653e7b, org.springframework.test.context.event.EventPublishingTestExecutionListener@6b64429e, org.springframework.boot.test.mock.mockito.ResetMocksTestExecutionListener@48aa0813, org.springframework.boot.test.autoconfigure.restdocs.RestDocsTestExecutionListener@45849604, org.springframework.boot.test.autoconfigure.web.client.MockRestServiceServerResetTestExecutionListener@6cbbfe29, org.springframework.boot.test.autoconfigure.web.servlet.MockMvcPrintOnlyOnFailureTestExecutionListener@25823192, org.springframework.boot.test.autoconfigure.web.servlet.WebDriverTestExecutionListener@3df04fa1, org.springframework.boot.test.autoconfigure.webservices.client.MockWebServiceServerTestExecutionListener@5c25daad]
2023-08-03 19:59:07,983 INFO org.springframework.boot.StartupInfoLogger [main] Starting ShareItTests using Java 18.0.2 on DESKTOP-HBQA1DH with PID 3728 (started by Aser in C:\Users\Aser\dev\java-shareit\shareIt-gateway)
2023-08-03 19:59:07,983 INFO org.springframework.boot.SpringApplication [main] The following 1 profile is active: "test"
2023-08-03 19:59:09,063 INFO org.springframework.boot.actuate.endpoint.web.EndpointLinksResolver [main] Exposing 1 endpoint(s) beneath base path '/actuator'
2023-08-03 19:59:09,088 INFO org.springframework.boot.StartupInfoLogger [main] Started ShareItTests in 1.117 seconds (JVM running for 5.508)
2023-08-03 19:59:09,124 INFO org.springframework.test.context.support.AbstractTestContextBootstrapper [main] Neither @ContextConfiguration nor @ContextHierarchy found for test class [ru.practicum.shareit.user.dto.UserDtoJsonTest], using SpringBootContextLoader
2023-08-03 19:59:09,124 INFO org.springframework.test.context.support.AbstractContextLoader [main] Could not detect default resource locations for test class [ru.practicum.shareit.user.dto.UserDtoJsonTest]: no resource found for suffixes {-context.xml, Context.groovy}.
2023-08-03 19:59:09,125 INFO org.springframework.test.context.support.AnnotationConfigContextLoaderUtils [main] Could not detect default configuration classes for test class [ru.practicum.shareit.user.dto.UserDtoJsonTest]: UserDtoJsonTest does not declare any static, non-private, non-final, nested classes annotated with @Configuration.
2023-08-03 19:59:09,134 INFO org.springframework.boot.test.context.SpringBootTestContextBootstrapper [main] Found @SpringBootConfiguration ru.practicum.shareit.ShareItGateway for test class ru.practicum.shareit.user.dto.UserDtoJsonTest
2023-08-03 19:59:09,134 INFO org.springframework.test.context.support.AbstractTestContextBootstrapper [main] Loaded default TestExecutionListener class names from location [META-INF/spring.factories]: [org.springframework.boot.test.mock.mockito.MockitoTestExecutionListener, org.springframework.boot.test.mock.mockito.ResetMocksTestExecutionListener, org.springframework.boot.test.autoconfigure.restdocs.RestDocsTestExecutionListener, org.springframework.boot.test.autoconfigure.web.client.MockRestServiceServerResetTestExecutionListener, org.springframework.boot.test.autoconfigure.web.servlet.MockMvcPrintOnlyOnFailureTestExecutionListener, org.springframework.boot.test.autoconfigure.web.servlet.WebDriverTestExecutionListener, org.springframework.boot.test.autoconfigure.webservices.client.MockWebServiceServerTestExecutionListener, org.springframework.test.context.web.ServletTestExecutionListener, org.springframework.test.context.support.DirtiesContextBeforeModesTestExecutionListener, org.springframework.test.context.event.ApplicationEventsTestExecutionListener, org.springframework.test.context.support.DependencyInjectionTestExecutionListener, org.springframework.test.context.support.DirtiesContextTestExecutionListener, org.springframework.test.context.transaction.TransactionalTestExecutionListener, org.springframework.test.context.jdbc.SqlScriptsTestExecutionListener, org.springframework.test.context.event.EventPublishingTestExecutionListener]
2023-08-03 19:59:09,135 INFO org.springframework.test.context.support.AbstractTestContextBootstrapper [main] Using TestExecutionListeners: [org.springframework.test.context.web.ServletTestExecutionListener@3c108c05, org.springframework.test.context.support.DirtiesContextBeforeModesTestExecutionListener@193d7ac7, org.springframework.test.context.event.ApplicationEventsTestExecutionListener@7d0333c8, org.springframework.boot.test.mock.mockito.MockitoTestExecutionListener@185b7cc6, org.springframework.boot.test.autoconfigure.SpringBootDependencyInjectionTestExecutionListener@2093bb6c, org.springframework.test.context.support.DirtiesContextTestExecutionListener@528a16fb, org.springframework.test.context.event.EventPublishingTestExecutionListener@3673e211, org.springframework.boot.test.mock.mockito.ResetMocksTestExecutionListener@758d0555, org.springframework.boot.test.autoconfigure.restdocs.RestDocsTestExecutionListener@48788853, org.springframework.boot.test.autoconfigure.web.client.MockRestServiceServerResetTestExecutionListener@4ac77269, org.springframework.boot.test.autoconfigure.web.servlet.MockMvcPrintOnlyOnFailureTestExecutionListener@638d624a, org.springframework.boot.test.autoconfigure.web.servlet.WebDriverTestExecutionListener@7eb774c3, org.springframework.boot.test.autoconfigure.webservices.client.MockWebServiceServerTestExecutionListener@72015156]
2023-08-03 19:59:09,142 INFO org.springframework.test.context.support.AbstractTestContextBootstrapper [main] Neither @ContextConfiguration nor @ContextHierarchy found for test class [ru.practicum.shareit.user.UserControllerTest], using SpringBootContextLoader
2023-08-03 19:59:09,143 INFO org.springframework.test.context.support.AbstractContextLoader [main] Could not detect default resource locations for test class [ru.practicum.shareit.user.UserControllerTest]: no resource found for suffixes {-context.xml, Context.groovy}.
2023-08-03 19:59:09,143 INFO org.springframework.test.context.support.AnnotationConfigContextLoaderUtils [main] Could not detect default configuration classes for test class [ru.practicum.shareit.user.UserControllerTest]: UserControllerTest does not declare any static, non-private, non-final, nested classes annotated with @Configuration.
2023-08-03 19:59:09,151 INFO org.springframework.boot.test.context.SpringBootTestContextBootstrapper [main] Found @SpringBootConfiguration ru.practicum.shareit.ShareItGateway for test class ru.practicum.shareit.user.UserControllerTest
2023-08-03 19:59:09,151 INFO org.springframework.test.context.support.AbstractTestContextBootstrapper [main] Loaded default TestExecutionListener class names from location [META-INF/spring.factories]: [org.springframework.boot.test.mock.mockito.MockitoTestExecutionListener, org.springframework.boot.test.mock.mockito.ResetMocksTestExecutionListener, org.springframework.boot.test.autoconfigure.restdocs.RestDocsTestExecutionListener, org.springframework.boot.test.autoconfigure.web.client.MockRestServiceServerResetTestExecutionListener, org.springframework.boot.test.autoconfigure.web.servlet.MockMvcPrintOnlyOnFailureTestExecutionListener, org.springframework.boot.test.autoconfigure.web.servlet.WebDriverTestExecutionListener, org.springframework.boot.test.autoconfigure.webservices.client.MockWebServiceServerTestExecutionListener, org.springframework.test.context.web.ServletTestExecutionListener, org.springframework.test.context.support.DirtiesContextBeforeModesTestExecutionListener, org.springframework.test.context.event.ApplicationEventsTestExecutionListener, org.springframework.test.context.support.DependencyInjectionTestExecutionListener, org.springframework.test.context.support.DirtiesContextTestExecutionListener, org.springframework.test.context.transaction.TransactionalTestExecutionListener, org.springframework.test.context.jdbc.SqlScriptsTestExecutionListener, org.springframework.test.context.event.EventPublishingTestExecutionListener]
2023-08-03 19:59:09,152 INFO org.springframework.test.context.support.AbstractTestContextBootstrapper [main] Using TestExecutionListeners: [org.springframework.test.context.web.ServletTestExecutionListener@3b0c38f2, org.springframework.test.context.support.DirtiesContextBeforeModesTestExecutionListener@5cc152f9, org.springframework.test.context.event.ApplicationEventsTestExecutionListener@36f497b1, org.springframework.boot.test.mock.mockito.MockitoTestExecutionListener@4b86a656, org.springframework.boot.test.autoconfigure.SpringBootDependencyInjectionTestExecutionListener@1117cc7c, org.springframework.test.context.support.DirtiesContextTestExecutionListener@4797023d, org.springframework.test.context.event.EventPublishingTestExecutionListener@55cc4c61, org.springframework.boot.test.mock.mockito.ResetMocksTestExecutionListener@2b06f498, org.springframework.boot.test.autoconfigure.restdocs.RestDocsTestExecutionListener@4ddb9a8, org.springframework.boot.test.autoconfigure.web.client.MockRestServiceServerResetTestExecutionListener@7b24d5e4, org.springframework.boot.test.autoconfigure.web.servlet.MockMvcPrintOnlyOnFailureTestExecutionListener@4c3c31a5, org.springframework.boot.test.autoconfigure.web.servlet.WebDriverTestExecutionListener@5002be8e, org.springframework.boot.test.autoconfigure.webservices.client.MockWebServiceServerTestExecutionListener@39fb5ddf]
2023-08-03 19:59:09,167 INFO org.springframework.boot.StartupInfoLogger [main] Starting UserControllerTest using Java 18.0.2 on DESKTOP-HBQA1DH with PID 3728 (started by Aser in C:\Users\Aser\dev\java-shareit\shareIt-gateway)
2023-08-03 19:59:09,167 INFO org.springframework.boot.SpringApplication [main] The following 1 profile is active: "test"
2023-08-03 19:59:09,452 INFO org.springframework.mock.web.MockServletContext [main] Initializing Spring TestDispatcherServlet ''
2023-08-03 19:59:09,453 INFO org.springframework.web.servlet.FrameworkServlet [main] Initializing Servlet ''
2023-08-03 19:59:09,453 INFO org.springframework.web.servlet.FrameworkServlet [main] Completed initialization in 0 ms
2023-08-03 19:59:09,463 INFO org.springframework.boot.StartupInfoLogger [main] Started UserControllerTest in 0.31 seconds (JVM running for 5.883)
2023-08-03 19:59:09,470 INFO ru.practicum.shareit.ErrorHandler [main] Malformed JSON Request: Required request body is missing: public org.springframework.http.ResponseEntity<java.lang.Object> ru.practicum.shareit.user.UserController.update(ru.practicum.shareit.user.dto.UserDto,java.lang.Long)
2023-08-03 19:59:09,478 INFO ru.practicum.shareit.ErrorHandler [main] Method argument type mismatch: Failed to convert value of type 'java.lang.String' to required type 'java.lang.Long'; nested exception is java.lang.NumberFormatException: For input string: "0L"
2023-08-03 19:59:09,505 INFO ru.practicum.shareit.ErrorHandler [main] Malformed JSON Request: Required request body is missing: public org.springframework.http.ResponseEntity<java.lang.Object> ru.practicum.shareit.user.UserController.update(ru.practicum.shareit.user.dto.UserDto,java.lang.Long)
2023-08-03 19:59:09,513 INFO ru.practicum.shareit.ErrorHandler [main] Validation failed for field: email. Error message: Email can not be null
2023-08-03 19:59:09,520 INFO ru.practicum.shareit.user.UserController [main] Request to delete with id: 1
2023-08-03 19:59:09,526 INFO ru.practicum.shareit.ErrorHandler [main] Validation failed for field: id. Error message: ID should be positive
2023-08-03 19:59:09,532 INFO ru.practicum.shareit.ErrorHandler [main] Validation failed for field: email. Error message: Email can not be null
2023-08-03 19:59:09,536 INFO ru.practicum.shareit.ErrorHandler [main] Malformed JSON Request: Required request body is missing: public org.springframework.http.ResponseEntity<java.lang.Object> ru.practicum.shareit.user.UserController.create(ru.practicum.shareit.user.dto.UserDto)
2023-08-03 19:59:09,542 INFO ru.practicum.shareit.user.UserController [main] Has been updated: null
2023-08-03 19:59:09,548 INFO ru.practicum.shareit.user.UserController [main] Request to get user with ID: 1
2023-08-03 19:59:09,554 INFO ru.practicum.shareit.ErrorHandler [main] Validation failed for field: id. Error message: ID should be positive
2023-08-03 19:59:09,559 INFO ru.practicum.shareit.ErrorHandler [main] Method argument type mismatch: Failed to convert value of type 'java.lang.String' to required type 'java.lang.Long'; nested exception is java.lang.NumberFormatException: For input string: "1L"
2023-08-03 19:59:09,564 INFO ru.practicum.shareit.ErrorHandler [main] Method argument type mismatch: Failed to convert value of type 'java.lang.String' to required type 'java.lang.Long'; nested exception is java.lang.NumberFormatException: For input string: "1L"
2023-08-03 19:59:09,568 INFO ru.practicum.shareit.user.UserController [main] Request on get all
2023-08-03 19:59:09,572 INFO ru.practicum.shareit.ErrorHandler [main] Validation failed for field: email. Error message: Email is wrong
2023-08-03 20:01:19,775 INFO org.hibernate.validator.internal.util.Version [background-preinit] HV000001: Hibernate Validator 6.2.5.Final
2023-08-03 20:01:19,778 INFO org.springframework.boot.StartupInfoLogger [main] Starting BookingControllerTest using Java 18.0.2 on DESKTOP-HBQA1DH with PID 15000 (started by Aser in C:\Users\Aser\dev\java-shareit\shareIt-gateway)
2023-08-03 20:01:19,779 INFO org.springframework.boot.SpringApplication [main] The following 1 profile is active: "test"
2023-08-03 20:01:21,060 INFO org.springframework.mock.web.MockServletContext [main] Initializing Spring TestDispatcherServlet ''
2023-08-03 20:01:21,060 INFO org.springframework.web.servlet.FrameworkServlet [main] Initializing Servlet ''
2023-08-03 20:01:21,061 INFO org.springframework.web.servlet.FrameworkServlet [main] Completed initialization in 0 ms
2023-08-03 20:01:21,083 INFO org.springframework.boot.StartupInfoLogger [main] Started BookingControllerTest in 1.645 seconds (JVM running for 2.382)
2023-08-03 20:01:21,289 INFO ru.practicum.shareit.ErrorHandler [main] Validation failed for field: end. Error message: must be a future date
2023-08-03 20:01:21,291 INFO ru.practicum.shareit.ErrorHandler [main] Validation failed for field: validDateOrder. Error message: End date must be after start date and dates cannot be equal
2023-08-03 20:01:21,370 INFO ru.practicum.shareit.ErrorHandler [main] Validation failed for field: itemId. Error message: must not be null
2023-08-03 20:01:21,386 INFO ru.practicum.shareit.ErrorHandler [main] Validation failed for field: size. Error message: must be greater than 0
2023-08-03 20:01:21,403 INFO ru.practicum.shareit.ErrorHandler [main] Validation failed for field: userId. Error message: must be greater than 0
2023-08-03 20:01:21,413 INFO ru.practicum.shareit.ErrorHandler [main] Validation failed for field: validDateOrder. Error message: End date must be after start date and dates cannot be equal
2023-08-03 20:01:21,414 INFO ru.practicum.shareit.ErrorHandler [main] Validation failed for field: end. Error message: must not be null
2023-08-03 20:01:21,414 INFO ru.practicum.shareit.ErrorHandler [main] Validation failed for field: start. Error message: must not be null
2023-08-03 20:01:21,414 INFO ru.practicum.shareit.ErrorHandler [main] Validation failed for field: itemId. Error message: must not be null
2023-08-03 20:01:21,421 INFO ru.practicum.shareit.ErrorHandler [main] Validation failed for field: from. Error message: must be greater than or equal to 0
2023-08-03 20:01:21,427 INFO ru.practicum.shareit.ErrorHandler [main] Validation failed for field: start. Error message: must be a date in the present or in the future
2023-08-03 20:01:21,434 INFO ru.practicum.shareit.ErrorHandler [main] Malformed JSON Request: Required request body is missing: public org.springframework.http.ResponseEntity<java.lang.Object> ru.practicum.shareit.booking.BookingController.createBooking(java.lang.Long,ru.practicum.shareit.booking.dto.BookingDto)
2023-08-03 20:01:21,439 INFO ru.practicum.shareit.ErrorHandler [main] Validation failed for field: size. Error message: must be greater than 0
2023-08-03 20:01:21,446 INFO ru.practicum.shareit.ErrorHandler [main] Validation failed for field: from. Error message: must be greater than or equal to 0
2023-08-03 20:01:21,453 INFO ru.practicum.shareit.ErrorHandler [main] Method argument type mismatch: Failed to convert value of type 'java.lang.String' to required type 'java.lang.Long'; nested exception is java.lang.NumberFormatException: For input string: "1L"
2023-08-03 20:01:21,466 INFO ru.practicum.shareit.ErrorHandler [main] Validation failed for field: userId. Error message: must be greater than 0
2023-08-03 20:01:21,473 INFO ru.practicum.shareit.ErrorHandler [main] Bad booking state: Неизвестное состояние: alll
2023-08-03 20:01:21,480 INFO ru.practicum.shareit.booking.BookingController [main] Get booking with state ALL, userId=1, from=0, size=20
2023-08-03 20:01:21,486 INFO ru.practicum.shareit.ErrorHandler [main] Validation failed for field: bookingId. Error message: must be greater than 0
2023-08-03 20:01:21,491 INFO ru.practicum.shareit.ErrorHandler [main] Validation failed for field: userId. Error message: must be greater than 0
2023-08-03 20:01:21,499 INFO ru.practicum.shareit.booking.BookingController [main] Get booking with state ALL, userId=1, from=0, size=20
2023-08-03 20:01:21,507 INFO ru.practicum.shareit.ErrorHandler [main] Validation failed for field: userId. Error message: must be greater than 0
2023-08-03 20:01:21,516 INFO ru.practicum.shareit.ErrorHandler [main] Method argument type mismatch: Failed to convert value of type 'java.lang.String' to required type 'java.lang.Boolean'; nested exception is java.lang.IllegalArgumentException: Invalid boolean value [null]
2023-08-03 20:01:21,522 INFO ru.practicum.shareit.booking.BookingController [main] Get booking with state ALL, userId=1, from=0, size=20
2023-08-03 20:01:21,534 INFO org.springframework.test.context.support.AbstractTestContextBootstrapper [main] Neither @ContextConfiguration nor @ContextHierarchy found for test class [ru.practicum.shareit.booking.dto.BookingDtoJsonTest], using SpringBootContextLoader
2023-08-03 20:01:21,536 INFO org.springframework.test.context.support.AbstractContextLoader [main] Could not detect default resource locations for test class [ru.practicum.shareit.booking.dto.BookingDtoJsonTest]: no resource found for suffixes {-context.xml, Context.groovy}.
2023-08-03 20:01:21,536 INFO org.springframework.test.context.support.AnnotationConfigContextLoaderUtils [main] Could not detect default configuration classes for test class [ru.practicum.shareit.booking.dto.BookingDtoJsonTest]: BookingDtoJsonTest does not declare any static, non-private, non-final, nested classes annotated with @Configuration.
2023-08-03 20:01:21,591 INFO org.springframework.boot.test.context.SpringBootTestContextBootstrapper [main] Found @SpringBootConfiguration ru.practicum.shareit.ShareItGateway for test class ru.practicum.shareit.booking.dto.BookingDtoJsonTest
2023-08-03 20:01:21,593 INFO org.springframework.test.context.support.AbstractTestContextBootstrapper [main] Loaded default TestExecutionListener class names from location [META-INF/spring.factories]: [org.springframework.boot.test.mock.mockito.MockitoTestExecutionListener, org.springframework.boot.test.mock.mockito.ResetMocksTestExecutionListener, org.springframework.boot.test.autoconfigure.restdocs.RestDocsTestExecutionListener, org.springframework.boot.test.autoconfigure.web.client.MockRestServiceServerResetTestExecutionListener, org.springframework.boot.test.autoconfigure.web.servlet.MockMvcPrintOnlyOnFailureTestExecutionListener, org.springframework.boot.test.autoconfigure.web.servlet.WebDriverTestExecutionListener, org.springframework.boot.test.autoconfigure.webservices.client.MockWebServiceServerTestExecutionListener, org.springframework.test.context.web.ServletTestExecutionListener, org.springframework.test.context.support.DirtiesContextBeforeModesTestExecutionListener, org.springframework.test.context.event.ApplicationEventsTestExecutionListener, org.springframework.test.context.support.DependencyInjectionTestExecutionListener, org.springframework.test.context.support.DirtiesContextTestExecutionListener, org.springframework.test.context.transaction.TransactionalTestExecutionListener, org.springframework.test.context.jdbc.SqlScriptsTestExecutionListener, org.springframework.test.context.event.EventPublishingTestExecutionListener]
2023-08-03 20:01:21,595 INFO org.springframework.test.context.support.AbstractTestContextBootstrapper [main] Using TestExecutionListeners: [org.springframework.test.context.web.ServletTestExecutionListener@1f26b992, org.springframework.test.context.support.DirtiesContextBeforeModesTestExecutionListener@2f60cbf2, org.springframework.test.context.event.ApplicationEventsTestExecutionListener@631bc9f4, org.springframework.boot.test.mock.mockito.MockitoTestExecutionListener@642c72cf, org.springframework.boot.test.autoconfigure.SpringBootDependencyInjectionTestExecutionListener@4e6cbdf1, org.springframework.test.context.support.DirtiesContextTestExecutionListener@67fac095, org.springframework.test.context.event.EventPublishingTestExecutionListener@5a13f1f7, org.springframework.boot.test.mock.mockito.ResetMocksTestExecutionListener@5dae5a70, org.springframework.boot.test.autoconfigure.restdocs.RestDocsTestExecutionListener@7686f701, org.springframework.boot.test.autoconfigure.web.client.MockRestServiceServerResetTestExecutionListener@47c96f2c, org.springframework.boot.test.autoconfigure.web.servlet.MockMvcPrintOnlyOnFailureTestExecutionListener@210a26b, org.springframework.boot.test.autoconfigure.web.servlet.WebDriverTestExecutionListener@2dc21583, org.springframework.boot.test.autoconfigure.webservices.client.MockWebServiceServerTestExecutionListener@6cbdd1c5]
2023-08-03 20:01:21,628 INFO org.springframework.boot.StartupInfoLogger [main] Starting BookingDtoJsonTest using Java 18.0.2 on DESKTOP-HBQA1DH with PID 15000 (started by Aser in C:\Users\Aser\dev\java-shareit\shareIt-gateway)
2023-08-03 20:01:21,628 INFO org.springframework.boot.SpringApplication [main] The following 1 profile is active: "test"
2023-08-03 20:01:21,729 INFO org.springframework.boot.StartupInfoLogger [main] Started BookingDtoJsonTest in 0.13 seconds (JVM running for 3.028)
2023-08-03 20:01:21,801 INFO org.springframework.test.context.support.AbstractTestContextBootstrapper [main] Neither @ContextConfiguration nor @ContextHierarchy found for test class [ru.practicum.shareit.item.dto.CommentDtoJsonTest], using SpringBootContextLoader
2023-08-03 20:01:21,802 INFO org.springframework.test.context.support.AbstractContextLoader [main] Could not detect default resource locations for test class [ru.practicum.shareit.item.dto.CommentDtoJsonTest]: no resource found for suffixes {-context.xml, Context.groovy}.
2023-08-03 20:01:21,802 INFO org.springframework.test.context.support.AnnotationConfigContextLoaderUtils [main] Could not detect default configuration classes for test class [ru.practicum.shareit.item.dto.CommentDtoJsonTest]: CommentDtoJsonTest does not declare any static, non-private, non-final, nested classes annotated with @Configuration.
2023-08-03 20:01:21,818 INFO org.springframework.boot.test.context.SpringBootTestContextBootstrapper [main] Found @SpringBootConfiguration ru.practicum.shareit.ShareItGateway for test class ru.practicum.shareit.item.dto.CommentDtoJsonTest
2023-08-03 20:01:21,818 INFO org.springframework.test.context.support.AbstractTestContextBootstrapper [main] Loaded default TestExecutionListener class names from location [META-INF/spring.factories]: [org.springframework.boot.test.mock.mockito.MockitoTestExecutionListener, org.springframework.boot.test.mock.mockito.ResetMocksTestExecutionListener, org.springframework.boot.test.autoconfigure.restdocs.RestDocsTestExecutionListener, org.springframework.boot.test.autoconfigure.web.client.MockRestServiceServerResetTestExecutionListener, org.springframework.boot.test.autoconfigure.web.servlet.MockMvcPrintOnlyOnFailureTestExecutionListener, org.springframework.boot.test.autoconfigure.web.servlet.WebDriverTestExecutionListener, org.springframework.boot.test.autoconfigure.webservices.client.MockWebServiceServerTestExecutionListener, org.springframework.test.context.web.ServletTestExecutionListener, org.springframework.test.context.support.DirtiesContextBeforeModesTestExecutionListener, org.springframework.test.context.event.ApplicationEventsTestExecutionListener, org.springframework.test.context.support.DependencyInjectionTestExecutionListener, org.springframework.test.context.support.DirtiesContextTestExecutionListener, org.springframework.test.context.transaction.TransactionalTestExecutionListener, org.springframework.test.context.jdbc.SqlScriptsTestExecutionListener, org.springframework.test.context.event.EventPublishingTestExecutionListener]
2023-08-03 20:01:21,819 INFO org.springframework.test.context.support.AbstractTestContextBootstrapper [main] Using TestExecutionListeners: [org.springframework.test.context.web.ServletTestExecutionListener@20faaf77, org.springframework.test.context.support.DirtiesContextBeforeModesTestExecutionListener@7440265c, org.springframework.test.context.event.ApplicationEventsTestExecutionListener@1d8be7b9, org.springframework.boot.test.mock.mockito.MockitoTestExecutionListener@48277712, org.springframework.boot.test.autoconfigure.SpringBootDependencyInjectionTestExecutionListener@3d53e876, org.springframework.test.context.support.DirtiesContextTestExecutionListener@48d44b46, org.springframework.test.context.event.EventPublishingTestExecutionListener@aa0dbca, org.springframework.boot.test.mock.mockito.ResetMocksTestExecutionListener@794cb26b, org.springframework.boot.test.autoconfigure.restdocs.RestDocsTestExecutionListener@5b7ee56c, org.springframework.boot.test.autoconfigure.web.client.MockRestServiceServerResetTestExecutionListener@311a0b3e, org.springframework.boot.test.autoconfigure.web.servlet.MockMvcPrintOnlyOnFailureTestExecutionListener@3de8f85c, org.springframework.boot.test.autoconfigure.web.servlet.WebDriverTestExecutionListener@21abda60, org.springframework.boot.test.autoconfigure.webservices.client.MockWebServiceServerTestExecutionListener@dd20ebc]
2023-08-03 20:01:21,830 INFO org.springframework.test.context.support.AbstractTestContextBootstrapper [main] Neither @ContextConfiguration nor @ContextHierarchy found for test class [ru.practicum.shareit.item.dto.ItemDtoJsonTest], using SpringBootContextLoader
2023-08-03 20:01:21,831 INFO org.springframework.test.context.support.AbstractContextLoader [main] Could not detect default resource locations for test class [ru.practicum.shareit.item.dto.ItemDtoJsonTest]: no resource found for suffixes {-context.xml, Context.groovy}.
2023-08-03 20:01:21,831 INFO org.springframework.test.context.support.AnnotationConfigContextLoaderUtils [main] Could not detect default configuration classes for test class [ru.practicum.shareit.item.dto.ItemDtoJsonTest]: ItemDtoJsonTest does not declare any static, non-private, non-final, nested classes annotated with @Configuration.
2023-08-03 20:01:21,834 INFO org.springframework.boot.test.context.SpringBootTestContextBootstrapper [main] Found @SpringBootConfiguration ru.practicum.shareit.ShareItGateway for test class ru.practicum.shareit.item.dto.ItemDtoJsonTest
2023-08-03 20:01:21,835 INFO org.springframework.test.context.support.AbstractTestContextBootstrapper [main] Loaded default TestExecutionListener class names from location [META-INF/spring.factories]: [org.springframework.boot.test.mock.mockito.MockitoTestExecutionListener, org.springframework.boot.test.mock.mockito.ResetMocksTestExecutionListener, org.springframework.boot.test.autoconfigure.restdocs.RestDocsTestExecutionListener, org.springframework.boot.test.autoconfigure.web.client.MockRestServiceServerResetTestExecutionListener, org.springframework.boot.test.autoconfigure.web.servlet.MockMvcPrintOnlyOnFailureTestExecutionListener, org.springframework.boot.test.autoconfigure.web.servlet.WebDriverTestExecutionListener, org.springframework.boot.test.autoconfigure.webservices.client.MockWebServiceServerTestExecutionListener, org.springframework.test.context.web.ServletTestExecutionListener, org.springframework.test.context.support.DirtiesContextBeforeModesTestExecutionListener, org.springframework.test.context.event.ApplicationEventsTestExecutionListener, org.springframework.test.context.support.DependencyInjectionTestExecutionListener, org.springframework.test.context.support.DirtiesContextTestExecutionListener, org.springframework.test.context.transaction.TransactionalTestExecutionListener, org.springframework.test.context.jdbc.SqlScriptsTestExecutionListener, org.springframework.test.context.event.EventPublishingTestExecutionListener]
2023-08-03 20:01:21,836 INFO org.springframework.test.context.support.AbstractTestContextBootstrapper [main] Using TestExecutionListeners: [org.springframework.test.context.web.ServletTestExecutionListener@78bad03b, org.springframework.test.context.support.DirtiesContextBeforeModesTestExecutionListener@26101efc, org.springframework.test.context.event.ApplicationEventsTestExecutionListener@4e2109fe, org.springframework.boot.test.mock.mockito.MockitoTestExecutionListener@18dac12f, org.springframework.boot.test.autoconfigure.SpringBootDependencyInjectionTestExecutionListener@36cfe107, org.springframework.test.context.support.DirtiesContextTestExecutionListener@100eeedc, org.springframework.test.context.event.EventPublishingTestExecutionListener@56266bda, org.springframework.boot.test.mock.mockito.ResetMocksTestExecutionListener@18bb1b88, org.springframework.boot.test.autoconfigure.restdocs.RestDocsTestExecutionListener@51b51641, org.springframework.boot.test.autoconfigure.web.client.MockRestServiceServerResetTestExecutionListener@362a6aa5, org.springframework.boot.test.autoconfigure.web.servlet.MockMvcPrintOnlyOnFailureTestExecutionListener@53b7bf01, org.springframework.boot.test.autoconfigure.web.servlet.WebDriverTestExecutionListener@139089a4, org.springframework.boot.test.autoconfigure.webservices.client.MockWebServiceServerTestExecutionListener@6a6e9289]
2023-08-03 20:01:21,849 INFO org.springframework.test.context.support.AbstractTestContextBootstrapper [main] Neither @ContextConfiguration nor @ContextHierarchy found for test class [ru.practicum.shareit.item.dto.ShortItemDtoJsonTest], using SpringBootContextLoader
2023-08-03 20:01:21,849 INFO org.springframework.test.context.support.AbstractContextLoader [main] Could not detect default resource locations for test class [ru.practicum.shareit.item.dto.ShortItemDtoJsonTest]: no resource found for suffixes {-context.xml, Context.groovy}.
2023-08-03 20:01:21,850 INFO org.springframework.test.context.support.AnnotationConfigContextLoaderUtils [main] Could not detect default configuration classes for test class [ru.practicum.shareit.item.dto.ShortItemDtoJsonTest]: ShortItemDtoJsonTest does not declare any static, non-private, non-final, nested classes annotated with @Configuration.
2023-08-03 20:01:21,853 INFO org.springframework.boot.test.context.SpringBootTestContextBootstrapper [main] Found @SpringBootConfiguration ru.practicum.shareit.ShareItGateway for test class ru.practicum.shareit.item.dto.ShortItemDtoJsonTest
2023-08-03 20:01:21,854 INFO org.springframework.test.context.support.AbstractTestContextBootstrapper [main] Loaded default TestExecutionListener class names from location [META-INF/spring.factories]: [org.springframework.boot.test.mock.mockito.MockitoTestExecutionListener, org.springframework.boot.test.mock.mockito.ResetMocksTestExecutionListener, org.springframework.boot.test.autoconfigure.restdocs.RestDocsTestExecutionListener, org.springframework.boot.test.autoconfigure.web.client.MockRestServiceServerResetTestExecutionListener, org.springframework.boot.test.autoconfigure.web.servlet.MockMvcPrintOnlyOnFailureTestExecutionListener, org.springframework.boot.test.autoconfigure.web.servlet.WebDriverTestExecutionListener, org.springframework.boot.test.autoconfigure.webservices.client.MockWebServiceServerTestExecutionListener, org.springframework.test.context.web.ServletTestExecutionListener, org.springframework.test.context.support.DirtiesContextBeforeModesTestExecutionListener, org.springframework.test.context.event.ApplicationEventsTestExecutionListener, org.springframework.test.context.support.DependencyInjectionTestExecutionListener, org.springframework.test.context.support.DirtiesContextTestExecutionListener, org.springframework.test.context.transaction.TransactionalTestExecutionListener, org.springframework.test.context.jdbc.SqlScriptsTestExecutionListener, org.springframework.test.context.event.EventPublishingTestExecutionListener]
2023-08-03 20:01:21,855 INFO org.springframework.test.context.support.AbstractTestContextBootstrapper [main] Using TestExecutionListeners: [org.springframework.test.context.web.ServletTestExecutionListener@6de84336, org.springframework.test.context.support.DirtiesContextBeforeModesTestExecutionListener@627bcd7e, org.springframework.test.context.event.ApplicationEventsTestExecutionListener@70543cae, org.springframework.boot.test.mock.mockito.MockitoTestExecutionListener@350567f1, org.springframework.boot.test.autoconfigure.SpringBootDependencyInjectionTestExecutionListener@1a5b7394, org.springframework.test.context.support.DirtiesContextTestExecutionListener@26f75d9c, org.springframework.test.context.event.EventPublishingTestExecutionListener@7717b4a0, org.springframework.boot.test.mock.mockito.ResetMocksTestExecutionListener@69b37f5c, org.springframework.boot.test.autoconfigure.restdocs.RestDocsTestExecutionListener@28b5662d, org.springframework.boot.test.autoconfigure.web.client.MockRestServiceServerResetTestExecutionListener@34b2d51a, org.springframework.boot.test.autoconfigure.web.servlet.MockMvcPrintOnlyOnFailureTestExecutionListener@7e4ac598, org.springframework.boot.test.autoconfigure.web.servlet.WebDriverTestExecutionListener@cf10c92, org.springframework.boot.test.autoconfigure.webservices.client.MockWebServiceServerTestExecutionListener@f76872f]
2023-08-03 20:01:21,873 INFO org.springframework.test.context.support.AbstractTestContextBootstrapper [main] Neither @ContextConfiguration nor @ContextHierarchy found for test class [ru.practicum.shareit.item.ItemControllerTest], using SpringBootContextLoader
2023-08-03 20:01:21,874 INFO org.springframework.test.context.support.AbstractContextLoader [main] Could not detect default resource locations for test class [ru.practicum.shareit.item.ItemControllerTest]: no resource found for suffixes {-context.xml, Context.groovy}.
2023-08-03 20:01:21,875 INFO org.springframework.test.context.support.AnnotationConfigContextLoaderUtils [main] Could not detect default configuration classes for test class [ru.practicum.shareit.item.ItemControllerTest]: ItemControllerTest does not declare any static, non-private, non-final, nested classes annotated with @Configuration.
2023-08-03 20:01:21,884 INFO org.springframework.boot.test.context.SpringBootTestContextBootstrapper [main] Found @SpringBootConfiguration ru.practicum.shareit.ShareItGateway for test class ru.practicum.shareit.item.ItemControllerTest
2023-08-03 20:01:21,886 INFO org.springframework.test.context.support.AbstractTestContextBootstrapper [main] Loaded default TestExecutionListener class names from location [META-INF/spring.factories]: [org.springframework.boot.test.mock.mockito.MockitoTestExecutionListener, org.springframework.boot.test.mock.mockito.ResetMocksTestExecutionListener, org.springframework.boot.test.autoconfigure.restdocs.RestDocsTestExecutionListener, org.springframework.boot.test.autoconfigure.web.client.MockRestServiceServerResetTestExecutionListener, org.springframework.boot.test.autoconfigure.web.servlet.MockMvcPrintOnlyOnFailureTestExecutionListener, org.springframework.boot.test.autoconfigure.web.servlet.WebDriverTestExecutionListener, org.springframework.boot.test.autoconfigure.webservices.client.MockWebServiceServerTestExecutionListener, org.springframework.test.context.web.ServletTestExecutionListener, org.springframework.test.context.support.DirtiesContextBeforeModesTestExecutionListener, org.springframework.test.context.event.ApplicationEventsTestExecutionListener, org.springframework.test.context.support.DependencyInjectionTestExecutionListener, org.springframework.test.context.support.DirtiesContextTestExecutionListener, org.springframework.test.context.transaction.TransactionalTestExecutionListener, org.springframework.test.context.jdbc.SqlScriptsTestExecutionListener, org.springframework.test.context.event.EventPublishingTestExecutionListener]
2023-08-03 20:01:21,887 INFO org.springframework.test.context.support.AbstractTestContextBootstrapper [main] Using TestExecutionListeners: [org.springframework.test.context.web.ServletTestExecutionListener@38fb151a, org.springframework.test.context.support.DirtiesContextBeforeModesTestExecutionListener@152e7703, org.springframework.test.context.event.ApplicationEventsTestExecutionListener@1b60d324, org.springframework.boot.test.mock.mockito.MockitoTestExecutionListener@182e4365, org.springframework.boot.test.autoconfigure.SpringBootDependencyInjectionTestExecutionListener@789dd6bf, org.springframework.test.context.support.DirtiesContextTestExecutionListener@1e6d30c0, org.springframework.test.context.event.EventPublishingTestExecutionListener@38929da, org.springframework.boot.test.mock.mockito.ResetMocksTestExecutionListener@69d667a5, org.springframework.boot.test.autoconfigure.restdocs.RestDocsTestExecutionListener@7fe87c0e, org.springframework.boot.test.autoconfigure.web.client.MockRestServiceServerResetTestExecutionListener@8f4b803, org.springframework.boot.test.autoconfigure.web.servlet.MockMvcPrintOnlyOnFailureTestExecutionListener@42f9873e, org.springframework.boot.test.autoconfigure.web.servlet.WebDriverTestExecutionListener@18483b8b, org.springframework.boot.test.autoconfigure.webservices.client.MockWebServiceServerTestExecutionListener@24fc2c80]
2023-08-03 20:01:21,912 INFO org.springframework.boot.StartupInfoLogger [main] Starting ItemControllerTest using Java 18.0.2 on DESKTOP-HBQA1DH with PID 15000 (started by Aser in C:\Users\Aser\dev\java-shareit\shareIt-gateway)
2023-08-03 20:01:21,912 INFO org.springframework.boot.SpringApplication [main] The following 1 profile is active: "test"
2023-08-03 20:01:22,250 INFO org.springframework.mock.web.MockServletContext [main] Initializing Spring TestDispatcherServlet ''
2023-08-03 20:01:22,251 INFO org.springframework.web.servlet.FrameworkServlet [main] Initializing Servlet ''
2023-08-03 20:01:22,253 INFO org.springframework.web.servlet.FrameworkServlet [main] Completed initialization in 0 ms
2023-08-03 20:01:22,265 INFO org.springframework.boot.StartupInfoLogger [main] Started ItemControllerTest in 0.375 seconds (JVM running for 3.565)
2023-08-03 20:01:22,275 INFO ru.practicum.shareit.ErrorHandler [main] Method argument type mismatch: Failed to convert value of type 'java.lang.String' to required type 'java.lang.Long'; nested exception is java.lang.NumberFormatException: For input string: "1L"
2023-08-03 20:01:22,307 INFO ru.practicum.shareit.item.ItemController [main] Request on add ItemDto(id=0, name=Drel, description=Дрель ударная, available=true, requestId=null), user id: 1
2023-08-03 20:01:22,323 INFO ru.practicum.shareit.ErrorHandler [main] Validation failed for field: size. Error message: must be greater than 0
2023-08-03 20:01:22,330 INFO ru.practicum.shareit.ErrorHandler [main] Validation failed for field: size. Error message: must be greater than 0
2023-08-03 20:01:22,344 INFO ru.practicum.shareit.item.ItemController [main] Request on add comment super puper, item id: 1, user id: 1
2023-08-03 20:01:22,352 INFO ru.practicum.shareit.ErrorHandler [main] Validation failed for field: userId. Error message: must be greater than 0
2023-08-03 20:01:22,358 INFO ru.practicum.shareit.item.ItemController [main] Request on get all for user id: 1
2023-08-03 20:01:22,364 INFO ru.practicum.shareit.ErrorHandler [main] Validation failed for field: userId. Error message: must be greater than 0
2023-08-03 20:01:22,369 INFO ru.practicum.shareit.ErrorHandler [main] Missing request header: Required request header 'X-Sharer-User-Id' for method parameter type Long is not present
2023-08-03 20:01:22,374 INFO ru.practicum.shareit.ErrorHandler [main] Malformed JSON Request: Required request body is missing: public org.springframework.http.ResponseEntity<java.lang.Object> ru.practicum.shareit.item.ItemController.add(java.lang.Long,ru.practicum.shareit.item.dto.ItemDto)
2023-08-03 20:01:22,381 INFO ru.practicum.shareit.ErrorHandler [main] Validation failed for field: name. Error message: Name can't blank
2023-08-03 20:01:22,388 INFO ru.practicum.shareit.ErrorHandler [main] Malformed JSON Request: Required request body is missing: public org.springframework.http.ResponseEntity<java.lang.Object> ru.practicum.shareit.item.ItemController.edit(java.lang.Long,java.lang.Long,ru.practicum.shareit.item.dto.ItemDto)
2023-08-03 20:01:22,397 INFO ru.practicum.shareit.ErrorHandler [main] Validation failed for field: text. Error message: must not be blank
2023-08-03 20:01:22,403 INFO ru.practicum.shareit.ErrorHandler [main] Validation failed for field: from. Error message: must be greater than or equal to 0
2023-08-03 20:01:22,411 INFO ru.practicum.shareit.ErrorHandler [main] Validation failed for field: itemId. Error message: must be greater than 0
2023-08-03 20:01:22,419 INFO ru.practicum.shareit.item.ItemController [main] Request on edit item id: 1, ItemDto(id=0, name=Drel, description=Дрель ударная, available=true, requestId=null), user id: 1
2023-08-03 20:01:22,427 INFO ru.practicum.shareit.item.ItemController [main] Request from user ID: 1 on get item. ID: 1
2023-08-03 20:01:22,432 INFO ru.practicum.shareit.ErrorHandler [main] Validation failed for field: from. Error message: must be greater than or equal to 0
2023-08-03 20:01:22,437 INFO ru.practicum.shareit.ErrorHandler [main] Validation failed for field: text. Error message: must not be blank
2023-08-03 20:01:22,442 INFO ru.practicum.shareit.item.ItemController [main] Request on search text:  
2023-08-03 20:01:22,450 INFO ru.practicum.shareit.ErrorHandler [main] Validation failed for field: text. Error message: must not be blank
2023-08-03 20:01:22,457 INFO ru.practicum.shareit.ErrorHandler [main] Validation failed for field: available. Error message: Available should be specified
2023-08-03 20:01:22,463 INFO ru.practicum.shareit.ErrorHandler [main] Validation failed for field: userId. Error message: must be greater than 0
2023-08-03 20:01:22,470 INFO ru.practicum.shareit.item.ItemController [main] Request on search text: search
2023-08-03 20:01:22,478 INFO ru.practicum.shareit.ErrorHandler [main] Method argument type mismatch: Failed to convert value of type 'java.lang.String' to required type 'java.lang.Long'; nested exception is java.lang.NumberFormatException: For input string: "1L"
2023-08-03 20:01:22,486 INFO ru.practicum.shareit.ErrorHandler [main] Validation failed for field: available. Error message: Available should be specified
2023-08-03 20:01:22,487 INFO ru.practicum.shareit.ErrorHandler [main] Validation failed for field: description. Error message: Description can't blank
2023-08-03 20:01:22,494 INFO ru.practicum.shareit.ErrorHandler [main] Validation failed for field: userId. Error message: must be greater than 0
2023-08-03 20:01:22,500 INFO ru.practicum.shareit.ErrorHandler [main] Validation failed for field: description. Error message: Description can't blank
2023-08-03 20:01:22,505 INFO org.springframework.test.context.support.AbstractTestContextBootstrapper [main] Neither @ContextConfiguration nor @ContextHierarchy found for test class [ru.practicum.shareit.request.dto.RequestDtoJsonTest], using SpringBootContextLoader
2023-08-03 20:01:22,506 INFO org.springframework.test.context.support.AbstractContextLoader [main] Could not detect default resource locations for test class [ru.practicum.shareit.request.dto.RequestDtoJsonTest]: no resource found for suffixes {-context.xml, Context.groovy}.
2023-08-03 20:01:22,507 INFO org.springframework.test.context.support.AnnotationConfigContextLoaderUtils [main] Could not detect default configuration classes for test class [ru.practicum.shareit.request.dto.RequestDtoJsonTest]: RequestDtoJsonTest does not declare any static, non-private, non-final, nested classes annotated with @Configuration.
2023-08-03 20:01:22,521 INFO org.springframework.boot.test.context.SpringBootTestContextBootstrapper [main] Found @SpringBootConfiguration ru.practicum.shareit.ShareItGateway for test class ru.practicum.shareit.request.dto.RequestDtoJsonTest
2023-08-03 20:01:22,522 INFO org.springframework.test.context.support.AbstractTestContextBootstrapper [main] Loaded default TestExecutionListener class names from location [META-INF/spring.factories]: [org.springframework.boot.test.mock.mockito.MockitoTestExecutionListener, org.springframework.boot.test.mock.mockito.ResetMocksTestExecutionListener, org.springframework.boot.test.autoconfigure.restdocs.RestDocsTestExecutionListener, org.springframework.boot.test.autoconfigure.web.client.MockRestServiceServerResetTestExecutionListener, org.springframework.boot.test.autoconfigure.web.servlet.MockMvcPrintOnlyOnFailureTestExecutionListener, org.springframework.boot.test.autoconfigure.web.servlet.WebDriverTestExecutionListener, org.springframework.boot.test.autoconfigure.webservices.client.MockWebServiceServerTestExecutionListener, org.springframework.test.context.web.ServletTestExecutionListener, org.springframework.test.context.support.DirtiesContextBeforeModesTestExecutionListener, org.springframework.test.context.event.ApplicationEventsTestExecutionListener, org.springframework.test.context.support.DependencyInjectionTestExecutionListener, org.springframework.test.context.support.DirtiesContextTestExecutionListener, org.springframework.test.context.transaction.TransactionalTestExecutionListener, org.springframework.test.context.jdbc.SqlScriptsTestExecutionListener, org.springframework.test.context.event.EventPublishingTestExecutionListener]
2023-08-03 20:01:22,523 INFO org.springframework.test.context.support.AbstractTestContextBootstrapper [main] Using TestExecutionListeners: [org.springframework.test.context.web.ServletTestExecutionListener@5604b85, org.springframework.test.context.support.DirtiesContextBeforeModesTestExecutionListener@5df7a065, org.springframework.test.context.event.ApplicationEventsTestExecutionListener@3f45dfec, org.springframework.boot.test.mock.mockito.MockitoTestExecutionListener@7c69e1e1, org.springframework.boot.test.autoconfigure.SpringBootDependencyInjectionTestExecutionListener@7b52b18a, org.springframework.test.context.support.DirtiesContextTestExecutionListener@1bc6c20d, org.springframework.test.context.event.EventPublishingTestExecutionListener@aedc426, org.springframework.boot.test.mock.mockito.ResetMocksTestExecutionListener@39b85a73, org.springframework.boot.test.autoconfigure.restdocs.RestDocsTestExecutionListener@5788722f, org.springframework.boot.test.autoconfigure.web.client.MockRestServiceServerResetTestExecutionListener@7a730479, org.springframework.boot.test.autoconfigure.web.servlet.MockMvcPrintOnlyOnFailureTestExecutionListener@1e5b33e5, org.springframework.boot.test.autoconfigure.web.servlet.WebDriverTestExecutionListener@654b899f, org.springframework.boot.test.autoconfigure.webservices.client.MockWebServiceServerTestExecutionListener@71468613]
2023-08-03 20:01:22,557 INFO org.springframework.test.context.support.AbstractTestContextBootstrapper [main] Neither @ContextConfiguration nor @ContextHierarchy found for test class [ru.practicum.shareit.request.RequestControllerTest], using SpringBootContextLoader
2023-08-03 20:01:22,558 INFO org.springframework.test.context.support.AbstractContextLoader [main] Could not detect default resource locations for test class [ru.practicum.shareit.request.RequestControllerTest]: no resource found for suffixes {-context.xml, Context.groovy}.
2023-08-03 20:01:22,558 INFO org.springframework.test.context.support.AnnotationConfigContextLoaderUtils [main] Could not detect default configuration classes for test class [ru.practicum.shareit.request.RequestControllerTest]: RequestControllerTest does not declare any static, non-private, non-final, nested classes annotated with @Configuration.
2023-08-03 20:01:22,569 INFO org.springframework.boot.test.context.SpringBootTestContextBootstrapper [main] Found @SpringBootConfiguration ru.practicum.shareit.ShareItGateway for test class ru.practicum.shareit.request.RequestControllerTest
2023-08-03 20:01:22,570 INFO org.springframework.test.context.support.AbstractTestContextBootstrapper [main] Loaded default TestExecutionListener class names from location [META-INF/spring.factories]: [org.springframework.boot.test.mock.mockito.MockitoTestExecutionListener, org.springframework.boot.test.mock.mockito.ResetMocksTestExecutionListener, org.springframework.boot.test.autoconfigure.restdocs.RestDocsTestExecutionListener, org.springframework.boot.test.autoconfigure.web.client.MockRestServiceServerResetTestExecutionListener, org.springframework.boot.test.autoconfigure.web.servlet.MockMvcPrintOnlyOnFailureTestExecutionListener, org.springframework.boot.test.autoconfigure.web.servlet.WebDriverTestExecutionListener, org.springframework.boot.test.autoconfigure.webservices.client.MockWebServiceServerTestExecutionListener, org.springframework.test.context.web.ServletTestExecutionListener, org.springframework.test.context.support.DirtiesContextBeforeModesTestExecutionListener, org.springframework.test.context.event.ApplicationEventsTestExecutionListener, org.springframework.test.context.support.DependencyInjectionTestExecutionListener, org.springframework.test.context.support.DirtiesContextTestExecutionListener, org.springframework.test.context.transaction.TransactionalTestExecutionListener, org.springframework.test.context.jdbc.SqlScriptsTestExecutionListener, org.springframework.test.context.event.EventPublishingTestExecutionListener]
2023-08-03 20:01:22,572 INFO org.springframework.test.context.support.AbstractTestContextBootstrapper [main] Using TestExecutionListeners: [org.springframework.test.context.web.ServletTestExecutionListener@b788dc2, org.springframework.test.context.support.DirtiesContextBeforeModesTestExecutionListener@58ec8271, org.springframework.test.context.event.ApplicationEventsTestExecutionListener@a44effb, org.springframework.boot.test.mock.mockito.MockitoTestExecutionListener@3ee258, org.springframework.boot.test.autoconfigure.SpringBootDependencyInjectionTestExecutionListener@4f676900, org.springframework.test.context.support.DirtiesContextTestExecutionListener@73a49597, org.springframework.test.context.event.EventPublishingTestExecutionListener@5eb2972f, org.springframework.boot.test.mock.mockito.ResetMocksTestExecutionListener@29699283, org.springframework.boot.test.autoconfigure.restdocs.RestDocsTestExecutionListener@5d32c1c7, org.springframework.boot.test.autoconfigure.web.client.MockRestServiceServerResetTestExecutionListener@a6dffdb, org.springframework.boot.test.autoconfigure.web.servlet.MockMvcPrintOnlyOnFailureTestExecutionListener@40ac0a56, org.springframework.boot.test.autoconfigure.web.servlet.WebDriverTestExecutionListener@25b4754a, org.springframework.boot.test.autoconfigure.webservices.client.MockWebServiceServerTestExecutionListener@6ec3a4c2]
2023-08-03 20:01:22,595 INFO org.springframework.boot.StartupInfoLogger [main] Starting RequestControllerTest using Java 18.0.2 on DESKTOP-HBQA1DH with PID 15000 (started by Aser in C:\Users\Aser\dev\java-shareit\shareIt-gateway)
2023-08-03 20:01:22,595 INFO org.springframework.boot.SpringApplication [main] The following 1 profile is active: "test"
2023-08-03 20:01:22,947 INFO org.springframework.mock.web.MockServletContext [main] Initializing Spring TestDispatcherServlet ''
2023-08-03 20:01:22,947 INFO org.springframework.web.servlet.FrameworkServlet [main] Initializing Servlet ''
2023-08-03 20:01:22,948 INFO org.springframework.web.servlet.FrameworkServlet [main] Completed initialization in 0 ms
2023-08-03 20:01:22,955 INFO org.springframework.boot.StartupInfoLogger [main] Started RequestControllerTest in 0.381 seconds (JVM running for 4.254)
2023-08-03 20:01:22,972 INFO ru.practicum.shareit.ErrorHandler [main] Validation failed for field: userId. Error message: must be greater than 0
2023-08-03 20:01:22,978 INFO ru.practicum.shareit.ErrorHandler [main] Validation failed for field: requestId. Error message: must be greater than 0
2023-08-03 20:01:22,982 INFO ru.practicum.shareit.ErrorHandler [main] Method argument type mismatch: Failed to convert value of type 'java.lang.String' to required type 'java.lang.Long'; nested exception is java.lang.NumberFormatException: For input string: "1L"
2023-08-03 20:01:22,996 INFO ru.practicum.shareit.request.RequestController [main] Request on get all requests
2023-08-03 20:01:23,001 INFO ru.practicum.shareit.ErrorHandler [main] Validation failed for field: size. Error message: must be greater than 0
2023-08-03 20:01:23,007 INFO ru.practicum.shareit.ErrorHandler [main] Validation failed for field: description. Error message: Description can't blank
2023-08-03 20:01:23,012 INFO ru.practicum.shareit.ErrorHandler [main] Validation failed for field: from. Error message: must be greater than or equal to 0
2023-08-03 20:01:23,016 INFO ru.practicum.shareit.ErrorHandler [main] Validation failed for field: description. Error message: Description can't blank
2023-08-03 20:01:23,020 INFO ru.practicum.shareit.ErrorHandler [main] Validation failed for field: size. Error message: must be greater than 0
2023-08-03 20:01:23,024 INFO ru.practicum.shareit.ErrorHandler [main] Validation failed for field: userId. Error message: must be greater than 0
2023-08-03 20:01:23,027 INFO ru.practicum.shareit.request.RequestController [main] Request from user ID: 1 on get request. ID: 1
2023-08-03 20:01:23,031 INFO ru.practicum.shareit.request.RequestController [main] Request on get all requests from user id: 1
2023-08-03 20:01:23,034 INFO ru.practicum.shareit.request.RequestController [main] Add request on item RequestDto(id=0, description=I need to test, created=null, items=null), user id: 1
2023-08-03 20:01:23,040 INFO ru.practicum.shareit.ErrorHandler [main] Validation failed for field: userId. Error message: must be greater than 0
2023-08-03 20:01:23,044 INFO ru.practicum.shareit.ErrorHandler [main] Validation failed for field: userId. Error message: must be greater than 0
2023-08-03 20:01:23,047 INFO ru.practicum.shareit.ErrorHandler [main] Validation failed for field: from. Error message: must be greater than or equal to 0
2023-08-03 20:01:23,051 INFO ru.practicum.shareit.ErrorHandler [main] Malformed JSON Request: Required request body is missing: public org.springframework.http.ResponseEntity<java.lang.Object> ru.practicum.shareit.request.RequestController.add(java.lang.Long,ru.practicum.shareit.request.dto.RequestDto)
2023-08-03 20:01:23,053 INFO org.springframework.test.context.support.AbstractTestContextBootstrapper [main] Neither @ContextConfiguration nor @ContextHierarchy found for test class [ru.practicum.shareit.ShareItTests], using SpringBootContextLoader
2023-08-03 20:01:23,054 INFO org.springframework.test.context.support.AbstractContextLoader [main] Could not detect default resource locations for test class [ru.practicum.shareit.ShareItTests]: no resource found for suffixes {-context.xml, Context.groovy}.
2023-08-03 20:01:23,054 INFO org.springframework.test.context.support.AnnotationConfigContextLoaderUtils [main] Could not detect default configuration classes for test class [ru.practicum.shareit.ShareItTests]: ShareItTests does not declare any static, non-private, non-final, nested classes annotated with @Configuration.
2023-08-03 20:01:23,058 INFO org.springframework.boot.test.context.SpringBootTestContextBootstrapper [main] Found @SpringBootConfiguration ru.practicum.shareit.ShareItGateway for test class ru.practicum.shareit.ShareItTests
2023-08-03 20:01:23,061 INFO org.springframework.test.context.support.AbstractTestContextBootstrapper [main] Loaded default TestExecutionListener class names from location [META-INF/spring.factories]: [org.springframework.boot.test.mock.mockito.MockitoTestExecutionListener, org.springframework.boot.test.mock.mockito.ResetMocksTestExecutionListener, org.springframework.boot.test.autoconfigure.restdocs.RestDocsTestExecutionListener, org.springframework.boot.test.autoconfigure.web.client.MockRestServiceServerResetTestExecutionListener, org.springframework.boot.test.autoconfigure.web.servlet.MockMvcPrintOnlyOnFailureTestExecutionListener, org.springframework.boot.test.autoconfigure.web.servlet.WebDriverTestExecutionListener, org.springframework.boot.test.autoconfigure.webservices.client.MockWebServiceServerTestExecutionListener, org.springframework.test.context.web.ServletTestExecutionListener, org.springframework.test.context.support.DirtiesContextBeforeModesTestExecutionListener, org.springframework.test.context.event.ApplicationEventsTestExecutionListener, org.springframework.test.context.support.DependencyInjectionTestExecutionListener, org.springframework.test.context.support.DirtiesContextTestExecutionListener, org.springframework.test.context.transaction.TransactionalTestExecutionListener, org.springframework.test.context.jdbc.SqlScriptsTestExecutionListener, org.springframework.test.context.event.EventPublishingTestExecutionListener]
2023-08-03 20:01:23,062 INFO org.springframework.test.context.support.AbstractTestContextBootstrapper [main] Using TestExecutionListeners: [org.springframework.test.context.web.ServletTestExecutionListener@76220ef1, org.springframework.test.context.support.DirtiesContextBeforeModesTestExecutionListener@65ad2b42, org.springframework.test.context.event.ApplicationEventsTestExecutionListener@294ebe11, org.springframework.boot.test.mock.mockito.MockitoTestExecutionListener@4e51eda7, org.springframework.boot.test.autoconfigure.SpringBootDependencyInjectionTestExecutionListener@2862271a, org.springframework.test.context.support.DirtiesContextTestExecutionListener@2419fe6f, org.springframework.test.context.event.EventPublishingTestExecutionListener@78fb72cb, org.springframework.boot.test.mock.mockito.ResetMocksTestExecutionListener@398694a6, org.springframework.boot.test.autoconfigure.restdocs.RestDocsTestExecutionListener@653e7b, org.springframework.boot.test.autoconfigure.web.client.MockRestServiceServerResetTestExecutionListener@6b64429e, org.springframework.boot.test.autoconfigure.web.servlet.MockMvcPrintOnlyOnFailureTestExecutionListener@48aa0813, org.springframework.boot.test.autoconfigure.web.servlet.WebDriverTestExecutionListener@45849604, org.springframework.boot.test.autoconfigure.webservices.client.MockWebServiceServerTestExecutionListener@6cbbfe29]
2023-08-03 20:01:23,077 INFO org.springframework.boot.StartupInfoLogger [main] Starting ShareItTests using Java 18.0.2 on DESKTOP-HBQA1DH with PID 15000 (started by Aser in C:\Users\Aser\dev\java-shareit\shareIt-gateway)
2023-08-03 20:01:23,077 INFO org.springframework.boot.SpringApplication [main] The following 1 profile is active: "test"
2023-08-03 20:01:24,116 INFO org.springframework.boot.actuate.endpoint.web.EndpointLinksResolver [main] Exposing 1 endpoint(s) beneath base path '/actuator'
2023-08-03 20:01:24,151 INFO org.springframework.boot.StartupInfoLogger [main] Started ShareItTests in 1.088 seconds (JVM running for 5.45)
2023-08-03 20:01:24,184 INFO org.springframework.test.context.support.AbstractTestContextBootstrapper [main] Neither @ContextConfiguration nor @ContextHierarchy found for test class [ru.practicum.shareit.user.dto.UserDtoJsonTest], using SpringBootContextLoader
2023-08-03 20:01:24,185 INFO org.springframework.test.context.support.AbstractContextLoader [main] Could not detect default resource locations for test class [ru.practicum.shareit.user.dto.UserDtoJsonTest]: no resource found for suffixes {-context.xml, Context.groovy}.
2023-08-03 20:01:24,185 INFO org.springframework.test.context.support.AnnotationConfigContextLoaderUtils [main] Could not detect default configuration classes for test class [ru.practicum.shareit.user.dto.UserDtoJsonTest]: UserDtoJsonTest does not declare any static, non-private, non-final, nested classes annotated with @Configuration.
2023-08-03 20:01:24,194 INFO org.springframework.boot.test.context.SpringBootTestContextBootstrapper [main] Found @SpringBootConfiguration ru.practicum.shareit.ShareItGateway for test class ru.practicum.shareit.user.dto.UserDtoJsonTest
2023-08-03 20:01:24,194 INFO org.springframework.test.context.support.AbstractTestContextBootstrapper [main] Loaded default TestExecutionListener class names from location [META-INF/spring.factories]: [org.springframework.boot.test.mock.mockito.MockitoTestExecutionListener, org.springframework.boot.test.mock.mockito.ResetMocksTestExecutionListener, org.springframework.boot.test.autoconfigure.restdocs.RestDocsTestExecutionListener, org.springframework.boot.test.autoconfigure.web.client.MockRestServiceServerResetTestExecutionListener, org.springframework.boot.test.autoconfigure.web.servlet.MockMvcPrintOnlyOnFailureTestExecutionListener, org.springframework.boot.test.autoconfigure.web.servlet.WebDriverTestExecutionListener, org.springframework.boot.test.autoconfigure.webservices.client.MockWebServiceServerTestExecutionListener, org.springframework.test.context.web.ServletTestExecutionListener, org.springframework.test.context.support.DirtiesContextBeforeModesTestExecutionListener, org.springframework.test.context.event.ApplicationEventsTestExecutionListener, org.springframework.test.context.support.DependencyInjectionTestExecutionListener, org.springframework.test.context.support.DirtiesContextTestExecutionListener, org.springframework.test.context.transaction.TransactionalTestExecutionListener, org.springframework.test.context.jdbc.SqlScriptsTestExecutionListener, org.springframework.test.context.event.EventPublishingTestExecutionListener]
2023-08-03 20:01:24,195 INFO org.springframework.test.context.support.AbstractTestContextBootstrapper [main] Using TestExecutionListeners: [org.springframework.test.context.web.ServletTestExecutionListener@e296794, org.springframework.test.context.support.DirtiesContextBeforeModesTestExecutionListener@988c126, org.springframework.test.context.event.ApplicationEventsTestExecutionListener@3fda8dae, org.springframework.boot.test.mock.mockito.MockitoTestExecutionListener@34e53c02, org.springframework.boot.test.autoconfigure.SpringBootDependencyInjectionTestExecutionListener@7135e8cd, org.springframework.test.context.support.DirtiesContextTestExecutionListener@3efb863c, org.springframework.test.context.event.EventPublishingTestExecutionListener@5527dbb0, org.springframework.boot.test.mock.mockito.ResetMocksTestExecutionListener@483fe83a, org.springframework.boot.test.autoconfigure.restdocs.RestDocsTestExecutionListener@16120270, org.springframework.boot.test.autoconfigure.web.client.MockRestServiceServerResetTestExecutionListener@74babce8, org.springframework.boot.test.autoconfigure.web.servlet.MockMvcPrintOnlyOnFailureTestExecutionListener@1fab0394, org.springframework.boot.test.autoconfigure.web.servlet.WebDriverTestExecutionListener@28e24663, org.springframework.boot.test.autoconfigure.webservices.client.MockWebServiceServerTestExecutionListener@2ee5c08d]
2023-08-03 20:01:24,202 INFO org.springframework.test.context.support.AbstractTestContextBootstrapper [main] Neither @ContextConfiguration nor @ContextHierarchy found for test class [ru.practicum.shareit.user.UserControllerTest], using SpringBootContextLoader
2023-08-03 20:01:24,202 INFO org.springframework.test.context.support.AbstractContextLoader [main] Could not detect default resource locations for test class [ru.practicum.shareit.user.UserControllerTest]: no resource found for suffixes {-context.xml, Context.groovy}.
2023-08-03 20:01:24,202 INFO org.springframework.test.context.support.AnnotationConfigContextLoaderUtils [main] Could not detect default configuration classes for test class [ru.practicum.shareit.user.UserControllerTest]: UserControllerTest does not declare any static, non-private, non-final, nested classes annotated with @Configuration.
2023-08-03 20:01:24,207 INFO org.springframework.boot.test.context.SpringBootTestContextBootstrapper [main] Found @SpringBootConfiguration ru.practicum.shareit.ShareItGateway for test class ru.practicum.shareit.user.UserControllerTest
2023-08-03 20:01:24,208 INFO org.springframework.test.context.support.AbstractTestContextBootstrapper [main] Loaded default TestExecutionListener class names from location [META-INF/spring.factories]: [org.springframework.boot.test.mock.mockito.MockitoTestExecutionListener, org.springframework.boot.test.mock.mockito.ResetMocksTestExecutionListener, org.springframework.boot.test.autoconfigure.restdocs.RestDocsTestExecutionListener, org.springframework.boot.test.autoconfigure.web.client.MockRestServiceServerResetTestExecutionListener, org.springframework.boot.test.autoconfigure.web.servlet.MockMvcPrintOnlyOnFailureTestExecutionListener, org.springframework.boot.test.autoconfigure.web.servlet.WebDriverTestExecutionListener, org.springframework.boot.test.autoconfigure.webservices.client.MockWebServiceServerTestExecutionListener, org.springframework.test.context.web.ServletTestExecutionListener, org.springframework.test.context.support.DirtiesContextBeforeModesTestExecutionListener, org.springframework.test.context.event.ApplicationEventsTestExecutionListener, org.springframework.test.context.support.DependencyInjectionTestExecutionListener, org.springframework.test.context.support.DirtiesContextTestExecutionListener, org.springframework.test.context.transaction.TransactionalTestExecutionListener, org.springframework.test.context.jdbc.SqlScriptsTestExecutionListener, org.springframework.test.context.event.EventPublishingTestExecutionListener]
2023-08-03 20:01:24,208 INFO org.springframework.test.context.support.AbstractTestContextBootstrapper [main] Using TestExecutionListeners: [org.springframework.test.context.web.ServletTestExecutionListener@20e41f13, org.springframework.test.context.support.DirtiesContextBeforeModesTestExecutionListener@6fbfd28b, org.springframework.test.context.event.ApplicationEventsTestExecutionListener@3fa50a24, org.springframework.boot.test.mock.mockito.MockitoTestExecutionListener@58041b11, org.springframework.boot.test.autoconfigure.SpringBootDependencyInjectionTestExecutionListener@58189b85, org.springframework.test.context.support.DirtiesContextTestExecutionListener@49222187, org.springframework.test.context.event.EventPublishingTestExecutionListener@5e41e6ad, org.springframework.boot.test.mock.mockito.ResetMocksTestExecutionListener@2665a2e7, org.springframework.boot.test.autoconfigure.restdocs.RestDocsTestExecutionListener@3abdc11d, org.springframework.boot.test.autoconfigure.web.client.MockRestServiceServerResetTestExecutionListener@624be1d4, org.springframework.boot.test.autoconfigure.web.servlet.MockMvcPrintOnlyOnFailureTestExecutionListener@336e17be, org.springframework.boot.test.autoconfigure.web.servlet.WebDriverTestExecutionListener@3897f9ae, org.springframework.boot.test.autoconfigure.webservices.client.MockWebServiceServerTestExecutionListener@6c767288]
2023-08-03 20:01:24,224 INFO org.springframework.boot.StartupInfoLogger [main] Starting UserControllerTest using Java 18.0.2 on DESKTOP-HBQA1DH with PID 15000 (started by Aser in C:\Users\Aser\dev\java-shareit\shareIt-gateway)
2023-08-03 20:01:24,224 INFO org.springframework.boot.SpringApplication [main] The following 1 profile is active: "test"
2023-08-03 20:01:24,518 INFO org.springframework.mock.web.MockServletContext [main] Initializing Spring TestDispatcherServlet ''
2023-08-03 20:01:24,519 INFO org.springframework.web.servlet.FrameworkServlet [main] Initializing Servlet ''
2023-08-03 20:01:24,520 INFO org.springframework.web.servlet.FrameworkServlet [main] Completed initialization in 1 ms
2023-08-03 20:01:24,527 INFO org.springframework.boot.StartupInfoLogger [main] Started UserControllerTest in 0.317 seconds (JVM running for 5.826)
2023-08-03 20:01:24,536 INFO ru.practicum.shareit.ErrorHandler [main] Malformed JSON Request: Required request body is missing: public org.springframework.http.ResponseEntity<java.lang.Object> ru.practicum.shareit.user.UserController.update(ru.practicum.shareit.user.dto.UserDto,java.lang.Long)
2023-08-03 20:01:24,543 INFO ru.practicum.shareit.ErrorHandler [main] Method argument type mismatch: Failed to convert value of type 'java.lang.String' to required type 'java.lang.Long'; nested exception is java.lang.NumberFormatException: For input string: "0L"
2023-08-03 20:01:24,566 INFO ru.practicum.shareit.ErrorHandler [main] Malformed JSON Request: Required request body is missing: public org.springframework.http.ResponseEntity<java.lang.Object> ru.practicum.shareit.user.UserController.update(ru.practicum.shareit.user.dto.UserDto,java.lang.Long)
2023-08-03 20:01:24,573 INFO ru.practicum.shareit.ErrorHandler [main] Validation failed for field: email. Error message: Email can not be null
2023-08-03 20:01:24,579 INFO ru.practicum.shareit.user.UserController [main] Request to delete with id: 1
2023-08-03 20:01:24,583 INFO ru.practicum.shareit.ErrorHandler [main] Validation failed for field: id. Error message: ID should be positive
2023-08-03 20:01:24,589 INFO ru.practicum.shareit.ErrorHandler [main] Validation failed for field: email. Error message: Email can not be null
2023-08-03 20:01:24,594 INFO ru.practicum.shareit.ErrorHandler [main] Malformed JSON Request: Required request body is missing: public org.springframework.http.ResponseEntity<java.lang.Object> ru.practicum.shareit.user.UserController.create(ru.practicum.shareit.user.dto.UserDto)
2023-08-03 20:01:24,599 INFO ru.practicum.shareit.user.UserController [main] Has been updated: null
2023-08-03 20:01:24,604 INFO ru.practicum.shareit.user.UserController [main] Request to get user with ID: 1
2023-08-03 20:01:24,609 INFO ru.practicum.shareit.ErrorHandler [main] Validation failed for field: id. Error message: ID should be positive
2023-08-03 20:01:24,614 INFO ru.practicum.shareit.ErrorHandler [main] Method argument type mismatch: Failed to convert value of type 'java.lang.String' to required type 'java.lang.Long'; nested exception is java.lang.NumberFormatException: For input string: "1L"
2023-08-03 20:01:24,620 INFO ru.practicum.shareit.ErrorHandler [main] Method argument type mismatch: Failed to convert value of type 'java.lang.String' to required type 'java.lang.Long'; nested exception is java.lang.NumberFormatException: For input string: "1L"
2023-08-03 20:01:24,625 INFO ru.practicum.shareit.user.UserController [main] Request on get all
2023-08-03 20:01:24,631 INFO ru.practicum.shareit.ErrorHandler [main] Validation failed for field: email. Error message: Email is wrong
